<?xml version="1.0" encoding="UTF-8"?>
<robot generator="Robot 7.0 (Python 3.10.10 on win32)" generated="2024-02-29T14:51:25.810739" rpa="false" schemaversion="5">
<suite id="s1" name="Group1" source="C:\Users\Professional\PycharmProjects\RobotFramework\tests\Group1.robot">
<test id="s1-t1" name="Creating a New Chat Group" line="9">
<kw name="Setup Chrome Webdriver and Access URL" owner="Keywords" type="SETUP">
<kw name="Get Chromedriver Path" owner="driversync">
<msg time="2024-02-29T14:51:26.196826" level="INFO">====== WebDriver manager ======</msg>
<msg time="2024-02-29T14:51:26.892982" level="INFO">Get LATEST chromedriver version for google-chrome</msg>
<msg time="2024-02-29T14:51:27.111032" level="INFO">Get LATEST chromedriver version for google-chrome</msg>
<msg time="2024-02-29T14:51:27.239060" level="INFO">Driver [C:\Users\Professional\.wdm\drivers\chromedriver\win64\122.0.6261.94\chromedriver-win32/chromedriver.exe] found in cache</msg>
<msg time="2024-02-29T14:51:27.239060" level="INFO">C:\Users\Professional\.wdm\drivers\chromedriver\win64\122.0.6261.94\chromedriver-win32/chromedriver.exe</msg>
<msg time="2024-02-29T14:51:27.239060" level="INFO">${chromedriver_path} = C:\Users\Professional\.wdm\drivers\chromedriver\win64\122.0.6261.94\chromedriver-win32/chromedriver.exe</msg>
<var>${chromedriver_path}</var>
<status status="PASS" start="2024-02-29T14:51:26.196826" elapsed="1.042234"/>
</kw>
<kw name="Evaluate" owner="BuiltIn">
<msg time="2024-02-29T14:51:27.240061" level="INFO">${options} = &lt;selenium.webdriver.chrome.options.Options object at 0x000002206C84D600&gt;</msg>
<var>${options}</var>
<arg>sys.modules['selenium.webdriver'].ChromeOptions()</arg>
<arg>sys</arg>
<doc>Evaluates the given expression in Python and returns the result.</doc>
<status status="PASS" start="2024-02-29T14:51:27.240061" elapsed="0.000000"/>
</kw>
<kw name="Call Method" owner="BuiltIn">
<arg>${options}</arg>
<arg>add_argument</arg>
<arg>--disable-notifications</arg>
<doc>Calls the named method of the given object with the provided arguments.</doc>
<status status="PASS" start="2024-02-29T14:51:27.241060" elapsed="0.000000"/>
</kw>
<kw name="Call Method" owner="BuiltIn">
<arg>${options}</arg>
<arg>add_argument</arg>
<arg>--disable-infobars</arg>
<doc>Calls the named method of the given object with the provided arguments.</doc>
<status status="PASS" start="2024-02-29T14:51:27.241060" elapsed="0.000000"/>
</kw>
<kw name="Call Method" owner="BuiltIn">
<arg>${options}</arg>
<arg>add_argument</arg>
<arg>--disable-extensions</arg>
<doc>Calls the named method of the given object with the provided arguments.</doc>
<status status="PASS" start="2024-02-29T14:51:27.241060" elapsed="0.000000"/>
</kw>
<kw name="Call Method" owner="BuiltIn">
<arg>${options}</arg>
<arg>add_argument</arg>
<arg>--no-sandbox</arg>
<doc>Calls the named method of the given object with the provided arguments.</doc>
<status status="PASS" start="2024-02-29T14:51:27.241060" elapsed="0.000000"/>
</kw>
<kw name="Call Method" owner="BuiltIn">
<arg>${options}</arg>
<arg>add_argument</arg>
<arg>--start-maximized</arg>
<doc>Calls the named method of the given object with the provided arguments.</doc>
<status status="PASS" start="2024-02-29T14:51:27.242061" elapsed="0.000000"/>
</kw>
<kw name="Open Browser" owner="SeleniumLibrary">
<msg time="2024-02-29T14:51:27.242061" level="INFO">Opening browser 'chrome' to base url 'https://pre.bonp.me//member'.</msg>
<arg>https://pre.bonp.me//member</arg>
<arg>browser=chrome</arg>
<arg>options=${options}</arg>
<arg>executable_path=${chromedriver_path}</arg>
<doc>Opens a new browser instance to the optional ``url``.</doc>
<status status="PASS" start="2024-02-29T14:51:27.242061" elapsed="7.902430"/>
</kw>
<kw name="Set Selenium Implicit Wait" owner="SeleniumLibrary">
<arg>15s</arg>
<doc>Sets the implicit wait value used by Selenium.</doc>
<status status="PASS" start="2024-02-29T14:51:35.144491" elapsed="0.001001"/>
</kw>
<status status="PASS" start="2024-02-29T14:51:26.196826" elapsed="8.949665"/>
</kw>
<kw name="Set Variable" owner="BuiltIn">
<msg time="2024-02-29T14:51:35.146491" level="INFO">${my_group_name} = group1</msg>
<var>${my_group_name}</var>
<arg>group1</arg>
<doc>Returns the given values which can then be assigned to a variables.</doc>
<status status="PASS" start="2024-02-29T14:51:35.146491" elapsed="0.000000"/>
</kw>
<kw name="Login" owner="Keywords">
<kw name="Go To" owner="SeleniumLibrary">
<msg time="2024-02-29T14:51:35.147491" level="INFO">Opening url 'https://pre.bonp.me//member'</msg>
<arg>${environment}</arg>
<doc>Navigates the current browser window to the provided ``url``.</doc>
<status status="PASS" start="2024-02-29T14:51:35.147491" elapsed="0.550734"/>
</kw>
<kw name="Wait Until Element Is Visible and Enabled" owner="Keywords">
<kw name="Wait Until Element Is Visible" owner="SeleniumLibrary">
<arg>${locator}</arg>
<arg>timeout=${timeout}</arg>
<doc>Waits until the element ``locator`` is visible.</doc>
<status status="PASS" start="2024-02-29T14:51:35.699226" elapsed="0.024006"/>
</kw>
<kw name="Wait Until Element Is Enabled" owner="SeleniumLibrary">
<arg>${locator}</arg>
<arg>timeout=${timeout}</arg>
<doc>Waits until the element ``locator`` is enabled.</doc>
<status status="PASS" start="2024-02-29T14:51:35.723232" elapsed="0.025005"/>
</kw>
<arg>${email_input}</arg>
<status status="PASS" start="2024-02-29T14:51:35.698225" elapsed="0.050012"/>
</kw>
<kw name="Input Text" owner="SeleniumLibrary">
<msg time="2024-02-29T14:51:35.748237" level="INFO">Typing text 'alexandra@evolany.com' into text field '//input[@name='email']'.</msg>
<arg>${email_input}</arg>
<arg>${username}</arg>
<doc>Types the given ``text`` into the text field identified by ``locator``.</doc>
<status status="PASS" start="2024-02-29T14:51:35.748237" elapsed="0.105025"/>
</kw>
<kw name="Wait Until Element Is Visible and Enabled" owner="Keywords">
<kw name="Wait Until Element Is Visible" owner="SeleniumLibrary">
<arg>${locator}</arg>
<arg>timeout=${timeout}</arg>
<doc>Waits until the element ``locator`` is visible.</doc>
<status status="PASS" start="2024-02-29T14:51:35.854261" elapsed="0.022005"/>
</kw>
<kw name="Wait Until Element Is Enabled" owner="SeleniumLibrary">
<arg>${locator}</arg>
<arg>timeout=${timeout}</arg>
<doc>Waits until the element ``locator`` is enabled.</doc>
<status status="PASS" start="2024-02-29T14:51:35.876266" elapsed="0.021003"/>
</kw>
<arg>${pass_input}</arg>
<status status="PASS" start="2024-02-29T14:51:35.854261" elapsed="0.043008"/>
</kw>
<kw name="Input Text" owner="SeleniumLibrary">
<msg time="2024-02-29T14:51:35.898271" level="INFO">Typing text '221373897221373897qW!1' into text field '//input[@name='pass']'.</msg>
<arg>${pass_input}</arg>
<arg>${password}</arg>
<doc>Types the given ``text`` into the text field identified by ``locator``.</doc>
<status status="PASS" start="2024-02-29T14:51:35.898271" elapsed="0.079018"/>
</kw>
<kw name="Wait Until Element Is Visible and Enabled" owner="Keywords">
<kw name="Wait Until Element Is Visible" owner="SeleniumLibrary">
<arg>${locator}</arg>
<arg>timeout=${timeout}</arg>
<doc>Waits until the element ``locator`` is visible.</doc>
<status status="PASS" start="2024-02-29T14:51:35.978289" elapsed="0.018004"/>
</kw>
<kw name="Wait Until Element Is Enabled" owner="SeleniumLibrary">
<arg>${locator}</arg>
<arg>timeout=${timeout}</arg>
<doc>Waits until the element ``locator`` is enabled.</doc>
<status status="PASS" start="2024-02-29T14:51:35.996293" elapsed="0.018004"/>
</kw>
<arg>${submit_button}</arg>
<status status="PASS" start="2024-02-29T14:51:35.978289" elapsed="0.036008"/>
</kw>
<kw name="Click Button" owner="SeleniumLibrary">
<msg time="2024-02-29T14:51:36.014297" level="INFO">Clicking button '//button[@type='text']'.</msg>
<arg>${submit_button}</arg>
<doc>Clicks the button identified by ``locator``.</doc>
<status status="PASS" start="2024-02-29T14:51:36.014297" elapsed="0.048011"/>
</kw>
<arg>${credentials}[email]</arg>
<arg>${credentials}[password]</arg>
<status status="PASS" start="2024-02-29T14:51:35.147491" elapsed="0.914817"/>
</kw>
<kw name="Open Specified Bot" owner="Keywords">
<kw name="Wait Until Element Is Visible and Enabled" owner="Keywords">
<kw name="Wait Until Element Is Visible" owner="SeleniumLibrary">
<arg>${locator}</arg>
<arg>timeout=${timeout}</arg>
<doc>Waits until the element ``locator`` is visible.</doc>
<status status="PASS" start="2024-02-29T14:51:36.064309" elapsed="2.813215"/>
</kw>
<kw name="Wait Until Element Is Enabled" owner="SeleniumLibrary">
<arg>${locator}</arg>
<arg>timeout=${timeout}</arg>
<doc>Waits until the element ``locator`` is enabled.</doc>
<status status="PASS" start="2024-02-29T14:51:38.877524" elapsed="0.024005"/>
</kw>
<arg>${table_locator}</arg>
<status status="PASS" start="2024-02-29T14:51:36.063308" elapsed="2.838221"/>
</kw>
<kw name="Get WebElements" owner="SeleniumLibrary">
<msg time="2024-02-29T14:51:39.215599" level="INFO">${table_elements} = [&lt;selenium.webdriver.remote.webelement.WebElement (session="b757ef2190bfe88e6d6d2a5767362296", element="f.D29B95B007FE73E1EB10E2FF2DEF6571.d.B90D0F5F7C6C8E836F26634B05EF63BA.e.721")&gt;, &lt;selenium.webdri...</msg>
<var>${table_elements}</var>
<arg>${table_locator}//td</arg>
<doc>Returns a list of WebElement objects matching the ``locator``.</doc>
<status status="PASS" start="2024-02-29T14:51:38.902529" elapsed="0.313070"/>
</kw>
<for flavor="IN">
<iter>
<kw name="Get Text" owner="SeleniumLibrary">
<msg time="2024-02-29T14:51:39.227601" level="INFO">${cell_text} = 1160</msg>
<var>${cell_text}</var>
<arg>${cell_element}</arg>
<doc>Returns the text value of the element identified by ``locator``.</doc>
<status status="PASS" start="2024-02-29T14:51:39.215599" elapsed="0.012002"/>
</kw>
<kw name="Run Keyword If" owner="BuiltIn">
<arg>'${target_text}' in '${cell_text}'</arg>
<arg>Click Element</arg>
<arg>${cell_element}</arg>
<doc>Runs the given keyword with the given arguments, if ``condition`` is true.</doc>
<status status="PASS" start="2024-02-29T14:51:39.227601" elapsed="0.000000"/>
</kw>
<kw name="Exit For Loop If" owner="BuiltIn">
<arg>'${target_text}' in '${cell_text}'</arg>
<doc>Stops executing the enclosing FOR loop if the ``condition`` is true.</doc>
<status status="PASS" start="2024-02-29T14:51:39.227601" elapsed="0.001001"/>
</kw>
<var name="${cell_element}">&lt;selenium.webdriver.remote.webelement.WebElement (session="b757ef2190bfe88e6d6d2a5767362296", element="f.D29B95B007FE73E1EB10E2FF2DEF6571.d.B90D0F5F7C6C8E836F26634B05EF63BA.e.721")&gt;</var>
<status status="PASS" start="2024-02-29T14:51:39.215599" elapsed="0.013003"/>
</iter>
<iter>
<kw name="Get Text" owner="SeleniumLibrary">
<msg time="2024-02-29T14:51:39.235603" level="INFO">${cell_text} = test2</msg>
<var>${cell_text}</var>
<arg>${cell_element}</arg>
<doc>Returns the text value of the element identified by ``locator``.</doc>
<status status="PASS" start="2024-02-29T14:51:39.228602" elapsed="0.007001"/>
</kw>
<kw name="Run Keyword If" owner="BuiltIn">
<arg>'${target_text}' in '${cell_text}'</arg>
<arg>Click Element</arg>
<arg>${cell_element}</arg>
<doc>Runs the given keyword with the given arguments, if ``condition`` is true.</doc>
<status status="PASS" start="2024-02-29T14:51:39.235603" elapsed="0.000000"/>
</kw>
<kw name="Exit For Loop If" owner="BuiltIn">
<arg>'${target_text}' in '${cell_text}'</arg>
<doc>Stops executing the enclosing FOR loop if the ``condition`` is true.</doc>
<status status="PASS" start="2024-02-29T14:51:39.236603" elapsed="0.000000"/>
</kw>
<var name="${cell_element}">&lt;selenium.webdriver.remote.webelement.WebElement (session="b757ef2190bfe88e6d6d2a5767362296", element="f.D29B95B007FE73E1EB10E2FF2DEF6571.d.B90D0F5F7C6C8E836F26634B05EF63BA.e.723")&gt;</var>
<status status="PASS" start="2024-02-29T14:51:39.228602" elapsed="0.008001"/>
</iter>
<iter>
<kw name="Get Text" owner="SeleniumLibrary">
<msg time="2024-02-29T14:51:39.243605" level="INFO">${cell_text} = Alexandra</msg>
<var>${cell_text}</var>
<arg>${cell_element}</arg>
<doc>Returns the text value of the element identified by ``locator``.</doc>
<status status="PASS" start="2024-02-29T14:51:39.236603" elapsed="0.007002"/>
</kw>
<kw name="Run Keyword If" owner="BuiltIn">
<arg>'${target_text}' in '${cell_text}'</arg>
<arg>Click Element</arg>
<arg>${cell_element}</arg>
<doc>Runs the given keyword with the given arguments, if ``condition`` is true.</doc>
<status status="PASS" start="2024-02-29T14:51:39.244605" elapsed="0.000000"/>
</kw>
<kw name="Exit For Loop If" owner="BuiltIn">
<arg>'${target_text}' in '${cell_text}'</arg>
<doc>Stops executing the enclosing FOR loop if the ``condition`` is true.</doc>
<status status="PASS" start="2024-02-29T14:51:39.244605" elapsed="0.000000"/>
</kw>
<var name="${cell_element}">&lt;selenium.webdriver.remote.webelement.WebElement (session="b757ef2190bfe88e6d6d2a5767362296", element="f.D29B95B007FE73E1EB10E2FF2DEF6571.d.B90D0F5F7C6C8E836F26634B05EF63BA.e.725")&gt;</var>
<status status="PASS" start="2024-02-29T14:51:39.236603" elapsed="0.008002"/>
</iter>
<iter>
<kw name="Get Text" owner="SeleniumLibrary">
<msg time="2024-02-29T14:51:39.251606" level="INFO">${cell_text} = pro</msg>
<var>${cell_text}</var>
<arg>${cell_element}</arg>
<doc>Returns the text value of the element identified by ``locator``.</doc>
<status status="PASS" start="2024-02-29T14:51:39.245605" elapsed="0.006001"/>
</kw>
<kw name="Run Keyword If" owner="BuiltIn">
<arg>'${target_text}' in '${cell_text}'</arg>
<arg>Click Element</arg>
<arg>${cell_element}</arg>
<doc>Runs the given keyword with the given arguments, if ``condition`` is true.</doc>
<status status="PASS" start="2024-02-29T14:51:39.252607" elapsed="0.000000"/>
</kw>
<kw name="Exit For Loop If" owner="BuiltIn">
<arg>'${target_text}' in '${cell_text}'</arg>
<doc>Stops executing the enclosing FOR loop if the ``condition`` is true.</doc>
<status status="PASS" start="2024-02-29T14:51:39.252607" elapsed="0.000000"/>
</kw>
<var name="${cell_element}">&lt;selenium.webdriver.remote.webelement.WebElement (session="b757ef2190bfe88e6d6d2a5767362296", element="f.D29B95B007FE73E1EB10E2FF2DEF6571.d.B90D0F5F7C6C8E836F26634B05EF63BA.e.727")&gt;</var>
<status status="PASS" start="2024-02-29T14:51:39.244605" elapsed="0.008002"/>
</iter>
<iter>
<kw name="Get Text" owner="SeleniumLibrary">
<msg time="2024-02-29T14:51:39.259609" level="INFO">${cell_text} = 0</msg>
<var>${cell_text}</var>
<arg>${cell_element}</arg>
<doc>Returns the text value of the element identified by ``locator``.</doc>
<status status="PASS" start="2024-02-29T14:51:39.252607" elapsed="0.007002"/>
</kw>
<kw name="Run Keyword If" owner="BuiltIn">
<arg>'${target_text}' in '${cell_text}'</arg>
<arg>Click Element</arg>
<arg>${cell_element}</arg>
<doc>Runs the given keyword with the given arguments, if ``condition`` is true.</doc>
<status status="PASS" start="2024-02-29T14:51:39.260610" elapsed="0.000000"/>
</kw>
<kw name="Exit For Loop If" owner="BuiltIn">
<arg>'${target_text}' in '${cell_text}'</arg>
<doc>Stops executing the enclosing FOR loop if the ``condition`` is true.</doc>
<status status="PASS" start="2024-02-29T14:51:39.260610" elapsed="0.000000"/>
</kw>
<var name="${cell_element}">&lt;selenium.webdriver.remote.webelement.WebElement (session="b757ef2190bfe88e6d6d2a5767362296", element="f.D29B95B007FE73E1EB10E2FF2DEF6571.d.B90D0F5F7C6C8E836F26634B05EF63BA.e.729")&gt;</var>
<status status="PASS" start="2024-02-29T14:51:39.252607" elapsed="0.008003"/>
</iter>
<iter>
<kw name="Get Text" owner="SeleniumLibrary">
<msg time="2024-02-29T14:51:39.267610" level="INFO">${cell_text} = Alexandra</msg>
<var>${cell_text}</var>
<arg>${cell_element}</arg>
<doc>Returns the text value of the element identified by ``locator``.</doc>
<status status="PASS" start="2024-02-29T14:51:39.261608" elapsed="0.006002"/>
</kw>
<kw name="Run Keyword If" owner="BuiltIn">
<arg>'${target_text}' in '${cell_text}'</arg>
<arg>Click Element</arg>
<arg>${cell_element}</arg>
<doc>Runs the given keyword with the given arguments, if ``condition`` is true.</doc>
<status status="PASS" start="2024-02-29T14:51:39.268611" elapsed="0.000000"/>
</kw>
<kw name="Exit For Loop If" owner="BuiltIn">
<arg>'${target_text}' in '${cell_text}'</arg>
<doc>Stops executing the enclosing FOR loop if the ``condition`` is true.</doc>
<status status="PASS" start="2024-02-29T14:51:39.268611" elapsed="0.000000"/>
</kw>
<var name="${cell_element}">&lt;selenium.webdriver.remote.webelement.WebElement (session="b757ef2190bfe88e6d6d2a5767362296", element="f.D29B95B007FE73E1EB10E2FF2DEF6571.d.B90D0F5F7C6C8E836F26634B05EF63BA.e.731")&gt;</var>
<status status="PASS" start="2024-02-29T14:51:39.260610" elapsed="0.008001"/>
</iter>
<iter>
<kw name="Get Text" owner="SeleniumLibrary">
<msg time="2024-02-29T14:51:39.280614" level="INFO">${cell_text} = 2024-02-15</msg>
<var>${cell_text}</var>
<arg>${cell_element}</arg>
<doc>Returns the text value of the element identified by ``locator``.</doc>
<status status="PASS" start="2024-02-29T14:51:39.269610" elapsed="0.011004"/>
</kw>
<kw name="Run Keyword If" owner="BuiltIn">
<arg>'${target_text}' in '${cell_text}'</arg>
<arg>Click Element</arg>
<arg>${cell_element}</arg>
<doc>Runs the given keyword with the given arguments, if ``condition`` is true.</doc>
<status status="PASS" start="2024-02-29T14:51:39.280614" elapsed="0.000999"/>
</kw>
<kw name="Exit For Loop If" owner="BuiltIn">
<arg>'${target_text}' in '${cell_text}'</arg>
<doc>Stops executing the enclosing FOR loop if the ``condition`` is true.</doc>
<status status="PASS" start="2024-02-29T14:51:39.281613" elapsed="0.000000"/>
</kw>
<var name="${cell_element}">&lt;selenium.webdriver.remote.webelement.WebElement (session="b757ef2190bfe88e6d6d2a5767362296", element="f.D29B95B007FE73E1EB10E2FF2DEF6571.d.B90D0F5F7C6C8E836F26634B05EF63BA.e.733")&gt;</var>
<status status="PASS" start="2024-02-29T14:51:39.269610" elapsed="0.012003"/>
</iter>
<iter>
<kw name="Get Text" owner="SeleniumLibrary">
<msg time="2024-02-29T14:51:39.291616" level="INFO">${cell_text} = 2024-02-15</msg>
<var>${cell_text}</var>
<arg>${cell_element}</arg>
<doc>Returns the text value of the element identified by ``locator``.</doc>
<status status="PASS" start="2024-02-29T14:51:39.281613" elapsed="0.010003"/>
</kw>
<kw name="Run Keyword If" owner="BuiltIn">
<arg>'${target_text}' in '${cell_text}'</arg>
<arg>Click Element</arg>
<arg>${cell_element}</arg>
<doc>Runs the given keyword with the given arguments, if ``condition`` is true.</doc>
<status status="PASS" start="2024-02-29T14:51:39.291616" elapsed="0.000000"/>
</kw>
<kw name="Exit For Loop If" owner="BuiltIn">
<arg>'${target_text}' in '${cell_text}'</arg>
<doc>Stops executing the enclosing FOR loop if the ``condition`` is true.</doc>
<status status="PASS" start="2024-02-29T14:51:39.291616" elapsed="0.001000"/>
</kw>
<var name="${cell_element}">&lt;selenium.webdriver.remote.webelement.WebElement (session="b757ef2190bfe88e6d6d2a5767362296", element="f.D29B95B007FE73E1EB10E2FF2DEF6571.d.B90D0F5F7C6C8E836F26634B05EF63BA.e.735")&gt;</var>
<status status="PASS" start="2024-02-29T14:51:39.281613" elapsed="0.011003"/>
</iter>
<iter>
<kw name="Get Text" owner="SeleniumLibrary">
<msg time="2024-02-29T14:51:39.299618" level="INFO">${cell_text} = </msg>
<var>${cell_text}</var>
<arg>${cell_element}</arg>
<doc>Returns the text value of the element identified by ``locator``.</doc>
<status status="PASS" start="2024-02-29T14:51:39.292616" elapsed="0.007002"/>
</kw>
<kw name="Run Keyword If" owner="BuiltIn">
<arg>'${target_text}' in '${cell_text}'</arg>
<arg>Click Element</arg>
<arg>${cell_element}</arg>
<doc>Runs the given keyword with the given arguments, if ``condition`` is true.</doc>
<status status="PASS" start="2024-02-29T14:51:39.299618" elapsed="0.000000"/>
</kw>
<kw name="Exit For Loop If" owner="BuiltIn">
<arg>'${target_text}' in '${cell_text}'</arg>
<doc>Stops executing the enclosing FOR loop if the ``condition`` is true.</doc>
<status status="PASS" start="2024-02-29T14:51:39.300619" elapsed="0.000000"/>
</kw>
<var name="${cell_element}">&lt;selenium.webdriver.remote.webelement.WebElement (session="b757ef2190bfe88e6d6d2a5767362296", element="f.D29B95B007FE73E1EB10E2FF2DEF6571.d.B90D0F5F7C6C8E836F26634B05EF63BA.e.741")&gt;</var>
<status status="PASS" start="2024-02-29T14:51:39.292616" elapsed="0.008003"/>
</iter>
<iter>
<kw name="Get Text" owner="SeleniumLibrary">
<msg time="2024-02-29T14:51:39.307620" level="INFO">${cell_text} = 1159</msg>
<var>${cell_text}</var>
<arg>${cell_element}</arg>
<doc>Returns the text value of the element identified by ``locator``.</doc>
<status status="PASS" start="2024-02-29T14:51:39.300619" elapsed="0.007001"/>
</kw>
<kw name="Run Keyword If" owner="BuiltIn">
<arg>'${target_text}' in '${cell_text}'</arg>
<arg>Click Element</arg>
<arg>${cell_element}</arg>
<doc>Runs the given keyword with the given arguments, if ``condition`` is true.</doc>
<status status="PASS" start="2024-02-29T14:51:39.307620" elapsed="0.000000"/>
</kw>
<kw name="Exit For Loop If" owner="BuiltIn">
<arg>'${target_text}' in '${cell_text}'</arg>
<doc>Stops executing the enclosing FOR loop if the ``condition`` is true.</doc>
<status status="PASS" start="2024-02-29T14:51:39.308619" elapsed="0.000000"/>
</kw>
<var name="${cell_element}">&lt;selenium.webdriver.remote.webelement.WebElement (session="b757ef2190bfe88e6d6d2a5767362296", element="f.D29B95B007FE73E1EB10E2FF2DEF6571.d.B90D0F5F7C6C8E836F26634B05EF63BA.e.698")&gt;</var>
<status status="PASS" start="2024-02-29T14:51:39.300619" elapsed="0.008000"/>
</iter>
<iter>
<kw name="Get Text" owner="SeleniumLibrary">
<msg time="2024-02-29T14:51:39.314621" level="INFO">${cell_text} = test1</msg>
<var>${cell_text}</var>
<arg>${cell_element}</arg>
<doc>Returns the text value of the element identified by ``locator``.</doc>
<status status="PASS" start="2024-02-29T14:51:39.308619" elapsed="0.006002"/>
</kw>
<kw name="Run Keyword If" owner="BuiltIn">
<kw name="Click Element" owner="SeleniumLibrary">
<msg time="2024-02-29T14:51:39.315622" level="INFO">Clicking element '&lt;selenium.webdriver.remote.webelement.WebElement (session="b757ef2190bfe88e6d6d2a5767362296", element="f.D29B95B007FE73E1EB10E2FF2DEF6571.d.B90D0F5F7C6C8E836F26634B05EF63BA.e.700")&gt;'.</msg>
<arg>${cell_element}</arg>
<doc>Click the element identified by ``locator``.</doc>
<status status="PASS" start="2024-02-29T14:51:39.315622" elapsed="0.037008"/>
</kw>
<arg>'${target_text}' in '${cell_text}'</arg>
<arg>Click Element</arg>
<arg>${cell_element}</arg>
<doc>Runs the given keyword with the given arguments, if ``condition`` is true.</doc>
<status status="PASS" start="2024-02-29T14:51:39.315622" elapsed="0.037008"/>
</kw>
<kw name="Exit For Loop If" owner="BuiltIn">
<msg time="2024-02-29T14:51:39.353633" level="INFO">Exiting for loop altogether.</msg>
<arg>'${target_text}' in '${cell_text}'</arg>
<doc>Stops executing the enclosing FOR loop if the ``condition`` is true.</doc>
<status status="PASS" start="2024-02-29T14:51:39.352630" elapsed="0.001003"/>
</kw>
<var name="${cell_element}">&lt;selenium.webdriver.remote.webelement.WebElement (session="b757ef2190bfe88e6d6d2a5767362296", element="f.D29B95B007FE73E1EB10E2FF2DEF6571.d.B90D0F5F7C6C8E836F26634B05EF63BA.e.700")&gt;</var>
<status status="PASS" start="2024-02-29T14:51:39.308619" elapsed="0.045014"/>
</iter>
<var>${cell_element}</var>
<value>@{table_elements}</value>
<status status="PASS" start="2024-02-29T14:51:39.215599" elapsed="0.138034"/>
</for>
<kw name="Wait Until Page Does Not Contain Element" owner="SeleniumLibrary">
<arg>${loader_screen}</arg>
<arg>timeout=30s</arg>
<doc>Waits until the element ``locator`` disappears from the current page.</doc>
<status status="PASS" start="2024-02-29T14:51:39.353633" elapsed="19.037001"/>
</kw>
<arg>${bot_names_list}</arg>
<arg>${my_api10_bot_name}</arg>
<status status="PASS" start="2024-02-29T14:51:36.063308" elapsed="22.327326"/>
</kw>
<kw name="Go To Chatflow Tab" owner="Keywords">
<kw name="Click Element" owner="SeleniumLibrary">
<msg time="2024-02-29T14:51:58.391634" level="INFO">Clicking element '//dd[@name='navi-flow']'.</msg>
<arg>${chatflow_tab}</arg>
<doc>Click the element identified by ``locator``.</doc>
<status status="PASS" start="2024-02-29T14:51:58.391634" elapsed="0.051013"/>
</kw>
<kw name="Wait Until Element Is Visible and Enabled" owner="Keywords">
<kw name="Wait Until Element Is Visible" owner="SeleniumLibrary">
<arg>${locator}</arg>
<arg>timeout=${timeout}</arg>
<doc>Waits until the element ``locator`` is visible.</doc>
<status status="PASS" start="2024-02-29T14:51:58.444647" elapsed="0.018004"/>
</kw>
<kw name="Wait Until Element Is Enabled" owner="SeleniumLibrary">
<arg>${locator}</arg>
<arg>timeout=${timeout}</arg>
<doc>Waits until the element ``locator`` is enabled.</doc>
<status status="PASS" start="2024-02-29T14:51:58.462651" elapsed="0.022005"/>
</kw>
<arg>${add_new_group}</arg>
<status status="PASS" start="2024-02-29T14:51:58.443650" elapsed="0.041006"/>
</kw>
<status status="PASS" start="2024-02-29T14:51:58.390634" elapsed="0.094022"/>
</kw>
<kw name="Mouse Over" owner="SeleniumLibrary">
<msg time="2024-02-29T14:51:58.485655" level="INFO">Simulating Mouse Over on element '(//button[@class='icon plus-square'])[1]'.</msg>
<arg>${add_new_group}</arg>
<doc>Simulates hovering the mouse over the element ``locator``.</doc>
<status status="PASS" start="2024-02-29T14:51:58.484656" elapsed="0.317072"/>
</kw>
<kw name="Click My Element" owner="Keywords">
<kw name="Wait Until Element Is Visible and Enabled" owner="Keywords">
<kw name="Wait Until Element Is Visible" owner="SeleniumLibrary">
<arg>${locator}</arg>
<arg>timeout=${timeout}</arg>
<doc>Waits until the element ``locator`` is visible.</doc>
<status status="PASS" start="2024-02-29T14:51:58.802735" elapsed="0.015997"/>
</kw>
<kw name="Wait Until Element Is Enabled" owner="SeleniumLibrary">
<arg>${locator}</arg>
<arg>timeout=${timeout}</arg>
<doc>Waits until the element ``locator`` is enabled.</doc>
<status status="PASS" start="2024-02-29T14:51:58.818732" elapsed="0.017002"/>
</kw>
<arg>${my_element_locator}</arg>
<status status="PASS" start="2024-02-29T14:51:58.802735" elapsed="0.034001"/>
</kw>
<kw name="Click Element" owner="SeleniumLibrary">
<msg time="2024-02-29T14:51:58.836736" level="INFO">Clicking element '//dd[@class='new-group']'.</msg>
<arg>${my_element_locator}</arg>
<doc>Click the element identified by ``locator``.</doc>
<status status="PASS" start="2024-02-29T14:51:58.836736" elapsed="0.038008"/>
</kw>
<arg>${new_group}</arg>
<status status="PASS" start="2024-02-29T14:51:58.801728" elapsed="0.074016"/>
</kw>
<kw name="Wait Until Element Is Visible and Enabled" owner="Keywords">
<kw name="Wait Until Element Is Visible" owner="SeleniumLibrary">
<arg>${locator}</arg>
<arg>timeout=${timeout}</arg>
<doc>Waits until the element ``locator`` is visible.</doc>
<status status="PASS" start="2024-02-29T14:51:58.876744" elapsed="0.025006"/>
</kw>
<kw name="Wait Until Element Is Enabled" owner="SeleniumLibrary">
<arg>${locator}</arg>
<arg>timeout=${timeout}</arg>
<doc>Waits until the element ``locator`` is enabled.</doc>
<status status="PASS" start="2024-02-29T14:51:58.902751" elapsed="0.021004"/>
</kw>
<arg>${new_group_name}</arg>
<status status="PASS" start="2024-02-29T14:51:58.876744" elapsed="0.047011"/>
</kw>
<kw name="Type In And Press Enter" owner="Keywords">
<kw name="Clear Element Text" owner="SeleniumLibrary">
<arg>${locator}</arg>
<doc>Clears the value of the text-input-element identified by ``locator``.</doc>
<status status="PASS" start="2024-02-29T14:51:58.924755" elapsed="0.025006"/>
</kw>
<kw name="Input Text" owner="SeleniumLibrary">
<msg time="2024-02-29T14:51:58.950761" level="INFO">Typing text 'group1' into text field '//li[@class='group_0 editing on']//input[@type='text']'.</msg>
<arg>${locator}</arg>
<arg>${text}</arg>
<doc>Types the given ``text`` into the text field identified by ``locator``.</doc>
<status status="PASS" start="2024-02-29T14:51:58.949761" elapsed="0.048012"/>
</kw>
<kw name="Press Keys" owner="SeleniumLibrary">
<msg time="2024-02-29T14:51:58.997773" level="INFO">Sending key(s) ('ENTER',) to //li[@class='group_0 editing on']//input[@type='text'] element.</msg>
<msg time="2024-02-29T14:51:59.281345" level="INFO">Pressing special key ENTER to element.</msg>
<msg time="2024-02-29T14:51:59.281345" level="INFO">Releasing special key ENTER.</msg>
<arg>${locator}</arg>
<arg>ENTER</arg>
<doc>Simulates the user pressing key(s) to an element or on the active browser.</doc>
<status status="PASS" start="2024-02-29T14:51:58.997773" elapsed="0.289574"/>
</kw>
<arg>${new_group_name}</arg>
<arg>${my_group_name}</arg>
<status status="PASS" start="2024-02-29T14:51:58.923755" elapsed="0.363592"/>
</kw>
<kw name="Wait Until Element Is Visible and Enabled" owner="Keywords">
<kw name="Wait Until Element Is Visible" owner="SeleniumLibrary">
<arg>${locator}</arg>
<arg>timeout=${timeout}</arg>
<doc>Waits until the element ``locator`` is visible.</doc>
<status status="PASS" start="2024-02-29T14:51:59.288346" elapsed="0.464609"/>
</kw>
<kw name="Wait Until Element Is Enabled" owner="SeleniumLibrary">
<arg>${locator}</arg>
<arg>timeout=${timeout}</arg>
<doc>Waits until the element ``locator`` is enabled.</doc>
<status status="PASS" start="2024-02-29T14:51:59.752955" elapsed="0.017005"/>
</kw>
<arg>${group1}</arg>
<status status="PASS" start="2024-02-29T14:51:59.288346" elapsed="0.481614"/>
</kw>
<kw name="Close Browser" owner="SeleniumLibrary" type="TEARDOWN">
<doc>Closes the current browser.</doc>
<status status="PASS" start="2024-02-29T14:51:59.770961" elapsed="2.223513"/>
</kw>
<doc>This test adds group1 to a BR V2 API1.0 bot</doc>
<tag>API1.0</tag>
<tag>AppTab</tag>
<tag>Regression</tag>
<tag>Test1</tag>
<status status="PASS" start="2024-02-29T14:51:26.195826" elapsed="35.798648"/>
</test>
<test id="s1-t2" name="Creating text items (actions)" line="32">
<kw name="Setup Chrome Webdriver and Access URL" owner="Keywords" type="SETUP">
<kw name="Get Chromedriver Path" owner="driversync">
<msg time="2024-02-29T14:52:01.996461" level="INFO">====== WebDriver manager ======</msg>
<msg time="2024-02-29T14:52:02.618105" level="INFO">Get LATEST chromedriver version for google-chrome</msg>
<msg time="2024-02-29T14:52:02.733131" level="INFO">Get LATEST chromedriver version for google-chrome</msg>
<msg time="2024-02-29T14:52:02.846156" level="INFO">Driver [C:\Users\Professional\.wdm\drivers\chromedriver\win64\122.0.6261.94\chromedriver-win32/chromedriver.exe] found in cache</msg>
<msg time="2024-02-29T14:52:02.846156" level="INFO">C:\Users\Professional\.wdm\drivers\chromedriver\win64\122.0.6261.94\chromedriver-win32/chromedriver.exe</msg>
<msg time="2024-02-29T14:52:02.846156" level="INFO">${chromedriver_path} = C:\Users\Professional\.wdm\drivers\chromedriver\win64\122.0.6261.94\chromedriver-win32/chromedriver.exe</msg>
<var>${chromedriver_path}</var>
<status status="PASS" start="2024-02-29T14:52:01.996461" elapsed="0.849695"/>
</kw>
<kw name="Evaluate" owner="BuiltIn">
<msg time="2024-02-29T14:52:02.847158" level="INFO">${options} = &lt;selenium.webdriver.chrome.options.Options object at 0x000002206C8D5AE0&gt;</msg>
<var>${options}</var>
<arg>sys.modules['selenium.webdriver'].ChromeOptions()</arg>
<arg>sys</arg>
<doc>Evaluates the given expression in Python and returns the result.</doc>
<status status="PASS" start="2024-02-29T14:52:02.847158" elapsed="0.000000"/>
</kw>
<kw name="Call Method" owner="BuiltIn">
<arg>${options}</arg>
<arg>add_argument</arg>
<arg>--disable-notifications</arg>
<doc>Calls the named method of the given object with the provided arguments.</doc>
<status status="PASS" start="2024-02-29T14:52:02.847158" elapsed="0.000000"/>
</kw>
<kw name="Call Method" owner="BuiltIn">
<arg>${options}</arg>
<arg>add_argument</arg>
<arg>--disable-infobars</arg>
<doc>Calls the named method of the given object with the provided arguments.</doc>
<status status="PASS" start="2024-02-29T14:52:02.847158" elapsed="0.000000"/>
</kw>
<kw name="Call Method" owner="BuiltIn">
<arg>${options}</arg>
<arg>add_argument</arg>
<arg>--disable-extensions</arg>
<doc>Calls the named method of the given object with the provided arguments.</doc>
<status status="PASS" start="2024-02-29T14:52:02.848157" elapsed="0.000000"/>
</kw>
<kw name="Call Method" owner="BuiltIn">
<arg>${options}</arg>
<arg>add_argument</arg>
<arg>--no-sandbox</arg>
<doc>Calls the named method of the given object with the provided arguments.</doc>
<status status="PASS" start="2024-02-29T14:52:02.848157" elapsed="0.000000"/>
</kw>
<kw name="Call Method" owner="BuiltIn">
<arg>${options}</arg>
<arg>add_argument</arg>
<arg>--start-maximized</arg>
<doc>Calls the named method of the given object with the provided arguments.</doc>
<status status="PASS" start="2024-02-29T14:52:02.848157" elapsed="0.000000"/>
</kw>
<kw name="Open Browser" owner="SeleniumLibrary">
<msg time="2024-02-29T14:52:02.849158" level="INFO">Opening browser 'chrome' to base url 'https://pre.bonp.me//member'.</msg>
<arg>https://pre.bonp.me//member</arg>
<arg>browser=chrome</arg>
<arg>options=${options}</arg>
<arg>executable_path=${chromedriver_path}</arg>
<doc>Opens a new browser instance to the optional ``url``.</doc>
<status status="PASS" start="2024-02-29T14:52:02.848157" elapsed="7.879032"/>
</kw>
<kw name="Set Selenium Implicit Wait" owner="SeleniumLibrary">
<arg>15s</arg>
<doc>Sets the implicit wait value used by Selenium.</doc>
<status status="PASS" start="2024-02-29T14:52:10.728188" elapsed="0.001000"/>
</kw>
<status status="PASS" start="2024-02-29T14:52:01.996461" elapsed="8.732727"/>
</kw>
<kw name="Create List" owner="BuiltIn">
<msg time="2024-02-29T14:52:10.730189" level="INFO">${my_item_name} = ['textitem1', 'textitem2', 'textitem3', 'textitem4']</msg>
<var>${my_item_name}</var>
<arg>textitem1</arg>
<arg>textitem2</arg>
<arg>textitem3</arg>
<arg>textitem4</arg>
<doc>Returns a list containing given items.</doc>
<status status="PASS" start="2024-02-29T14:52:10.730189" elapsed="0.000000"/>
</kw>
<kw name="Login" owner="Keywords">
<kw name="Go To" owner="SeleniumLibrary">
<msg time="2024-02-29T14:52:10.731189" level="INFO">Opening url 'https://pre.bonp.me//member'</msg>
<arg>${environment}</arg>
<doc>Navigates the current browser window to the provided ``url``.</doc>
<status status="PASS" start="2024-02-29T14:52:10.731189" elapsed="0.564129"/>
</kw>
<kw name="Wait Until Element Is Visible and Enabled" owner="Keywords">
<kw name="Wait Until Element Is Visible" owner="SeleniumLibrary">
<arg>${locator}</arg>
<arg>timeout=${timeout}</arg>
<doc>Waits until the element ``locator`` is visible.</doc>
<status status="PASS" start="2024-02-29T14:52:11.296318" elapsed="0.025005"/>
</kw>
<kw name="Wait Until Element Is Enabled" owner="SeleniumLibrary">
<arg>${locator}</arg>
<arg>timeout=${timeout}</arg>
<doc>Waits until the element ``locator`` is enabled.</doc>
<status status="PASS" start="2024-02-29T14:52:11.321323" elapsed="0.024005"/>
</kw>
<arg>${email_input}</arg>
<status status="PASS" start="2024-02-29T14:52:11.296318" elapsed="0.049010"/>
</kw>
<kw name="Input Text" owner="SeleniumLibrary">
<msg time="2024-02-29T14:52:11.346328" level="INFO">Typing text 'alexandra@evolany.com' into text field '//input[@name='email']'.</msg>
<arg>${email_input}</arg>
<arg>${username}</arg>
<doc>Types the given ``text`` into the text field identified by ``locator``.</doc>
<status status="PASS" start="2024-02-29T14:52:11.345328" elapsed="0.105025"/>
</kw>
<kw name="Wait Until Element Is Visible and Enabled" owner="Keywords">
<kw name="Wait Until Element Is Visible" owner="SeleniumLibrary">
<arg>${locator}</arg>
<arg>timeout=${timeout}</arg>
<doc>Waits until the element ``locator`` is visible.</doc>
<status status="PASS" start="2024-02-29T14:52:11.451352" elapsed="0.024005"/>
</kw>
<kw name="Wait Until Element Is Enabled" owner="SeleniumLibrary">
<arg>${locator}</arg>
<arg>timeout=${timeout}</arg>
<doc>Waits until the element ``locator`` is enabled.</doc>
<status status="PASS" start="2024-02-29T14:52:11.476357" elapsed="0.022006"/>
</kw>
<arg>${pass_input}</arg>
<status status="PASS" start="2024-02-29T14:52:11.450353" elapsed="0.048010"/>
</kw>
<kw name="Input Text" owner="SeleniumLibrary">
<msg time="2024-02-29T14:52:11.499363" level="INFO">Typing text '221373897221373897qW!1' into text field '//input[@name='pass']'.</msg>
<arg>${pass_input}</arg>
<arg>${password}</arg>
<doc>Types the given ``text`` into the text field identified by ``locator``.</doc>
<status status="PASS" start="2024-02-29T14:52:11.499363" elapsed="0.080018"/>
</kw>
<kw name="Wait Until Element Is Visible and Enabled" owner="Keywords">
<kw name="Wait Until Element Is Visible" owner="SeleniumLibrary">
<arg>${locator}</arg>
<arg>timeout=${timeout}</arg>
<doc>Waits until the element ``locator`` is visible.</doc>
<status status="PASS" start="2024-02-29T14:52:11.580381" elapsed="0.017004"/>
</kw>
<kw name="Wait Until Element Is Enabled" owner="SeleniumLibrary">
<arg>${locator}</arg>
<arg>timeout=${timeout}</arg>
<doc>Waits until the element ``locator`` is enabled.</doc>
<status status="PASS" start="2024-02-29T14:52:11.597385" elapsed="0.019003"/>
</kw>
<arg>${submit_button}</arg>
<status status="PASS" start="2024-02-29T14:52:11.579381" elapsed="0.037007"/>
</kw>
<kw name="Click Button" owner="SeleniumLibrary">
<msg time="2024-02-29T14:52:11.617391" level="INFO">Clicking button '//button[@type='text']'.</msg>
<arg>${submit_button}</arg>
<doc>Clicks the button identified by ``locator``.</doc>
<status status="PASS" start="2024-02-29T14:52:11.617391" elapsed="0.048010"/>
</kw>
<arg>${credentials}[email]</arg>
<arg>${credentials}[password]</arg>
<status status="PASS" start="2024-02-29T14:52:10.730189" elapsed="0.935212"/>
</kw>
<kw name="Open Specified Bot" owner="Keywords">
<kw name="Wait Until Element Is Visible and Enabled" owner="Keywords">
<kw name="Wait Until Element Is Visible" owner="SeleniumLibrary">
<arg>${locator}</arg>
<arg>timeout=${timeout}</arg>
<doc>Waits until the element ``locator`` is visible.</doc>
<status status="PASS" start="2024-02-29T14:52:11.669401" elapsed="2.675569"/>
</kw>
<kw name="Wait Until Element Is Enabled" owner="SeleniumLibrary">
<arg>${locator}</arg>
<arg>timeout=${timeout}</arg>
<doc>Waits until the element ``locator`` is enabled.</doc>
<status status="PASS" start="2024-02-29T14:52:14.344970" elapsed="0.021004"/>
</kw>
<arg>${table_locator}</arg>
<status status="PASS" start="2024-02-29T14:52:11.668401" elapsed="2.698575"/>
</kw>
<kw name="Get WebElements" owner="SeleniumLibrary">
<msg time="2024-02-29T14:52:14.697049" level="INFO">${table_elements} = [&lt;selenium.webdriver.remote.webelement.WebElement (session="f12da6d65c8113066285491967d07dc5", element="f.F6C7C5446CE931D7208B4A13D36A284F.d.FB5BB57321B557F05685DC0309D6446C.e.721")&gt;, &lt;selenium.webdri...</msg>
<var>${table_elements}</var>
<arg>${table_locator}//td</arg>
<doc>Returns a list of WebElement objects matching the ``locator``.</doc>
<status status="PASS" start="2024-02-29T14:52:14.366976" elapsed="0.330073"/>
</kw>
<for flavor="IN">
<iter>
<kw name="Get Text" owner="SeleniumLibrary">
<msg time="2024-02-29T14:52:14.708051" level="INFO">${cell_text} = 1160</msg>
<var>${cell_text}</var>
<arg>${cell_element}</arg>
<doc>Returns the text value of the element identified by ``locator``.</doc>
<status status="PASS" start="2024-02-29T14:52:14.697049" elapsed="0.011002"/>
</kw>
<kw name="Run Keyword If" owner="BuiltIn">
<arg>'${target_text}' in '${cell_text}'</arg>
<arg>Click Element</arg>
<arg>${cell_element}</arg>
<doc>Runs the given keyword with the given arguments, if ``condition`` is true.</doc>
<status status="PASS" start="2024-02-29T14:52:14.709052" elapsed="0.000000"/>
</kw>
<kw name="Exit For Loop If" owner="BuiltIn">
<arg>'${target_text}' in '${cell_text}'</arg>
<doc>Stops executing the enclosing FOR loop if the ``condition`` is true.</doc>
<status status="PASS" start="2024-02-29T14:52:14.709052" elapsed="0.000000"/>
</kw>
<var name="${cell_element}">&lt;selenium.webdriver.remote.webelement.WebElement (session="f12da6d65c8113066285491967d07dc5", element="f.F6C7C5446CE931D7208B4A13D36A284F.d.FB5BB57321B557F05685DC0309D6446C.e.721")&gt;</var>
<status status="PASS" start="2024-02-29T14:52:14.697049" elapsed="0.012003"/>
</iter>
<iter>
<kw name="Get Text" owner="SeleniumLibrary">
<msg time="2024-02-29T14:52:14.716053" level="INFO">${cell_text} = test2</msg>
<var>${cell_text}</var>
<arg>${cell_element}</arg>
<doc>Returns the text value of the element identified by ``locator``.</doc>
<status status="PASS" start="2024-02-29T14:52:14.710051" elapsed="0.006002"/>
</kw>
<kw name="Run Keyword If" owner="BuiltIn">
<arg>'${target_text}' in '${cell_text}'</arg>
<arg>Click Element</arg>
<arg>${cell_element}</arg>
<doc>Runs the given keyword with the given arguments, if ``condition`` is true.</doc>
<status status="PASS" start="2024-02-29T14:52:14.716053" elapsed="0.000000"/>
</kw>
<kw name="Exit For Loop If" owner="BuiltIn">
<arg>'${target_text}' in '${cell_text}'</arg>
<doc>Stops executing the enclosing FOR loop if the ``condition`` is true.</doc>
<status status="PASS" start="2024-02-29T14:52:14.716053" elapsed="0.001000"/>
</kw>
<var name="${cell_element}">&lt;selenium.webdriver.remote.webelement.WebElement (session="f12da6d65c8113066285491967d07dc5", element="f.F6C7C5446CE931D7208B4A13D36A284F.d.FB5BB57321B557F05685DC0309D6446C.e.723")&gt;</var>
<status status="PASS" start="2024-02-29T14:52:14.709052" elapsed="0.008001"/>
</iter>
<iter>
<kw name="Get Text" owner="SeleniumLibrary">
<msg time="2024-02-29T14:52:14.733056" level="INFO">${cell_text} = Alexandra</msg>
<var>${cell_text}</var>
<arg>${cell_element}</arg>
<doc>Returns the text value of the element identified by ``locator``.</doc>
<status status="PASS" start="2024-02-29T14:52:14.717053" elapsed="0.016003"/>
</kw>
<kw name="Run Keyword If" owner="BuiltIn">
<arg>'${target_text}' in '${cell_text}'</arg>
<arg>Click Element</arg>
<arg>${cell_element}</arg>
<doc>Runs the given keyword with the given arguments, if ``condition`` is true.</doc>
<status status="PASS" start="2024-02-29T14:52:14.733056" elapsed="0.000000"/>
</kw>
<kw name="Exit For Loop If" owner="BuiltIn">
<arg>'${target_text}' in '${cell_text}'</arg>
<doc>Stops executing the enclosing FOR loop if the ``condition`` is true.</doc>
<status status="PASS" start="2024-02-29T14:52:14.733056" elapsed="0.001000"/>
</kw>
<var name="${cell_element}">&lt;selenium.webdriver.remote.webelement.WebElement (session="f12da6d65c8113066285491967d07dc5", element="f.F6C7C5446CE931D7208B4A13D36A284F.d.FB5BB57321B557F05685DC0309D6446C.e.725")&gt;</var>
<status status="PASS" start="2024-02-29T14:52:14.717053" elapsed="0.017003"/>
</iter>
<iter>
<kw name="Get Text" owner="SeleniumLibrary">
<msg time="2024-02-29T14:52:14.740058" level="INFO">${cell_text} = pro</msg>
<var>${cell_text}</var>
<arg>${cell_element}</arg>
<doc>Returns the text value of the element identified by ``locator``.</doc>
<status status="PASS" start="2024-02-29T14:52:14.734056" elapsed="0.006002"/>
</kw>
<kw name="Run Keyword If" owner="BuiltIn">
<arg>'${target_text}' in '${cell_text}'</arg>
<arg>Click Element</arg>
<arg>${cell_element}</arg>
<doc>Runs the given keyword with the given arguments, if ``condition`` is true.</doc>
<status status="PASS" start="2024-02-29T14:52:14.741058" elapsed="0.000000"/>
</kw>
<kw name="Exit For Loop If" owner="BuiltIn">
<arg>'${target_text}' in '${cell_text}'</arg>
<doc>Stops executing the enclosing FOR loop if the ``condition`` is true.</doc>
<status status="PASS" start="2024-02-29T14:52:14.741058" elapsed="0.000000"/>
</kw>
<var name="${cell_element}">&lt;selenium.webdriver.remote.webelement.WebElement (session="f12da6d65c8113066285491967d07dc5", element="f.F6C7C5446CE931D7208B4A13D36A284F.d.FB5BB57321B557F05685DC0309D6446C.e.727")&gt;</var>
<status status="PASS" start="2024-02-29T14:52:14.734056" elapsed="0.007002"/>
</iter>
<iter>
<kw name="Get Text" owner="SeleniumLibrary">
<msg time="2024-02-29T14:52:14.748059" level="INFO">${cell_text} = 0</msg>
<var>${cell_text}</var>
<arg>${cell_element}</arg>
<doc>Returns the text value of the element identified by ``locator``.</doc>
<status status="PASS" start="2024-02-29T14:52:14.741058" elapsed="0.007001"/>
</kw>
<kw name="Run Keyword If" owner="BuiltIn">
<arg>'${target_text}' in '${cell_text}'</arg>
<arg>Click Element</arg>
<arg>${cell_element}</arg>
<doc>Runs the given keyword with the given arguments, if ``condition`` is true.</doc>
<status status="PASS" start="2024-02-29T14:52:14.748059" elapsed="0.000000"/>
</kw>
<kw name="Exit For Loop If" owner="BuiltIn">
<arg>'${target_text}' in '${cell_text}'</arg>
<doc>Stops executing the enclosing FOR loop if the ``condition`` is true.</doc>
<status status="PASS" start="2024-02-29T14:52:14.749059" elapsed="0.000000"/>
</kw>
<var name="${cell_element}">&lt;selenium.webdriver.remote.webelement.WebElement (session="f12da6d65c8113066285491967d07dc5", element="f.F6C7C5446CE931D7208B4A13D36A284F.d.FB5BB57321B557F05685DC0309D6446C.e.729")&gt;</var>
<status status="PASS" start="2024-02-29T14:52:14.741058" elapsed="0.008001"/>
</iter>
<iter>
<kw name="Get Text" owner="SeleniumLibrary">
<msg time="2024-02-29T14:52:14.755061" level="INFO">${cell_text} = Alexandra</msg>
<var>${cell_text}</var>
<arg>${cell_element}</arg>
<doc>Returns the text value of the element identified by ``locator``.</doc>
<status status="PASS" start="2024-02-29T14:52:14.749059" elapsed="0.007003"/>
</kw>
<kw name="Run Keyword If" owner="BuiltIn">
<arg>'${target_text}' in '${cell_text}'</arg>
<arg>Click Element</arg>
<arg>${cell_element}</arg>
<doc>Runs the given keyword with the given arguments, if ``condition`` is true.</doc>
<status status="PASS" start="2024-02-29T14:52:14.756062" elapsed="0.000000"/>
</kw>
<kw name="Exit For Loop If" owner="BuiltIn">
<arg>'${target_text}' in '${cell_text}'</arg>
<doc>Stops executing the enclosing FOR loop if the ``condition`` is true.</doc>
<status status="PASS" start="2024-02-29T14:52:14.756062" elapsed="0.000000"/>
</kw>
<var name="${cell_element}">&lt;selenium.webdriver.remote.webelement.WebElement (session="f12da6d65c8113066285491967d07dc5", element="f.F6C7C5446CE931D7208B4A13D36A284F.d.FB5BB57321B557F05685DC0309D6446C.e.731")&gt;</var>
<status status="PASS" start="2024-02-29T14:52:14.749059" elapsed="0.007003"/>
</iter>
<iter>
<kw name="Get Text" owner="SeleniumLibrary">
<msg time="2024-02-29T14:52:14.763063" level="INFO">${cell_text} = 2024-02-15</msg>
<var>${cell_text}</var>
<arg>${cell_element}</arg>
<doc>Returns the text value of the element identified by ``locator``.</doc>
<status status="PASS" start="2024-02-29T14:52:14.757061" elapsed="0.006002"/>
</kw>
<kw name="Run Keyword If" owner="BuiltIn">
<arg>'${target_text}' in '${cell_text}'</arg>
<arg>Click Element</arg>
<arg>${cell_element}</arg>
<doc>Runs the given keyword with the given arguments, if ``condition`` is true.</doc>
<status status="PASS" start="2024-02-29T14:52:14.763063" elapsed="0.000000"/>
</kw>
<kw name="Exit For Loop If" owner="BuiltIn">
<arg>'${target_text}' in '${cell_text}'</arg>
<doc>Stops executing the enclosing FOR loop if the ``condition`` is true.</doc>
<status status="PASS" start="2024-02-29T14:52:14.764063" elapsed="0.000000"/>
</kw>
<var name="${cell_element}">&lt;selenium.webdriver.remote.webelement.WebElement (session="f12da6d65c8113066285491967d07dc5", element="f.F6C7C5446CE931D7208B4A13D36A284F.d.FB5BB57321B557F05685DC0309D6446C.e.733")&gt;</var>
<status status="PASS" start="2024-02-29T14:52:14.757061" elapsed="0.007002"/>
</iter>
<iter>
<kw name="Get Text" owner="SeleniumLibrary">
<msg time="2024-02-29T14:52:14.771065" level="INFO">${cell_text} = 2024-02-15</msg>
<var>${cell_text}</var>
<arg>${cell_element}</arg>
<doc>Returns the text value of the element identified by ``locator``.</doc>
<status status="PASS" start="2024-02-29T14:52:14.764063" elapsed="0.007002"/>
</kw>
<kw name="Run Keyword If" owner="BuiltIn">
<arg>'${target_text}' in '${cell_text}'</arg>
<arg>Click Element</arg>
<arg>${cell_element}</arg>
<doc>Runs the given keyword with the given arguments, if ``condition`` is true.</doc>
<status status="PASS" start="2024-02-29T14:52:14.771065" elapsed="0.000000"/>
</kw>
<kw name="Exit For Loop If" owner="BuiltIn">
<arg>'${target_text}' in '${cell_text}'</arg>
<doc>Stops executing the enclosing FOR loop if the ``condition`` is true.</doc>
<status status="PASS" start="2024-02-29T14:52:14.772064" elapsed="0.000000"/>
</kw>
<var name="${cell_element}">&lt;selenium.webdriver.remote.webelement.WebElement (session="f12da6d65c8113066285491967d07dc5", element="f.F6C7C5446CE931D7208B4A13D36A284F.d.FB5BB57321B557F05685DC0309D6446C.e.735")&gt;</var>
<status status="PASS" start="2024-02-29T14:52:14.764063" elapsed="0.008001"/>
</iter>
<iter>
<kw name="Get Text" owner="SeleniumLibrary">
<msg time="2024-02-29T14:52:14.779066" level="INFO">${cell_text} = </msg>
<var>${cell_text}</var>
<arg>${cell_element}</arg>
<doc>Returns the text value of the element identified by ``locator``.</doc>
<status status="PASS" start="2024-02-29T14:52:14.772064" elapsed="0.007002"/>
</kw>
<kw name="Run Keyword If" owner="BuiltIn">
<arg>'${target_text}' in '${cell_text}'</arg>
<arg>Click Element</arg>
<arg>${cell_element}</arg>
<doc>Runs the given keyword with the given arguments, if ``condition`` is true.</doc>
<status status="PASS" start="2024-02-29T14:52:14.779066" elapsed="0.001001"/>
</kw>
<kw name="Exit For Loop If" owner="BuiltIn">
<arg>'${target_text}' in '${cell_text}'</arg>
<doc>Stops executing the enclosing FOR loop if the ``condition`` is true.</doc>
<status status="PASS" start="2024-02-29T14:52:14.780067" elapsed="0.000000"/>
</kw>
<var name="${cell_element}">&lt;selenium.webdriver.remote.webelement.WebElement (session="f12da6d65c8113066285491967d07dc5", element="f.F6C7C5446CE931D7208B4A13D36A284F.d.FB5BB57321B557F05685DC0309D6446C.e.741")&gt;</var>
<status status="PASS" start="2024-02-29T14:52:14.772064" elapsed="0.008003"/>
</iter>
<iter>
<kw name="Get Text" owner="SeleniumLibrary">
<msg time="2024-02-29T14:52:14.787068" level="INFO">${cell_text} = 1159</msg>
<var>${cell_text}</var>
<arg>${cell_element}</arg>
<doc>Returns the text value of the element identified by ``locator``.</doc>
<status status="PASS" start="2024-02-29T14:52:14.780067" elapsed="0.007001"/>
</kw>
<kw name="Run Keyword If" owner="BuiltIn">
<arg>'${target_text}' in '${cell_text}'</arg>
<arg>Click Element</arg>
<arg>${cell_element}</arg>
<doc>Runs the given keyword with the given arguments, if ``condition`` is true.</doc>
<status status="PASS" start="2024-02-29T14:52:14.787068" elapsed="0.000000"/>
</kw>
<kw name="Exit For Loop If" owner="BuiltIn">
<arg>'${target_text}' in '${cell_text}'</arg>
<doc>Stops executing the enclosing FOR loop if the ``condition`` is true.</doc>
<status status="PASS" start="2024-02-29T14:52:14.788070" elapsed="0.000000"/>
</kw>
<var name="${cell_element}">&lt;selenium.webdriver.remote.webelement.WebElement (session="f12da6d65c8113066285491967d07dc5", element="f.F6C7C5446CE931D7208B4A13D36A284F.d.FB5BB57321B557F05685DC0309D6446C.e.698")&gt;</var>
<status status="PASS" start="2024-02-29T14:52:14.780067" elapsed="0.008003"/>
</iter>
<iter>
<kw name="Get Text" owner="SeleniumLibrary">
<msg time="2024-02-29T14:52:14.794069" level="INFO">${cell_text} = test1</msg>
<var>${cell_text}</var>
<arg>${cell_element}</arg>
<doc>Returns the text value of the element identified by ``locator``.</doc>
<status status="PASS" start="2024-02-29T14:52:14.788070" elapsed="0.005999"/>
</kw>
<kw name="Run Keyword If" owner="BuiltIn">
<kw name="Click Element" owner="SeleniumLibrary">
<msg time="2024-02-29T14:52:14.796071" level="INFO">Clicking element '&lt;selenium.webdriver.remote.webelement.WebElement (session="f12da6d65c8113066285491967d07dc5", element="f.F6C7C5446CE931D7208B4A13D36A284F.d.FB5BB57321B557F05685DC0309D6446C.e.700")&gt;'.</msg>
<arg>${cell_element}</arg>
<doc>Click the element identified by ``locator``.</doc>
<status status="PASS" start="2024-02-29T14:52:14.795072" elapsed="0.035006"/>
</kw>
<arg>'${target_text}' in '${cell_text}'</arg>
<arg>Click Element</arg>
<arg>${cell_element}</arg>
<doc>Runs the given keyword with the given arguments, if ``condition`` is true.</doc>
<status status="PASS" start="2024-02-29T14:52:14.795072" elapsed="0.035006"/>
</kw>
<kw name="Exit For Loop If" owner="BuiltIn">
<msg time="2024-02-29T14:52:14.831079" level="INFO">Exiting for loop altogether.</msg>
<arg>'${target_text}' in '${cell_text}'</arg>
<doc>Stops executing the enclosing FOR loop if the ``condition`` is true.</doc>
<status status="PASS" start="2024-02-29T14:52:14.830078" elapsed="0.001001"/>
</kw>
<var name="${cell_element}">&lt;selenium.webdriver.remote.webelement.WebElement (session="f12da6d65c8113066285491967d07dc5", element="f.F6C7C5446CE931D7208B4A13D36A284F.d.FB5BB57321B557F05685DC0309D6446C.e.700")&gt;</var>
<status status="PASS" start="2024-02-29T14:52:14.788070" elapsed="0.043009"/>
</iter>
<var>${cell_element}</var>
<value>@{table_elements}</value>
<status status="PASS" start="2024-02-29T14:52:14.697049" elapsed="0.134030"/>
</for>
<kw name="Wait Until Page Does Not Contain Element" owner="SeleniumLibrary">
<arg>${loader_screen}</arg>
<arg>timeout=30s</arg>
<doc>Waits until the element ``locator`` disappears from the current page.</doc>
<status status="PASS" start="2024-02-29T14:52:14.831079" elapsed="17.931917"/>
</kw>
<arg>${bot_names_list}</arg>
<arg>${my_api10_bot_name}</arg>
<status status="PASS" start="2024-02-29T14:52:11.668401" elapsed="21.094595"/>
</kw>
<kw name="Go To Chatflow Tab" owner="Keywords">
<kw name="Click Element" owner="SeleniumLibrary">
<msg time="2024-02-29T14:52:32.763997" level="INFO">Clicking element '//dd[@name='navi-flow']'.</msg>
<arg>${chatflow_tab}</arg>
<doc>Click the element identified by ``locator``.</doc>
<status status="PASS" start="2024-02-29T14:52:32.763997" elapsed="0.051013"/>
</kw>
<kw name="Wait Until Element Is Visible and Enabled" owner="Keywords">
<kw name="Wait Until Element Is Visible" owner="SeleniumLibrary">
<arg>${locator}</arg>
<arg>timeout=${timeout}</arg>
<doc>Waits until the element ``locator`` is visible.</doc>
<status status="PASS" start="2024-02-29T14:52:32.816009" elapsed="0.019006"/>
</kw>
<kw name="Wait Until Element Is Enabled" owner="SeleniumLibrary">
<arg>${locator}</arg>
<arg>timeout=${timeout}</arg>
<doc>Waits until the element ``locator`` is enabled.</doc>
<status status="PASS" start="2024-02-29T14:52:32.835015" elapsed="0.019004"/>
</kw>
<arg>${add_new_group}</arg>
<status status="PASS" start="2024-02-29T14:52:32.815010" elapsed="0.039009"/>
</kw>
<status status="PASS" start="2024-02-29T14:52:32.763997" elapsed="0.090022"/>
</kw>
<for flavor="IN RANGE">
<iter>
<kw name="Click Element" owner="SeleniumLibrary">
<msg time="2024-02-29T14:52:32.855018" level="INFO">Clicking element '//h5[normalize-space()='group1']'.</msg>
<arg>${group1}</arg>
<doc>Click the element identified by ``locator``.</doc>
<status status="PASS" start="2024-02-29T14:52:32.854019" elapsed="0.139049"/>
</kw>
<kw name="Mouse Over My Element" owner="Keywords">
<kw name="Wait Until Element Is Visible and Enabled" owner="Keywords">
<kw name="Wait Until Element Is Visible" owner="SeleniumLibrary">
<arg>${locator}</arg>
<arg>timeout=${timeout}</arg>
<doc>Waits until the element ``locator`` is visible.</doc>
<status status="PASS" start="2024-02-29T14:52:32.994067" elapsed="0.030007"/>
</kw>
<kw name="Wait Until Element Is Enabled" owner="SeleniumLibrary">
<arg>${locator}</arg>
<arg>timeout=${timeout}</arg>
<doc>Waits until the element ``locator`` is enabled.</doc>
<status status="PASS" start="2024-02-29T14:52:33.025077" elapsed="0.020002"/>
</kw>
<arg>${my_element_locator}</arg>
<status status="PASS" start="2024-02-29T14:52:32.994067" elapsed="0.051012"/>
</kw>
<kw name="Mouse Over" owner="SeleniumLibrary">
<msg time="2024-02-29T14:52:33.045079" level="INFO">Simulating Mouse Over on element '(//button[@class='icon plus-square'])[2]'.</msg>
<arg>${my_element_locator}</arg>
<doc>Simulates hovering the mouse over the element ``locator``.</doc>
<status status="PASS" start="2024-02-29T14:52:33.045079" elapsed="0.291070"/>
</kw>
<arg>${add_new_item}</arg>
<status status="PASS" start="2024-02-29T14:52:32.993068" elapsed="0.343081"/>
</kw>
<kw name="Click My Element" owner="Keywords">
<kw name="Wait Until Element Is Visible and Enabled" owner="Keywords">
<kw name="Wait Until Element Is Visible" owner="SeleniumLibrary">
<arg>${locator}</arg>
<arg>timeout=${timeout}</arg>
<doc>Waits until the element ``locator`` is visible.</doc>
<status status="PASS" start="2024-02-29T14:52:33.337144" elapsed="0.015005"/>
</kw>
<kw name="Wait Until Element Is Enabled" owner="SeleniumLibrary">
<arg>${locator}</arg>
<arg>timeout=${timeout}</arg>
<doc>Waits until the element ``locator`` is enabled.</doc>
<status status="PASS" start="2024-02-29T14:52:33.352149" elapsed="0.016003"/>
</kw>
<arg>${my_element_locator}</arg>
<status status="PASS" start="2024-02-29T14:52:33.336149" elapsed="0.033003"/>
</kw>
<kw name="Click Element" owner="SeleniumLibrary">
<msg time="2024-02-29T14:52:33.369152" level="INFO">Clicking element '//dd[@rt='text']'.</msg>
<arg>${my_element_locator}</arg>
<doc>Click the element identified by ``locator``.</doc>
<status status="PASS" start="2024-02-29T14:52:33.369152" elapsed="0.039010"/>
</kw>
<arg>${item_text}</arg>
<status status="PASS" start="2024-02-29T14:52:33.336149" elapsed="0.072013"/>
</kw>
<kw name="Click My Element" owner="Keywords">
<kw name="Wait Until Element Is Visible and Enabled" owner="Keywords">
<kw name="Wait Until Element Is Visible" owner="SeleniumLibrary">
<arg>${locator}</arg>
<arg>timeout=${timeout}</arg>
<doc>Waits until the element ``locator`` is visible.</doc>
<status status="PASS" start="2024-02-29T14:52:33.409163" elapsed="0.029005"/>
</kw>
<kw name="Wait Until Element Is Enabled" owner="SeleniumLibrary">
<arg>${locator}</arg>
<arg>timeout=${timeout}</arg>
<doc>Waits until the element ``locator`` is enabled.</doc>
<status status="PASS" start="2024-02-29T14:52:33.438168" elapsed="0.023006"/>
</kw>
<arg>${my_element_locator}</arg>
<status status="PASS" start="2024-02-29T14:52:33.409163" elapsed="0.052011"/>
</kw>
<kw name="Click Element" owner="SeleniumLibrary">
<msg time="2024-02-29T14:52:33.462174" level="INFO">Clicking element '//input[@type='text']'.</msg>
<arg>${my_element_locator}</arg>
<doc>Click the element identified by ``locator``.</doc>
<status status="PASS" start="2024-02-29T14:52:33.461174" elapsed="0.049011"/>
</kw>
<arg>${new_item_name}</arg>
<status status="PASS" start="2024-02-29T14:52:33.409163" elapsed="0.102022"/>
</kw>
<kw name="Clear, Type In And Press Enter" owner="Keywords">
<kw name="Get Element Attribute" owner="SeleniumLibrary">
<msg time="2024-02-29T14:52:33.529188" level="INFO">${attribute_value} = Text</msg>
<var>${attribute_value}</var>
<arg>${new_item_name}</arg>
<arg>data-value</arg>
<doc>Returns the value of ``attribute`` from the element ``locator``.</doc>
<status status="PASS" start="2024-02-29T14:52:33.512187" elapsed="0.017001"/>
</kw>
<kw name="Get Length" owner="BuiltIn">
<msg time="2024-02-29T14:52:33.530189" level="INFO">Length is 4.</msg>
<msg time="2024-02-29T14:52:33.530189" level="INFO">${text_length} = 4</msg>
<var>${text_length}</var>
<arg>${attribute_value}</arg>
<doc>Returns and logs the length of the given item as an integer.</doc>
<status status="PASS" start="2024-02-29T14:52:33.530189" elapsed="0.000000"/>
</kw>
<for flavor="IN RANGE">
<iter>
<kw name="Press Keys" owner="SeleniumLibrary">
<msg time="2024-02-29T14:52:33.531189" level="INFO">Sending key(s) ('BACKSPACE',) to //input[@type='text'] element.</msg>
<msg time="2024-02-29T14:52:33.817253" level="INFO">Pressing special key BACKSPACE to element.</msg>
<msg time="2024-02-29T14:52:33.817253" level="INFO">Releasing special key BACKSPACE.</msg>
<arg>${new_item_name}</arg>
<arg>BACKSPACE</arg>
<doc>Simulates the user pressing key(s) to an element or on the active browser.</doc>
<status status="PASS" start="2024-02-29T14:52:33.530189" elapsed="0.293066"/>
</kw>
<var name="${i}">0</var>
<status status="PASS" start="2024-02-29T14:52:33.530189" elapsed="0.293066"/>
</iter>
<iter>
<kw name="Press Keys" owner="SeleniumLibrary">
<msg time="2024-02-29T14:52:33.823255" level="INFO">Sending key(s) ('BACKSPACE',) to //input[@type='text'] element.</msg>
<msg time="2024-02-29T14:52:34.105318" level="INFO">Pressing special key BACKSPACE to element.</msg>
<msg time="2024-02-29T14:52:34.105318" level="INFO">Releasing special key BACKSPACE.</msg>
<arg>${new_item_name}</arg>
<arg>BACKSPACE</arg>
<doc>Simulates the user pressing key(s) to an element or on the active browser.</doc>
<status status="PASS" start="2024-02-29T14:52:33.823255" elapsed="0.287066"/>
</kw>
<var name="${i}">1</var>
<status status="PASS" start="2024-02-29T14:52:33.823255" elapsed="0.287066"/>
</iter>
<iter>
<kw name="Press Keys" owner="SeleniumLibrary">
<msg time="2024-02-29T14:52:34.111321" level="INFO">Sending key(s) ('BACKSPACE',) to //input[@type='text'] element.</msg>
<msg time="2024-02-29T14:52:34.391383" level="INFO">Pressing special key BACKSPACE to element.</msg>
<msg time="2024-02-29T14:52:34.392382" level="INFO">Releasing special key BACKSPACE.</msg>
<arg>${new_item_name}</arg>
<arg>BACKSPACE</arg>
<doc>Simulates the user pressing key(s) to an element or on the active browser.</doc>
<status status="PASS" start="2024-02-29T14:52:34.111321" elapsed="0.285064"/>
</kw>
<var name="${i}">2</var>
<status status="PASS" start="2024-02-29T14:52:34.111321" elapsed="0.285064"/>
</iter>
<iter>
<kw name="Press Keys" owner="SeleniumLibrary">
<msg time="2024-02-29T14:52:34.397384" level="INFO">Sending key(s) ('BACKSPACE',) to //input[@type='text'] element.</msg>
<msg time="2024-02-29T14:52:34.663445" level="INFO">Pressing special key BACKSPACE to element.</msg>
<msg time="2024-02-29T14:52:34.663445" level="INFO">Releasing special key BACKSPACE.</msg>
<arg>${new_item_name}</arg>
<arg>BACKSPACE</arg>
<doc>Simulates the user pressing key(s) to an element or on the active browser.</doc>
<status status="PASS" start="2024-02-29T14:52:34.397384" elapsed="0.271061"/>
</kw>
<var name="${i}">3</var>
<status status="PASS" start="2024-02-29T14:52:34.396385" elapsed="0.272060"/>
</iter>
<var>${i}</var>
<value>${text_length}</value>
<status status="PASS" start="2024-02-29T14:52:33.530189" elapsed="1.138256"/>
</for>
<kw name="Input Text" owner="SeleniumLibrary">
<msg time="2024-02-29T14:52:34.669445" level="INFO">Typing text 'textitem1' into text field '//input[@type='text']'.</msg>
<arg>${new_item_name}</arg>
<arg>${text}</arg>
<doc>Types the given ``text`` into the text field identified by ``locator``.</doc>
<status status="PASS" start="2024-02-29T14:52:34.669445" elapsed="0.046011"/>
</kw>
<kw name="Press Keys" owner="SeleniumLibrary">
<msg time="2024-02-29T14:52:34.716456" level="INFO">Sending key(s) ('ENTER',) to //input[@type='text'] element.</msg>
<msg time="2024-02-29T14:52:34.997023" level="INFO">Pressing special key ENTER to element.</msg>
<msg time="2024-02-29T14:52:34.997023" level="INFO">Releasing special key ENTER.</msg>
<arg>${new_item_name}</arg>
<arg>ENTER</arg>
<doc>Simulates the user pressing key(s) to an element or on the active browser.</doc>
<status status="PASS" start="2024-02-29T14:52:34.715456" elapsed="0.287570"/>
</kw>
<arg>${new_item_name}</arg>
<arg>${my_item_name}[${index}]</arg>
<status status="PASS" start="2024-02-29T14:52:33.511185" elapsed="1.492840"/>
</kw>
<var name="${index}">0</var>
<status status="PASS" start="2024-02-29T14:52:32.854019" elapsed="2.150006"/>
</iter>
<iter>
<kw name="Click Element" owner="SeleniumLibrary">
<msg time="2024-02-29T14:52:35.004025" level="INFO">Clicking element '//h5[normalize-space()='group1']'.</msg>
<arg>${group1}</arg>
<doc>Click the element identified by ``locator``.</doc>
<status status="PASS" start="2024-02-29T14:52:35.004025" elapsed="0.044009"/>
</kw>
<kw name="Mouse Over My Element" owner="Keywords">
<kw name="Wait Until Element Is Visible and Enabled" owner="Keywords">
<kw name="Wait Until Element Is Visible" owner="SeleniumLibrary">
<arg>${locator}</arg>
<arg>timeout=${timeout}</arg>
<doc>Waits until the element ``locator`` is visible.</doc>
<status status="PASS" start="2024-02-29T14:52:35.049034" elapsed="0.014004"/>
</kw>
<kw name="Wait Until Element Is Enabled" owner="SeleniumLibrary">
<arg>${locator}</arg>
<arg>timeout=${timeout}</arg>
<doc>Waits until the element ``locator`` is enabled.</doc>
<status status="PASS" start="2024-02-29T14:52:35.063038" elapsed="0.018004"/>
</kw>
<arg>${my_element_locator}</arg>
<status status="PASS" start="2024-02-29T14:52:35.048034" elapsed="0.033008"/>
</kw>
<kw name="Mouse Over" owner="SeleniumLibrary">
<msg time="2024-02-29T14:52:35.082043" level="INFO">Simulating Mouse Over on element '(//button[@class='icon plus-square'])[2]'.</msg>
<arg>${my_element_locator}</arg>
<doc>Simulates hovering the mouse over the element ``locator``.</doc>
<status status="PASS" start="2024-02-29T14:52:35.081042" elapsed="0.266060"/>
</kw>
<arg>${add_new_item}</arg>
<status status="PASS" start="2024-02-29T14:52:35.048034" elapsed="0.299068"/>
</kw>
<kw name="Click My Element" owner="Keywords">
<kw name="Wait Until Element Is Visible and Enabled" owner="Keywords">
<kw name="Wait Until Element Is Visible" owner="SeleniumLibrary">
<arg>${locator}</arg>
<arg>timeout=${timeout}</arg>
<doc>Waits until the element ``locator`` is visible.</doc>
<status status="PASS" start="2024-02-29T14:52:35.348101" elapsed="0.036009"/>
</kw>
<kw name="Wait Until Element Is Enabled" owner="SeleniumLibrary">
<arg>${locator}</arg>
<arg>timeout=${timeout}</arg>
<doc>Waits until the element ``locator`` is enabled.</doc>
<status status="PASS" start="2024-02-29T14:52:35.384110" elapsed="0.020005"/>
</kw>
<arg>${my_element_locator}</arg>
<status status="PASS" start="2024-02-29T14:52:35.347102" elapsed="0.057013"/>
</kw>
<kw name="Click Element" owner="SeleniumLibrary">
<msg time="2024-02-29T14:52:35.404115" level="INFO">Clicking element '//dd[@rt='text']'.</msg>
<arg>${my_element_locator}</arg>
<doc>Click the element identified by ``locator``.</doc>
<status status="PASS" start="2024-02-29T14:52:35.404115" elapsed="0.042011"/>
</kw>
<arg>${item_text}</arg>
<status status="PASS" start="2024-02-29T14:52:35.347102" elapsed="0.100023"/>
</kw>
<kw name="Click My Element" owner="Keywords">
<kw name="Wait Until Element Is Visible and Enabled" owner="Keywords">
<kw name="Wait Until Element Is Visible" owner="SeleniumLibrary">
<arg>${locator}</arg>
<arg>timeout=${timeout}</arg>
<doc>Waits until the element ``locator`` is visible.</doc>
<status status="PASS" start="2024-02-29T14:52:35.448124" elapsed="0.022005"/>
</kw>
<kw name="Wait Until Element Is Enabled" owner="SeleniumLibrary">
<arg>${locator}</arg>
<arg>timeout=${timeout}</arg>
<doc>Waits until the element ``locator`` is enabled.</doc>
<status status="PASS" start="2024-02-29T14:52:35.470129" elapsed="0.024515"/>
</kw>
<arg>${my_element_locator}</arg>
<status status="PASS" start="2024-02-29T14:52:35.447125" elapsed="0.047519"/>
</kw>
<kw name="Click Element" owner="SeleniumLibrary">
<msg time="2024-02-29T14:52:35.494644" level="INFO">Clicking element '//input[@type='text']'.</msg>
<arg>${my_element_locator}</arg>
<doc>Click the element identified by ``locator``.</doc>
<status status="PASS" start="2024-02-29T14:52:35.494644" elapsed="0.038008"/>
</kw>
<arg>${new_item_name}</arg>
<status status="PASS" start="2024-02-29T14:52:35.447125" elapsed="0.085527"/>
</kw>
<kw name="Clear, Type In And Press Enter" owner="Keywords">
<kw name="Get Element Attribute" owner="SeleniumLibrary">
<msg time="2024-02-29T14:52:35.548656" level="INFO">${attribute_value} = Text</msg>
<var>${attribute_value}</var>
<arg>${new_item_name}</arg>
<arg>data-value</arg>
<doc>Returns the value of ``attribute`` from the element ``locator``.</doc>
<status status="PASS" start="2024-02-29T14:52:35.533652" elapsed="0.015004"/>
</kw>
<kw name="Get Length" owner="BuiltIn">
<msg time="2024-02-29T14:52:35.548656" level="INFO">Length is 4.</msg>
<msg time="2024-02-29T14:52:35.549655" level="INFO">${text_length} = 4</msg>
<var>${text_length}</var>
<arg>${attribute_value}</arg>
<doc>Returns and logs the length of the given item as an integer.</doc>
<status status="PASS" start="2024-02-29T14:52:35.548656" elapsed="0.000999"/>
</kw>
<for flavor="IN RANGE">
<iter>
<kw name="Press Keys" owner="SeleniumLibrary">
<msg time="2024-02-29T14:52:35.549655" level="INFO">Sending key(s) ('BACKSPACE',) to //input[@type='text'] element.</msg>
<msg time="2024-02-29T14:52:35.842723" level="INFO">Pressing special key BACKSPACE to element.</msg>
<msg time="2024-02-29T14:52:35.842723" level="INFO">Releasing special key BACKSPACE.</msg>
<arg>${new_item_name}</arg>
<arg>BACKSPACE</arg>
<doc>Simulates the user pressing key(s) to an element or on the active browser.</doc>
<status status="PASS" start="2024-02-29T14:52:35.549655" elapsed="0.298069"/>
</kw>
<var name="${i}">0</var>
<status status="PASS" start="2024-02-29T14:52:35.549655" elapsed="0.298069"/>
</iter>
<iter>
<kw name="Press Keys" owner="SeleniumLibrary">
<msg time="2024-02-29T14:52:35.848725" level="INFO">Sending key(s) ('BACKSPACE',) to //input[@type='text'] element.</msg>
<msg time="2024-02-29T14:52:36.128788" level="INFO">Pressing special key BACKSPACE to element.</msg>
<msg time="2024-02-29T14:52:36.128788" level="INFO">Releasing special key BACKSPACE.</msg>
<arg>${new_item_name}</arg>
<arg>BACKSPACE</arg>
<doc>Simulates the user pressing key(s) to an element or on the active browser.</doc>
<status status="PASS" start="2024-02-29T14:52:35.848725" elapsed="0.285064"/>
</kw>
<var name="${i}">1</var>
<status status="PASS" start="2024-02-29T14:52:35.848725" elapsed="0.285064"/>
</iter>
<iter>
<kw name="Press Keys" owner="SeleniumLibrary">
<msg time="2024-02-29T14:52:36.134789" level="INFO">Sending key(s) ('BACKSPACE',) to //input[@type='text'] element.</msg>
<msg time="2024-02-29T14:52:36.417358" level="INFO">Pressing special key BACKSPACE to element.</msg>
<msg time="2024-02-29T14:52:36.417358" level="INFO">Releasing special key BACKSPACE.</msg>
<arg>${new_item_name}</arg>
<arg>BACKSPACE</arg>
<doc>Simulates the user pressing key(s) to an element or on the active browser.</doc>
<status status="PASS" start="2024-02-29T14:52:36.134789" elapsed="0.287571"/>
</kw>
<var name="${i}">2</var>
<status status="PASS" start="2024-02-29T14:52:36.134789" elapsed="0.287571"/>
</iter>
<iter>
<kw name="Press Keys" owner="SeleniumLibrary">
<msg time="2024-02-29T14:52:36.423358" level="INFO">Sending key(s) ('BACKSPACE',) to //input[@type='text'] element.</msg>
<msg time="2024-02-29T14:52:36.704423" level="INFO">Pressing special key BACKSPACE to element.</msg>
<msg time="2024-02-29T14:52:36.704423" level="INFO">Releasing special key BACKSPACE.</msg>
<arg>${new_item_name}</arg>
<arg>BACKSPACE</arg>
<doc>Simulates the user pressing key(s) to an element or on the active browser.</doc>
<status status="PASS" start="2024-02-29T14:52:36.422360" elapsed="0.287064"/>
</kw>
<var name="${i}">3</var>
<status status="PASS" start="2024-02-29T14:52:36.422360" elapsed="0.287064"/>
</iter>
<var>${i}</var>
<value>${text_length}</value>
<status status="PASS" start="2024-02-29T14:52:35.549655" elapsed="1.159769"/>
</for>
<kw name="Input Text" owner="SeleniumLibrary">
<msg time="2024-02-29T14:52:36.709424" level="INFO">Typing text 'textitem2' into text field '//input[@type='text']'.</msg>
<arg>${new_item_name}</arg>
<arg>${text}</arg>
<doc>Types the given ``text`` into the text field identified by ``locator``.</doc>
<status status="PASS" start="2024-02-29T14:52:36.709424" elapsed="0.045010"/>
</kw>
<kw name="Press Keys" owner="SeleniumLibrary">
<msg time="2024-02-29T14:52:36.755433" level="INFO">Sending key(s) ('ENTER',) to //input[@type='text'] element.</msg>
<msg time="2024-02-29T14:52:37.040498" level="INFO">Pressing special key ENTER to element.</msg>
<msg time="2024-02-29T14:52:37.040498" level="INFO">Releasing special key ENTER.</msg>
<arg>${new_item_name}</arg>
<arg>ENTER</arg>
<doc>Simulates the user pressing key(s) to an element or on the active browser.</doc>
<status status="PASS" start="2024-02-29T14:52:36.754434" elapsed="0.292065"/>
</kw>
<arg>${new_item_name}</arg>
<arg>${my_item_name}[${index}]</arg>
<status status="PASS" start="2024-02-29T14:52:35.533652" elapsed="1.512847"/>
</kw>
<var name="${index}">1</var>
<status status="PASS" start="2024-02-29T14:52:35.004025" elapsed="2.042474"/>
</iter>
<iter>
<kw name="Click Element" owner="SeleniumLibrary">
<msg time="2024-02-29T14:52:37.046499" level="INFO">Clicking element '//h5[normalize-space()='group1']'.</msg>
<arg>${group1}</arg>
<doc>Click the element identified by ``locator``.</doc>
<status status="PASS" start="2024-02-29T14:52:37.046499" elapsed="0.067037"/>
</kw>
<kw name="Mouse Over My Element" owner="Keywords">
<kw name="Wait Until Element Is Visible and Enabled" owner="Keywords">
<kw name="Wait Until Element Is Visible" owner="SeleniumLibrary">
<arg>${locator}</arg>
<arg>timeout=${timeout}</arg>
<doc>Waits until the element ``locator`` is visible.</doc>
<status status="PASS" start="2024-02-29T14:52:37.115537" elapsed="0.017002"/>
</kw>
<kw name="Wait Until Element Is Enabled" owner="SeleniumLibrary">
<arg>${locator}</arg>
<arg>timeout=${timeout}</arg>
<doc>Waits until the element ``locator`` is enabled.</doc>
<status status="PASS" start="2024-02-29T14:52:37.132539" elapsed="0.020006"/>
</kw>
<arg>${my_element_locator}</arg>
<status status="PASS" start="2024-02-29T14:52:37.114538" elapsed="0.038007"/>
</kw>
<kw name="Mouse Over" owner="SeleniumLibrary">
<msg time="2024-02-29T14:52:37.153545" level="INFO">Simulating Mouse Over on element '(//button[@class='icon plus-square'])[2]'.</msg>
<arg>${my_element_locator}</arg>
<doc>Simulates hovering the mouse over the element ``locator``.</doc>
<status status="PASS" start="2024-02-29T14:52:37.152545" elapsed="0.296066"/>
</kw>
<arg>${add_new_item}</arg>
<status status="PASS" start="2024-02-29T14:52:37.114538" elapsed="0.335074"/>
</kw>
<kw name="Click My Element" owner="Keywords">
<kw name="Wait Until Element Is Visible and Enabled" owner="Keywords">
<kw name="Wait Until Element Is Visible" owner="SeleniumLibrary">
<arg>${locator}</arg>
<arg>timeout=${timeout}</arg>
<doc>Waits until the element ``locator`` is visible.</doc>
<status status="PASS" start="2024-02-29T14:52:37.449612" elapsed="0.015004"/>
</kw>
<kw name="Wait Until Element Is Enabled" owner="SeleniumLibrary">
<arg>${locator}</arg>
<arg>timeout=${timeout}</arg>
<doc>Waits until the element ``locator`` is enabled.</doc>
<status status="PASS" start="2024-02-29T14:52:37.464616" elapsed="0.022003"/>
</kw>
<arg>${my_element_locator}</arg>
<status status="PASS" start="2024-02-29T14:52:37.449612" elapsed="0.038008"/>
</kw>
<kw name="Click Element" owner="SeleniumLibrary">
<msg time="2024-02-29T14:52:37.487620" level="INFO">Clicking element '//dd[@rt='text']'.</msg>
<arg>${my_element_locator}</arg>
<doc>Click the element identified by ``locator``.</doc>
<status status="PASS" start="2024-02-29T14:52:37.487620" elapsed="0.050519"/>
</kw>
<arg>${item_text}</arg>
<status status="PASS" start="2024-02-29T14:52:37.449612" elapsed="0.088527"/>
</kw>
<kw name="Click My Element" owner="Keywords">
<kw name="Wait Until Element Is Visible and Enabled" owner="Keywords">
<kw name="Wait Until Element Is Visible" owner="SeleniumLibrary">
<arg>${locator}</arg>
<arg>timeout=${timeout}</arg>
<doc>Waits until the element ``locator`` is visible.</doc>
<status status="PASS" start="2024-02-29T14:52:37.539139" elapsed="0.024005"/>
</kw>
<kw name="Wait Until Element Is Enabled" owner="SeleniumLibrary">
<arg>${locator}</arg>
<arg>timeout=${timeout}</arg>
<doc>Waits until the element ``locator`` is enabled.</doc>
<status status="PASS" start="2024-02-29T14:52:37.563144" elapsed="0.027006"/>
</kw>
<arg>${my_element_locator}</arg>
<status status="PASS" start="2024-02-29T14:52:37.539139" elapsed="0.051011"/>
</kw>
<kw name="Click Element" owner="SeleniumLibrary">
<msg time="2024-02-29T14:52:37.591150" level="INFO">Clicking element '//input[@type='text']'.</msg>
<arg>${my_element_locator}</arg>
<doc>Click the element identified by ``locator``.</doc>
<status status="PASS" start="2024-02-29T14:52:37.591150" elapsed="0.042011"/>
</kw>
<arg>${new_item_name}</arg>
<status status="PASS" start="2024-02-29T14:52:37.538139" elapsed="0.095022"/>
</kw>
<kw name="Clear, Type In And Press Enter" owner="Keywords">
<kw name="Get Element Attribute" owner="SeleniumLibrary">
<msg time="2024-02-29T14:52:37.650165" level="INFO">${attribute_value} = Text</msg>
<var>${attribute_value}</var>
<arg>${new_item_name}</arg>
<arg>data-value</arg>
<doc>Returns the value of ``attribute`` from the element ``locator``.</doc>
<status status="PASS" start="2024-02-29T14:52:37.634161" elapsed="0.016004"/>
</kw>
<kw name="Get Length" owner="BuiltIn">
<msg time="2024-02-29T14:52:37.650165" level="INFO">Length is 4.</msg>
<msg time="2024-02-29T14:52:37.650165" level="INFO">${text_length} = 4</msg>
<var>${text_length}</var>
<arg>${attribute_value}</arg>
<doc>Returns and logs the length of the given item as an integer.</doc>
<status status="PASS" start="2024-02-29T14:52:37.650165" elapsed="0.000000"/>
</kw>
<for flavor="IN RANGE">
<iter>
<kw name="Press Keys" owner="SeleniumLibrary">
<msg time="2024-02-29T14:52:37.651164" level="INFO">Sending key(s) ('BACKSPACE',) to //input[@type='text'] element.</msg>
<msg time="2024-02-29T14:52:37.935230" level="INFO">Pressing special key BACKSPACE to element.</msg>
<msg time="2024-02-29T14:52:37.935230" level="INFO">Releasing special key BACKSPACE.</msg>
<arg>${new_item_name}</arg>
<arg>BACKSPACE</arg>
<doc>Simulates the user pressing key(s) to an element or on the active browser.</doc>
<status status="PASS" start="2024-02-29T14:52:37.651164" elapsed="0.289065"/>
</kw>
<var name="${i}">0</var>
<status status="PASS" start="2024-02-29T14:52:37.651164" elapsed="0.289065"/>
</iter>
<iter>
<kw name="Press Keys" owner="SeleniumLibrary">
<msg time="2024-02-29T14:52:37.940229" level="INFO">Sending key(s) ('BACKSPACE',) to //input[@type='text'] element.</msg>
<msg time="2024-02-29T14:52:38.220293" level="INFO">Pressing special key BACKSPACE to element.</msg>
<msg time="2024-02-29T14:52:38.220293" level="INFO">Releasing special key BACKSPACE.</msg>
<arg>${new_item_name}</arg>
<arg>BACKSPACE</arg>
<doc>Simulates the user pressing key(s) to an element or on the active browser.</doc>
<status status="PASS" start="2024-02-29T14:52:37.940229" elapsed="0.285065"/>
</kw>
<var name="${i}">1</var>
<status status="PASS" start="2024-02-29T14:52:37.940229" elapsed="0.285065"/>
</iter>
<iter>
<kw name="Press Keys" owner="SeleniumLibrary">
<msg time="2024-02-29T14:52:38.226294" level="INFO">Sending key(s) ('BACKSPACE',) to //input[@type='text'] element.</msg>
<msg time="2024-02-29T14:52:38.506359" level="INFO">Pressing special key BACKSPACE to element.</msg>
<msg time="2024-02-29T14:52:38.506359" level="INFO">Releasing special key BACKSPACE.</msg>
<arg>${new_item_name}</arg>
<arg>BACKSPACE</arg>
<doc>Simulates the user pressing key(s) to an element or on the active browser.</doc>
<status status="PASS" start="2024-02-29T14:52:38.225294" elapsed="0.288066"/>
</kw>
<var name="${i}">2</var>
<status status="PASS" start="2024-02-29T14:52:38.225294" elapsed="0.288066"/>
</iter>
<iter>
<kw name="Press Keys" owner="SeleniumLibrary">
<msg time="2024-02-29T14:52:38.514358" level="INFO">Sending key(s) ('BACKSPACE',) to //input[@type='text'] element.</msg>
<msg time="2024-02-29T14:52:38.811426" level="INFO">Pressing special key BACKSPACE to element.</msg>
[...]
<msg time="2024-02-29T14:51:26.156817" level="ERROR">Error in file 'C:\Users\Professional\PycharmProjects\RobotFramework\uploaddata\flex_variable.robot' on line 179: Setting variable '' failed: Invalid variable name ''.</msg>
<msg time="2024-02-29T14:51:26.156817" level="ERROR">Error in file 'C:\Users\Professional\PycharmProjects\RobotFramework\uploaddata\flex_variable.robot' on line 180: Setting variable '' failed: Invalid variable name ''.</msg>
<msg time="2024-02-29T14:51:26.157818" level="ERROR">Error in file 'C:\Users\Professional\PycharmProjects\RobotFramework\uploaddata\flex_variable.robot' on line 181: Setting variable '' failed: Invalid variable name ''.</msg>
<msg time="2024-02-29T14:51:26.157818" level="ERROR">Error in file 'C:\Users\Professional\PycharmProjects\RobotFramework\uploaddata\flex_variable.robot' on line 182: Setting variable '' failed: Invalid variable name ''.</msg>
<msg time="2024-02-29T14:51:26.158818" level="ERROR">Error in file 'C:\Users\Professional\PycharmProjects\RobotFramework\uploaddata\flex_variable.robot' on line 183: Setting variable '' failed: Invalid variable name ''.</msg>
<msg time="2024-02-29T14:51:26.158818" level="ERROR">Error in file 'C:\Users\Professional\PycharmProjects\RobotFramework\uploaddata\flex_variable.robot' on line 184: Setting variable '' failed: Invalid variable name ''.</msg>
<msg time="2024-02-29T14:51:26.158818" level="ERROR">Error in file 'C:\Users\Professional\PycharmProjects\RobotFramework\uploaddata\flex_variable.robot' on line 185: Setting variable '' failed: Invalid variable name ''.</msg>
<msg time="2024-02-29T14:51:26.159819" level="ERROR">Error in file 'C:\Users\Professional\PycharmProjects\RobotFramework\uploaddata\flex_variable.robot' on line 186: Setting variable '' failed: Invalid variable name ''.</msg>
<msg time="2024-02-29T14:51:26.159819" level="ERROR">Error in file 'C:\Users\Professional\PycharmProjects\RobotFramework\uploaddata\flex_variable.robot' on line 187: Setting variable '' failed: Invalid variable name ''.</msg>
<msg time="2024-02-29T14:51:26.159819" level="ERROR">Error in file 'C:\Users\Professional\PycharmProjects\RobotFramework\uploaddata\flex_variable.robot' on line 188: Setting variable '' failed: Invalid variable name ''.</msg>
<msg time="2024-02-29T14:51:26.160820" level="ERROR">Error in file 'C:\Users\Professional\PycharmProjects\RobotFramework\uploaddata\flex_variable.robot' on line 189: Setting variable '' failed: Invalid variable name ''.</msg>
<msg time="2024-02-29T14:51:26.160820" level="ERROR">Error in file 'C:\Users\Professional\PycharmProjects\RobotFramework\uploaddata\flex_variable.robot' on line 190: Setting variable '' failed: Invalid variable name ''.</msg>
<msg time="2024-02-29T14:51:26.161819" level="ERROR">Error in file 'C:\Users\Professional\PycharmProjects\RobotFramework\uploaddata\flex_variable.robot' on line 191: Setting variable '' failed: Invalid variable name ''.</msg>
<msg time="2024-02-29T14:51:26.161819" level="ERROR">Error in file 'C:\Users\Professional\PycharmProjects\RobotFramework\uploaddata\flex_variable.robot' on line 192: Setting variable '' failed: Invalid variable name ''.</msg>
<msg time="2024-02-29T14:51:26.161819" level="ERROR">Error in file 'C:\Users\Professional\PycharmProjects\RobotFramework\uploaddata\flex_variable.robot' on line 193: Setting variable '' failed: Invalid variable name ''.</msg>
<msg time="2024-02-29T14:51:26.162818" level="ERROR">Error in file 'C:\Users\Professional\PycharmProjects\RobotFramework\uploaddata\flex_variable.robot' on line 194: Setting variable '' failed: Invalid variable name ''.</msg>
<msg time="2024-02-29T14:51:26.162818" level="ERROR">Error in file 'C:\Users\Professional\PycharmProjects\RobotFramework\uploaddata\flex_variable.robot' on line 195: Setting variable '' failed: Invalid variable name ''.</msg>
<msg time="2024-02-29T14:51:26.162818" level="ERROR">Error in file 'C:\Users\Professional\PycharmProjects\RobotFramework\uploaddata\flex_variable.robot' on line 196: Setting variable '' failed: Invalid variable name ''.</msg>
<msg time="2024-02-29T14:51:26.163819" level="ERROR">Error in file 'C:\Users\Professional\PycharmProjects\RobotFramework\uploaddata\flex_variable.robot' on line 197: Setting variable '' failed: Invalid variable name ''.</msg>
<msg time="2024-02-29T14:51:26.163819" level="ERROR">Error in file 'C:\Users\Professional\PycharmProjects\RobotFramework\uploaddata\flex_variable.robot' on line 198: Setting variable '' failed: Invalid variable name ''.</msg>
<msg time="2024-02-29T14:51:26.164820" level="ERROR">Error in file 'C:\Users\Professional\PycharmProjects\RobotFramework\uploaddata\flex_variable.robot' on line 199: Setting variable '' failed: Invalid variable name ''.</msg>
<msg time="2024-02-29T14:51:26.164820" level="ERROR">Error in file 'C:\Users\Professional\PycharmProjects\RobotFramework\uploaddata\flex_variable.robot' on line 200: Setting variable '' failed: Invalid variable name ''.</msg>
<msg time="2024-02-29T14:51:26.165822" level="ERROR">Error in file 'C:\Users\Professional\PycharmProjects\RobotFramework\uploaddata\flex_variable.robot' on line 201: Setting variable '' failed: Invalid variable name ''.</msg>
<msg time="2024-02-29T14:51:26.166820" level="ERROR">Error in file 'C:\Users\Professional\PycharmProjects\RobotFramework\uploaddata\flex_variable.robot' on line 202: Setting variable '' failed: Invalid variable name ''.</msg>
<msg time="2024-02-29T14:51:26.166820" level="ERROR">Error in file 'C:\Users\Professional\PycharmProjects\RobotFramework\uploaddata\flex_variable.robot' on line 203: Setting variable '' failed: Invalid variable name ''.</msg>
<msg time="2024-02-29T14:51:26.166820" level="ERROR">Error in file 'C:\Users\Professional\PycharmProjects\RobotFramework\uploaddata\flex_variable.robot' on line 204: Setting variable '' failed: Invalid variable name ''.</msg>
<msg time="2024-02-29T14:51:26.167821" level="ERROR">Error in file 'C:\Users\Professional\PycharmProjects\RobotFramework\uploaddata\flex_variable.robot' on line 205: Setting variable '' failed: Invalid variable name ''.</msg>
<msg time="2024-02-29T14:51:26.167821" level="ERROR">Error in file 'C:\Users\Professional\PycharmProjects\RobotFramework\uploaddata\flex_variable.robot' on line 206: Setting variable '' failed: Invalid variable name ''.</msg>
<msg time="2024-02-29T14:51:26.168820" level="ERROR">Error in file 'C:\Users\Professional\PycharmProjects\RobotFramework\uploaddata\flex_variable.robot' on line 207: Setting variable '' failed: Invalid variable name ''.</msg>
<msg time="2024-02-29T14:51:26.168820" level="ERROR">Error in file 'C:\Users\Professional\PycharmProjects\RobotFramework\uploaddata\flex_variable.robot' on line 208: Setting variable '' failed: Invalid variable name ''.</msg>
<msg time="2024-02-29T14:51:26.169821" level="ERROR">Error in file 'C:\Users\Professional\PycharmProjects\RobotFramework\uploaddata\flex_variable.robot' on line 209: Setting variable '' failed: Invalid variable name ''.</msg>
<msg time="2024-02-29T14:51:26.169821" level="ERROR">Error in file 'C:\Users\Professional\PycharmProjects\RobotFramework\uploaddata\flex_variable.robot' on line 210: Setting variable '' failed: Invalid variable name ''.</msg>
<msg time="2024-02-29T14:51:26.169821" level="ERROR">Error in file 'C:\Users\Professional\PycharmProjects\RobotFramework\uploaddata\flex_variable.robot' on line 211: Setting variable '' failed: Invalid variable name ''.</msg>
<msg time="2024-02-29T14:51:26.170821" level="ERROR">Error in file 'C:\Users\Professional\PycharmProjects\RobotFramework\uploaddata\flex_variable.robot' on line 212: Setting variable '' failed: Invalid variable name ''.</msg>
<msg time="2024-02-29T14:51:26.170821" level="ERROR">Error in file 'C:\Users\Professional\PycharmProjects\RobotFramework\uploaddata\flex_variable.robot' on line 213: Setting variable '' failed: Invalid variable name ''.</msg>
<msg time="2024-02-29T14:51:26.171821" level="ERROR">Error in file 'C:\Users\Professional\PycharmProjects\RobotFramework\uploaddata\flex_variable.robot' on line 214: Setting variable '' failed: Invalid variable name ''.</msg>
<msg time="2024-02-29T14:51:26.171821" level="ERROR">Error in file 'C:\Users\Professional\PycharmProjects\RobotFramework\uploaddata\flex_variable.robot' on line 215: Setting variable '' failed: Invalid variable name ''.</msg>
<msg time="2024-02-29T14:51:26.171821" level="ERROR">Error in file 'C:\Users\Professional\PycharmProjects\RobotFramework\uploaddata\flex_variable.robot' on line 216: Setting variable '' failed: Invalid variable name ''.</msg>
<msg time="2024-02-29T14:51:26.172820" level="ERROR">Error in file 'C:\Users\Professional\PycharmProjects\RobotFramework\uploaddata\flex_variable.robot' on line 217: Setting variable '' failed: Invalid variable name ''.</msg>
<msg time="2024-02-29T14:51:26.172820" level="ERROR">Error in file 'C:\Users\Professional\PycharmProjects\RobotFramework\uploaddata\flex_variable.robot' on line 218: Setting variable '' failed: Invalid variable name ''.</msg>
<msg time="2024-02-29T14:51:26.173822" level="ERROR">Error in file 'C:\Users\Professional\PycharmProjects\RobotFramework\uploaddata\flex_variable.robot' on line 219: Setting variable '' failed: Invalid variable name ''.</msg>
<msg time="2024-02-29T14:51:26.173822" level="ERROR">Error in file 'C:\Users\Professional\PycharmProjects\RobotFramework\uploaddata\flex_variable.robot' on line 220: Setting variable '' failed: Invalid variable name ''.</msg>
<msg time="2024-02-29T14:51:26.173822" level="ERROR">Error in file 'C:\Users\Professional\PycharmProjects\RobotFramework\uploaddata\flex_variable.robot' on line 221: Setting variable '' failed: Invalid variable name ''.</msg>
<msg time="2024-02-29T14:51:26.174821" level="ERROR">Error in file 'C:\Users\Professional\PycharmProjects\RobotFramework\uploaddata\flex_variable.robot' on line 222: Setting variable '' failed: Invalid variable name ''.</msg>
<msg time="2024-02-29T14:51:26.174821" level="ERROR">Error in file 'C:\Users\Professional\PycharmProjects\RobotFramework\uploaddata\flex_variable.robot' on line 223: Setting variable '' failed: Invalid variable name ''.</msg>
<msg time="2024-02-29T14:51:26.174821" level="ERROR">Error in file 'C:\Users\Professional\PycharmProjects\RobotFramework\uploaddata\flex_variable.robot' on line 224: Setting variable '' failed: Invalid variable name ''.</msg>
<msg time="2024-02-29T14:51:26.175822" level="ERROR">Error in file 'C:\Users\Professional\PycharmProjects\RobotFramework\uploaddata\flex_variable.robot' on line 225: Setting variable '' failed: Invalid variable name ''.</msg>
<msg time="2024-02-29T14:51:26.175822" level="ERROR">Error in file 'C:\Users\Professional\PycharmProjects\RobotFramework\uploaddata\flex_variable.robot' on line 226: Setting variable '' failed: Invalid variable name ''.</msg>
<msg time="2024-02-29T14:51:26.176822" level="ERROR">Error in file 'C:\Users\Professional\PycharmProjects\RobotFramework\uploaddata\flex_variable.robot' on line 227: Setting variable '' failed: Invalid variable name ''.</msg>
<msg time="2024-02-29T14:51:26.176822" level="ERROR">Error in file 'C:\Users\Professional\PycharmProjects\RobotFramework\uploaddata\flex_variable.robot' on line 228: Setting variable '' failed: Invalid variable name ''.</msg>
<msg time="2024-02-29T14:51:26.176822" level="ERROR">Error in file 'C:\Users\Professional\PycharmProjects\RobotFramework\uploaddata\flex_variable.robot' on line 229: Setting variable '' failed: Invalid variable name ''.</msg>
<msg time="2024-02-29T14:51:26.177823" level="ERROR">Error in file 'C:\Users\Professional\PycharmProjects\RobotFramework\uploaddata\flex_variable.robot' on line 230: Setting variable '' failed: Invalid variable name ''.</msg>
<msg time="2024-02-29T14:51:26.177823" level="ERROR">Error in file 'C:\Users\Professional\PycharmProjects\RobotFramework\uploaddata\flex_variable.robot' on line 231: Setting variable '' failed: Invalid variable name ''.</msg>
<msg time="2024-02-29T14:51:26.177823" level="ERROR">Error in file 'C:\Users\Professional\PycharmProjects\RobotFramework\uploaddata\flex_variable.robot' on line 232: Setting variable '' failed: Invalid variable name ''.</msg>
<msg time="2024-02-29T14:51:26.178822" level="ERROR">Error in file 'C:\Users\Professional\PycharmProjects\RobotFramework\uploaddata\flex_variable.robot' on line 233: Setting variable '' failed: Invalid variable name ''.</msg>
<msg time="2024-02-29T14:51:26.178822" level="ERROR">Error in file 'C:\Users\Professional\PycharmProjects\RobotFramework\uploaddata\flex_variable.robot' on line 234: Setting variable '' failed: Invalid variable name ''.</msg>
<msg time="2024-02-29T14:51:26.179823" level="ERROR">Error in file 'C:\Users\Professional\PycharmProjects\RobotFramework\uploaddata\flex_variable.robot' on line 235: Setting variable '' failed: Invalid variable name ''.</msg>
<msg time="2024-02-29T14:51:26.179823" level="ERROR">Error in file 'C:\Users\Professional\PycharmProjects\RobotFramework\uploaddata\flex_variable.robot' on line 236: Setting variable '' failed: Invalid variable name ''.</msg>
<msg time="2024-02-29T14:51:26.179823" level="ERROR">Error in file 'C:\Users\Professional\PycharmProjects\RobotFramework\uploaddata\flex_variable.robot' on line 237: Setting variable '' failed: Invalid variable name ''.</msg>
<msg time="2024-02-29T14:51:26.180822" level="ERROR">Error in file 'C:\Users\Professional\PycharmProjects\RobotFramework\uploaddata\flex_variable.robot' on line 238: Setting variable '' failed: Invalid variable name ''.</msg>
<msg time="2024-02-29T14:51:26.180822" level="ERROR">Error in file 'C:\Users\Professional\PycharmProjects\RobotFramework\uploaddata\flex_variable.robot' on line 239: Setting variable '' failed: Invalid variable name ''.</msg>
<msg time="2024-02-29T14:51:26.181823" level="ERROR">Error in file 'C:\Users\Professional\PycharmProjects\RobotFramework\uploaddata\flex_variable.robot' on line 240: Setting variable '' failed: Invalid variable name ''.</msg>
<msg time="2024-02-29T14:51:26.181823" level="ERROR">Error in file 'C:\Users\Professional\PycharmProjects\RobotFramework\uploaddata\flex_variable.robot' on line 241: Setting variable '' failed: Invalid variable name ''.</msg>
<msg time="2024-02-29T14:51:26.182825" level="ERROR">Error in file 'C:\Users\Professional\PycharmProjects\RobotFramework\uploaddata\flex_variable.robot' on line 242: Setting variable '' failed: Invalid variable name ''.</msg>
<msg time="2024-02-29T14:51:26.182825" level="ERROR">Error in file 'C:\Users\Professional\PycharmProjects\RobotFramework\uploaddata\flex_variable.robot' on line 243: Setting variable '' failed: Invalid variable name ''.</msg>
<msg time="2024-02-29T14:51:26.182825" level="ERROR">Error in file 'C:\Users\Professional\PycharmProjects\RobotFramework\uploaddata\flex_variable.robot' on line 244: Setting variable '' failed: Invalid variable name ''.</msg>
<msg time="2024-02-29T14:51:26.183824" level="ERROR">Error in file 'C:\Users\Professional\PycharmProjects\RobotFramework\uploaddata\flex_variable.robot' on line 245: Setting variable '' failed: Invalid variable name ''.</msg>
<msg time="2024-02-29T14:51:26.183824" level="ERROR">Error in file 'C:\Users\Professional\PycharmProjects\RobotFramework\uploaddata\flex_variable.robot' on line 246: Setting variable '' failed: Invalid variable name ''.</msg>
<msg time="2024-02-29T14:51:26.184824" level="ERROR">Error in file 'C:\Users\Professional\PycharmProjects\RobotFramework\uploaddata\flex_variable.robot' on line 247: Setting variable '' failed: Invalid variable name ''.</msg>
<msg time="2024-02-29T14:51:26.185825" level="ERROR">Error in file 'C:\Users\Professional\PycharmProjects\RobotFramework\uploaddata\flex_variable.robot' on line 248: Setting variable '' failed: Invalid variable name ''.</msg>
<msg time="2024-02-29T14:51:26.185825" level="ERROR">Error in file 'C:\Users\Professional\PycharmProjects\RobotFramework\uploaddata\flex_variable.robot' on line 249: Setting variable '' failed: Invalid variable name ''.</msg>
<msg time="2024-02-29T14:51:26.185825" level="ERROR">Error in file 'C:\Users\Professional\PycharmProjects\RobotFramework\uploaddata\flex_variable.robot' on line 250: Setting variable '' failed: Invalid variable name ''.</msg>
<msg time="2024-02-29T14:51:26.186823" level="ERROR">Error in file 'C:\Users\Professional\PycharmProjects\RobotFramework\uploaddata\flex_variable.robot' on line 251: Setting variable '' failed: Invalid variable name ''.</msg>
<msg time="2024-02-29T14:51:26.186823" level="ERROR">Error in file 'C:\Users\Professional\PycharmProjects\RobotFramework\uploaddata\flex_variable.robot' on line 252: Setting variable '' failed: Invalid variable name ''.</msg>
<msg time="2024-02-29T14:51:26.187825" level="ERROR">Error in file 'C:\Users\Professional\PycharmProjects\RobotFramework\uploaddata\flex_variable.robot' on line 253: Setting variable '' failed: Invalid variable name ''.</msg>
<msg time="2024-02-29T14:51:26.187825" level="ERROR">Error in file 'C:\Users\Professional\PycharmProjects\RobotFramework\uploaddata\flex_variable.robot' on line 254: Setting variable '' failed: Invalid variable name ''.</msg>
<msg time="2024-02-29T14:51:26.188825" level="ERROR">Error in file 'C:\Users\Professional\PycharmProjects\RobotFramework\uploaddata\flex_variable.robot' on line 255: Setting variable '' failed: Invalid variable name ''.</msg>
<msg time="2024-02-29T14:51:26.188825" level="ERROR">Error in file 'C:\Users\Professional\PycharmProjects\RobotFramework\uploaddata\flex_variable.robot' on line 256: Setting variable '' failed: Invalid variable name ''.</msg>
<msg time="2024-02-29T14:51:26.189825" level="ERROR">Error in file 'C:\Users\Professional\PycharmProjects\RobotFramework\uploaddata\flex_variable.robot' on line 257: Setting variable '' failed: Invalid variable name ''.</msg>
<msg time="2024-02-29T14:51:26.189825" level="ERROR">Error in file 'C:\Users\Professional\PycharmProjects\RobotFramework\uploaddata\flex_variable.robot' on line 258: Setting variable '' failed: Invalid variable name ''.</msg>
<msg time="2024-02-29T14:51:26.189825" level="ERROR">Error in file 'C:\Users\Professional\PycharmProjects\RobotFramework\uploaddata\flex_variable.robot' on line 259: Setting variable '' failed: Invalid variable name ''.</msg>
<msg time="2024-02-29T14:51:26.190826" level="ERROR">Error in file 'C:\Users\Professional\PycharmProjects\RobotFramework\uploaddata\flex_variable.robot' on line 260: Setting variable '' failed: Invalid variable name ''.</msg>
<msg time="2024-02-29T14:51:26.190826" level="ERROR">Error in file 'C:\Users\Professional\PycharmProjects\RobotFramework\uploaddata\flex_variable.robot' on line 261: Setting variable '' failed: Invalid variable name ''.</msg>
<msg time="2024-02-29T14:51:26.190826" level="ERROR">Error in file 'C:\Users\Professional\PycharmProjects\RobotFramework\uploaddata\flex_variable.robot' on line 262: Setting variable '' failed: Invalid variable name ''.</msg>
<msg time="2024-02-29T14:51:26.191825" level="ERROR">Error in file 'C:\Users\Professional\PycharmProjects\RobotFramework\uploaddata\flex_variable.robot' on line 263: Setting variable '' failed: Invalid variable name ''.</msg>
<msg time="2024-02-29T14:51:26.191825" level="ERROR">Error in file 'C:\Users\Professional\PycharmProjects\RobotFramework\uploaddata\flex_variable.robot' on line 264: Setting variable '' failed: Invalid variable name ''.</msg>
<msg time="2024-02-29T14:51:26.191825" level="ERROR">Error in file 'C:\Users\Professional\PycharmProjects\RobotFramework\uploaddata\flex_variable.robot' on line 265: Setting variable '' failed: Invalid variable name ''.</msg>
<msg time="2024-02-29T14:51:26.192826" level="ERROR">Error in file 'C:\Users\Professional\PycharmProjects\RobotFramework\uploaddata\flex_variable.robot' on line 266: Setting variable '}' failed: Invalid variable name '}'.</msg>
</errors>
</robot>
