<?xml version="1.0" encoding="UTF-8"?>
<robot generator="Robot 6.1.1 (Python 3.10.10 on win32)" generated="20240530 12:05:37.879" rpa="false" schemaversion="4">
<suite id="s1" name="Group1" source="C:\Users\Professional\PycharmProjects\RobotFramework\tests\Group1.robot">
<test id="s1-t1" name="Upload an image for the image item" line="616">
<kw name="Setup Chrome Webdriver and Access URL" library="Keywords" type="SETUP">
<kw name="Get Chromedriver Path" library="driversync">
<var>${chromedriver_path}</var>
<msg timestamp="20240530 12:05:38.446" level="INFO">====== WebDriver manager ======</msg>
<msg timestamp="20240530 12:05:39.259" level="INFO">Get LATEST chromedriver version for google-chrome</msg>
<msg timestamp="20240530 12:05:39.378" level="INFO">Get LATEST chromedriver version for google-chrome</msg>
<msg timestamp="20240530 12:05:39.494" level="INFO">Driver [C:\Users\Professional\.wdm\drivers\chromedriver\win64\125.0.6422.78\chromedriver-win32/chromedriver.exe] found in cache</msg>
<msg timestamp="20240530 12:05:39.494" level="INFO">C:\Users\Professional\.wdm\drivers\chromedriver\win64\125.0.6422.78\chromedriver-win32/chromedriver.exe</msg>
<msg timestamp="20240530 12:05:39.495" level="INFO">${chromedriver_path} = C:\Users\Professional\.wdm\drivers\chromedriver\win64\125.0.6422.78\chromedriver-win32/chromedriver.exe</msg>
<status status="PASS" starttime="20240530 12:05:38.445" endtime="20240530 12:05:39.495"/>
</kw>
<kw name="Evaluate" library="BuiltIn">
<var>${options}</var>
<arg>sys.modules['selenium.webdriver'].ChromeOptions()</arg>
<arg>sys</arg>
<doc>Evaluates the given expression in Python and returns the result.</doc>
<msg timestamp="20240530 12:05:39.495" level="INFO">${options} = &lt;selenium.webdriver.chrome.options.Options object at 0x000002572F82D870&gt;</msg>
<status status="PASS" starttime="20240530 12:05:39.495" endtime="20240530 12:05:39.495"/>
</kw>
<kw name="Call Method" library="BuiltIn">
<arg>${options}</arg>
<arg>add_argument</arg>
<arg>--disable-notifications</arg>
<doc>Calls the named method of the given object with the provided arguments.</doc>
<status status="PASS" starttime="20240530 12:05:39.496" endtime="20240530 12:05:39.496"/>
</kw>
<kw name="Call Method" library="BuiltIn">
<arg>${options}</arg>
<arg>add_argument</arg>
<arg>--disable-infobars</arg>
<doc>Calls the named method of the given object with the provided arguments.</doc>
<status status="PASS" starttime="20240530 12:05:39.496" endtime="20240530 12:05:39.496"/>
</kw>
<kw name="Call Method" library="BuiltIn">
<arg>${options}</arg>
<arg>add_argument</arg>
<arg>--disable-extensions</arg>
<doc>Calls the named method of the given object with the provided arguments.</doc>
<status status="PASS" starttime="20240530 12:05:39.497" endtime="20240530 12:05:39.497"/>
</kw>
<kw name="Call Method" library="BuiltIn">
<arg>${options}</arg>
<arg>add_argument</arg>
<arg>--no-sandbox</arg>
<doc>Calls the named method of the given object with the provided arguments.</doc>
<status status="PASS" starttime="20240530 12:05:39.497" endtime="20240530 12:05:39.497"/>
</kw>
<kw name="Call Method" library="BuiltIn">
<arg>${options}</arg>
<arg>add_argument</arg>
<arg>--start-maximized</arg>
<doc>Calls the named method of the given object with the provided arguments.</doc>
<status status="PASS" starttime="20240530 12:05:39.498" endtime="20240530 12:05:39.498"/>
</kw>
<kw name="Open Browser" library="SeleniumLibrary">
<arg>https://pre.bonp.me//member</arg>
<arg>browser=chrome</arg>
<arg>options=${options}</arg>
<arg>executable_path=${chromedriver_path}</arg>
<doc>Opens a new browser instance to the optional ``url``.</doc>
<msg timestamp="20240530 12:05:39.499" level="INFO">Opening browser 'chrome' to base url 'https://pre.bonp.me//member'.</msg>
<status status="PASS" starttime="20240530 12:05:39.498" endtime="20240530 12:07:44.346"/>
</kw>
<kw name="Set Selenium Implicit Wait" library="SeleniumLibrary">
<arg>15s</arg>
<doc>Sets the implicit wait value used by Selenium.</doc>
<status status="PASS" starttime="20240530 12:07:44.347" endtime="20240530 12:07:44.349"/>
</kw>
<status status="PASS" starttime="20240530 12:05:38.445" endtime="20240530 12:07:44.350"/>
</kw>
<kw name="Set Variable" library="BuiltIn">
<var>${my_imageitem_image}</var>
<arg>${IMAGE_PATH}\\flamingo.jpg</arg>
<doc>Returns the given values which can then be assigned to a variables.</doc>
<msg timestamp="20240530 12:07:44.351" level="INFO">${my_imageitem_image} = C:\Users\Professional\PycharmProjects\RobotFramework\uploaddata\flamingo.jpg</msg>
<status status="PASS" starttime="20240530 12:07:44.350" endtime="20240530 12:07:44.351"/>
</kw>
<kw name="Login" library="Keywords">
<arg>${credentials}[email]</arg>
<arg>${credentials}[password]</arg>
<kw name="Go To" library="SeleniumLibrary">
<arg>${environment}</arg>
<doc>Navigates the current browser window to the provided ``url``.</doc>
<msg timestamp="20240530 12:07:44.352" level="INFO">Opening url 'https://pre.bonp.me//member'</msg>
<status status="PASS" starttime="20240530 12:07:44.352" endtime="20240530 12:07:45.356"/>
</kw>
<kw name="Wait Until Element Is Visible and Enabled" library="Keywords">
<arg>${email_input}</arg>
<kw name="Wait Until Element Is Visible" library="SeleniumLibrary">
<arg>${locator}</arg>
<arg>timeout=${timeout}</arg>
<doc>Waits until the element ``locator`` is visible.</doc>
<status status="PASS" starttime="20240530 12:07:45.357" endtime="20240530 12:07:45.387"/>
</kw>
<kw name="Wait Until Element Is Enabled" library="SeleniumLibrary">
<arg>${locator}</arg>
<arg>timeout=${timeout}</arg>
<doc>Waits until the element ``locator`` is enabled.</doc>
<status status="PASS" starttime="20240530 12:07:45.387" endtime="20240530 12:07:45.416"/>
</kw>
<status status="PASS" starttime="20240530 12:07:45.357" endtime="20240530 12:07:45.416"/>
</kw>
<kw name="Input Text" library="SeleniumLibrary">
<arg>${email_input}</arg>
<arg>${username}</arg>
<doc>Types the given ``text`` into the text field identified by ``locator``.</doc>
<msg timestamp="20240530 12:07:45.418" level="INFO">Typing text 'alexandra@evolany.com' into text field '//input[@name='email']'.</msg>
<status status="PASS" starttime="20240530 12:07:45.417" endtime="20240530 12:07:45.546"/>
</kw>
<kw name="Wait Until Element Is Visible and Enabled" library="Keywords">
<arg>${pass_input}</arg>
<kw name="Wait Until Element Is Visible" library="SeleniumLibrary">
<arg>${locator}</arg>
<arg>timeout=${timeout}</arg>
<doc>Waits until the element ``locator`` is visible.</doc>
<status status="PASS" starttime="20240530 12:07:45.547" endtime="20240530 12:07:45.575"/>
</kw>
<kw name="Wait Until Element Is Enabled" library="SeleniumLibrary">
<arg>${locator}</arg>
<arg>timeout=${timeout}</arg>
<doc>Waits until the element ``locator`` is enabled.</doc>
<status status="PASS" starttime="20240530 12:07:45.575" endtime="20240530 12:07:45.601"/>
</kw>
<status status="PASS" starttime="20240530 12:07:45.546" endtime="20240530 12:07:45.601"/>
</kw>
<kw name="Input Text" library="SeleniumLibrary">
<arg>${pass_input}</arg>
<arg>${password}</arg>
<doc>Types the given ``text`` into the text field identified by ``locator``.</doc>
<msg timestamp="20240530 12:07:45.602" level="INFO">Typing text 'mP5:eR2$mO3#oA3|fS1*' into text field '//input[@name='pass']'.</msg>
<status status="PASS" starttime="20240530 12:07:45.602" endtime="20240530 12:07:45.695"/>
</kw>
<kw name="Wait Until Element Is Visible and Enabled" library="Keywords">
<arg>${submit_button}</arg>
<kw name="Wait Until Element Is Visible" library="SeleniumLibrary">
<arg>${locator}</arg>
<arg>timeout=${timeout}</arg>
<doc>Waits until the element ``locator`` is visible.</doc>
<status status="PASS" starttime="20240530 12:07:45.696" endtime="20240530 12:07:45.717"/>
</kw>
<kw name="Wait Until Element Is Enabled" library="SeleniumLibrary">
<arg>${locator}</arg>
<arg>timeout=${timeout}</arg>
<doc>Waits until the element ``locator`` is enabled.</doc>
<status status="PASS" starttime="20240530 12:07:45.718" endtime="20240530 12:07:45.740"/>
</kw>
<status status="PASS" starttime="20240530 12:07:45.696" endtime="20240530 12:07:45.740"/>
</kw>
<kw name="Click Button" library="SeleniumLibrary">
<arg>${submit_button}</arg>
<doc>Clicks the button identified by ``locator``.</doc>
<msg timestamp="20240530 12:07:45.741" level="INFO">Clicking button '//button[@type='text']'.</msg>
<status status="PASS" starttime="20240530 12:07:45.741" endtime="20240530 12:07:45.802"/>
</kw>
<status status="PASS" starttime="20240530 12:07:44.351" endtime="20240530 12:07:45.802"/>
</kw>
<kw name="Open Specified Bot" library="Keywords">
<arg>${bot_names_list}</arg>
<arg>${my_api10_bot_name}</arg>
<kw name="Wait Until Element Is Visible and Enabled" library="Keywords">
<arg>${table_locator}</arg>
<kw name="Wait Until Element Is Visible" library="SeleniumLibrary">
<arg>${locator}</arg>
<arg>timeout=${timeout}</arg>
<doc>Waits until the element ``locator`` is visible.</doc>
<status status="PASS" starttime="20240530 12:07:45.804" endtime="20240530 12:07:55.839"/>
</kw>
<kw name="Wait Until Element Is Enabled" library="SeleniumLibrary">
<arg>${locator}</arg>
<arg>timeout=${timeout}</arg>
<doc>Waits until the element ``locator`` is enabled.</doc>
<status status="PASS" starttime="20240530 12:07:55.840" endtime="20240530 12:07:55.863"/>
</kw>
<status status="PASS" starttime="20240530 12:07:45.803" endtime="20240530 12:07:55.863"/>
</kw>
<kw name="Get WebElements" library="SeleniumLibrary">
<var>${table_elements}</var>
<arg>${table_locator}//td</arg>
<doc>Returns a list of WebElement objects matching the ``locator``.</doc>
<msg timestamp="20240530 12:07:56.208" level="INFO">${table_elements} = [&lt;selenium.webdriver.remote.webelement.WebElement (session="da729d86144f2ceaefb691ec755131a2", element="f.C5AEC35433F99182ED665E5C2FA8A8C3.d.490BC27E7DD0EBF608A6B5357C231C27.e.740")&gt;, &lt;selenium.webdri...</msg>
<status status="PASS" starttime="20240530 12:07:55.863" endtime="20240530 12:07:56.209"/>
</kw>
<for flavor="IN">
<var>${cell_element}</var>
<value>@{table_elements}</value>
<iter>
<var name="${cell_element}">&lt;selenium.webdriver.remote.webelement.WebElement (session="da729d86144f2ceaefb691ec755131a2", element="f.C5AEC35433F99182ED665E5C2FA8A8C3.d.490BC27E7DD0EBF608A6B5357C231C27.e.740")&gt;</var>
<kw name="Get Text" library="SeleniumLibrary">
<var>${cell_text}</var>
<arg>${cell_element}</arg>
<doc>Returns the text value of the element identified by ``locator``.</doc>
<msg timestamp="20240530 12:07:56.224" level="INFO">${cell_text} = 1195</msg>
<status status="PASS" starttime="20240530 12:07:56.209" endtime="20240530 12:07:56.224"/>
</kw>
<kw name="Run Keyword If" library="BuiltIn">
<arg>'${target_text}' in '${cell_text}'</arg>
<arg>Click Element</arg>
<arg>${cell_element}</arg>
<doc>Runs the given keyword with the given arguments, if ``condition`` is true.</doc>
<status status="PASS" starttime="20240530 12:07:56.225" endtime="20240530 12:07:56.225"/>
</kw>
<kw name="Exit For Loop If" library="BuiltIn">
<arg>'${target_text}' in '${cell_text}'</arg>
<doc>Stops executing the enclosing FOR loop if the ``condition`` is true.</doc>
<status status="PASS" starttime="20240530 12:07:56.225" endtime="20240530 12:07:56.226"/>
</kw>
<status status="PASS" starttime="20240530 12:07:56.209" endtime="20240530 12:07:56.226"/>
</iter>
<iter>
<var name="${cell_element}">&lt;selenium.webdriver.remote.webelement.WebElement (session="da729d86144f2ceaefb691ec755131a2", element="f.C5AEC35433F99182ED665E5C2FA8A8C3.d.490BC27E7DD0EBF608A6B5357C231C27.e.742")&gt;</var>
<kw name="Get Text" library="SeleniumLibrary">
<var>${cell_text}</var>
<arg>${cell_element}</arg>
<doc>Returns the text value of the element identified by ``locator``.</doc>
<msg timestamp="20240530 12:07:56.235" level="INFO">${cell_text} = Tina-230530-brv2-api10</msg>
<status status="PASS" starttime="20240530 12:07:56.226" endtime="20240530 12:07:56.235"/>
</kw>
<kw name="Run Keyword If" library="BuiltIn">
<arg>'${target_text}' in '${cell_text}'</arg>
<arg>Click Element</arg>
<arg>${cell_element}</arg>
<doc>Runs the given keyword with the given arguments, if ``condition`` is true.</doc>
<status status="PASS" starttime="20240530 12:07:56.236" endtime="20240530 12:07:56.236"/>
</kw>
<kw name="Exit For Loop If" library="BuiltIn">
<arg>'${target_text}' in '${cell_text}'</arg>
<doc>Stops executing the enclosing FOR loop if the ``condition`` is true.</doc>
<status status="PASS" starttime="20240530 12:07:56.236" endtime="20240530 12:07:56.237"/>
</kw>
<status status="PASS" starttime="20240530 12:07:56.226" endtime="20240530 12:07:56.237"/>
</iter>
<iter>
<var name="${cell_element}">&lt;selenium.webdriver.remote.webelement.WebElement (session="da729d86144f2ceaefb691ec755131a2", element="f.C5AEC35433F99182ED665E5C2FA8A8C3.d.490BC27E7DD0EBF608A6B5357C231C27.e.744")&gt;</var>
<kw name="Get Text" library="SeleniumLibrary">
<var>${cell_text}</var>
<arg>${cell_element}</arg>
<doc>Returns the text value of the element identified by ``locator``.</doc>
<msg timestamp="20240530 12:07:56.247" level="INFO">${cell_text} = Alexandra</msg>
<status status="PASS" starttime="20240530 12:07:56.238" endtime="20240530 12:07:56.247"/>
</kw>
<kw name="Run Keyword If" library="BuiltIn">
<arg>'${target_text}' in '${cell_text}'</arg>
<arg>Click Element</arg>
<arg>${cell_element}</arg>
<doc>Runs the given keyword with the given arguments, if ``condition`` is true.</doc>
<status status="PASS" starttime="20240530 12:07:56.247" endtime="20240530 12:07:56.248"/>
</kw>
<kw name="Exit For Loop If" library="BuiltIn">
<arg>'${target_text}' in '${cell_text}'</arg>
<doc>Stops executing the enclosing FOR loop if the ``condition`` is true.</doc>
<status status="PASS" starttime="20240530 12:07:56.248" endtime="20240530 12:07:56.248"/>
</kw>
<status status="PASS" starttime="20240530 12:07:56.237" endtime="20240530 12:07:56.248"/>
</iter>
<iter>
<var name="${cell_element}">&lt;selenium.webdriver.remote.webelement.WebElement (session="da729d86144f2ceaefb691ec755131a2", element="f.C5AEC35433F99182ED665E5C2FA8A8C3.d.490BC27E7DD0EBF608A6B5357C231C27.e.746")&gt;</var>
<kw name="Get Text" library="SeleniumLibrary">
<var>${cell_text}</var>
<arg>${cell_element}</arg>
<doc>Returns the text value of the element identified by ``locator``.</doc>
<msg timestamp="20240530 12:07:56.258" level="INFO">${cell_text} = pro</msg>
<status status="PASS" starttime="20240530 12:07:56.249" endtime="20240530 12:07:56.258"/>
</kw>
<kw name="Run Keyword If" library="BuiltIn">
<arg>'${target_text}' in '${cell_text}'</arg>
<arg>Click Element</arg>
<arg>${cell_element}</arg>
<doc>Runs the given keyword with the given arguments, if ``condition`` is true.</doc>
<status status="PASS" starttime="20240530 12:07:56.259" endtime="20240530 12:07:56.259"/>
</kw>
<kw name="Exit For Loop If" library="BuiltIn">
<arg>'${target_text}' in '${cell_text}'</arg>
<doc>Stops executing the enclosing FOR loop if the ``condition`` is true.</doc>
<status status="PASS" starttime="20240530 12:07:56.259" endtime="20240530 12:07:56.260"/>
</kw>
<status status="PASS" starttime="20240530 12:07:56.249" endtime="20240530 12:07:56.260"/>
</iter>
<iter>
<var name="${cell_element}">&lt;selenium.webdriver.remote.webelement.WebElement (session="da729d86144f2ceaefb691ec755131a2", element="f.C5AEC35433F99182ED665E5C2FA8A8C3.d.490BC27E7DD0EBF608A6B5357C231C27.e.748")&gt;</var>
<kw name="Get Text" library="SeleniumLibrary">
<var>${cell_text}</var>
<arg>${cell_element}</arg>
<doc>Returns the text value of the element identified by ``locator``.</doc>
<msg timestamp="20240530 12:07:56.268" level="INFO">${cell_text} = 0</msg>
<status status="PASS" starttime="20240530 12:07:56.260" endtime="20240530 12:07:56.269"/>
</kw>
<kw name="Run Keyword If" library="BuiltIn">
<arg>'${target_text}' in '${cell_text}'</arg>
<arg>Click Element</arg>
<arg>${cell_element}</arg>
<doc>Runs the given keyword with the given arguments, if ``condition`` is true.</doc>
<status status="PASS" starttime="20240530 12:07:56.269" endtime="20240530 12:07:56.269"/>
</kw>
<kw name="Exit For Loop If" library="BuiltIn">
<arg>'${target_text}' in '${cell_text}'</arg>
<doc>Stops executing the enclosing FOR loop if the ``condition`` is true.</doc>
<status status="PASS" starttime="20240530 12:07:56.270" endtime="20240530 12:07:56.271"/>
</kw>
<status status="PASS" starttime="20240530 12:07:56.260" endtime="20240530 12:07:56.271"/>
</iter>
<iter>
<var name="${cell_element}">&lt;selenium.webdriver.remote.webelement.WebElement (session="da729d86144f2ceaefb691ec755131a2", element="f.C5AEC35433F99182ED665E5C2FA8A8C3.d.490BC27E7DD0EBF608A6B5357C231C27.e.750")&gt;</var>
<kw name="Get Text" library="SeleniumLibrary">
<var>${cell_text}</var>
<arg>${cell_element}</arg>
<doc>Returns the text value of the element identified by ``locator``.</doc>
<msg timestamp="20240530 12:07:56.294" level="INFO">${cell_text} = Tina</msg>
<status status="PASS" starttime="20240530 12:07:56.272" endtime="20240530 12:07:56.294"/>
</kw>
<kw name="Run Keyword If" library="BuiltIn">
<arg>'${target_text}' in '${cell_text}'</arg>
<arg>Click Element</arg>
<arg>${cell_element}</arg>
<doc>Runs the given keyword with the given arguments, if ``condition`` is true.</doc>
<status status="PASS" starttime="20240530 12:07:56.294" endtime="20240530 12:07:56.294"/>
</kw>
<kw name="Exit For Loop If" library="BuiltIn">
<arg>'${target_text}' in '${cell_text}'</arg>
<doc>Stops executing the enclosing FOR loop if the ``condition`` is true.</doc>
<status status="PASS" starttime="20240530 12:07:56.295" endtime="20240530 12:07:56.295"/>
</kw>
<status status="PASS" starttime="20240530 12:07:56.271" endtime="20240530 12:07:56.295"/>
</iter>
<iter>
<var name="${cell_element}">&lt;selenium.webdriver.remote.webelement.WebElement (session="da729d86144f2ceaefb691ec755131a2", element="f.C5AEC35433F99182ED665E5C2FA8A8C3.d.490BC27E7DD0EBF608A6B5357C231C27.e.752")&gt;</var>
<kw name="Get Text" library="SeleniumLibrary">
<var>${cell_text}</var>
<arg>${cell_element}</arg>
<doc>Returns the text value of the element identified by ``locator``.</doc>
<msg timestamp="20240530 12:07:56.305" level="INFO">${cell_text} = 2024-05-30</msg>
<status status="PASS" starttime="20240530 12:07:56.296" endtime="20240530 12:07:56.305"/>
</kw>
<kw name="Run Keyword If" library="BuiltIn">
<arg>'${target_text}' in '${cell_text}'</arg>
<arg>Click Element</arg>
<arg>${cell_element}</arg>
<doc>Runs the given keyword with the given arguments, if ``condition`` is true.</doc>
<status status="PASS" starttime="20240530 12:07:56.306" endtime="20240530 12:07:56.306"/>
</kw>
<kw name="Exit For Loop If" library="BuiltIn">
<arg>'${target_text}' in '${cell_text}'</arg>
<doc>Stops executing the enclosing FOR loop if the ``condition`` is true.</doc>
<status status="PASS" starttime="20240530 12:07:56.306" endtime="20240530 12:07:56.307"/>
</kw>
<status status="PASS" starttime="20240530 12:07:56.295" endtime="20240530 12:07:56.307"/>
</iter>
<iter>
<var name="${cell_element}">&lt;selenium.webdriver.remote.webelement.WebElement (session="da729d86144f2ceaefb691ec755131a2", element="f.C5AEC35433F99182ED665E5C2FA8A8C3.d.490BC27E7DD0EBF608A6B5357C231C27.e.754")&gt;</var>
<kw name="Get Text" library="SeleniumLibrary">
<var>${cell_text}</var>
<arg>${cell_element}</arg>
<doc>Returns the text value of the element identified by ``locator``.</doc>
<msg timestamp="20240530 12:07:56.316" level="INFO">${cell_text} = 2024-05-30</msg>
<status status="PASS" starttime="20240530 12:07:56.307" endtime="20240530 12:07:56.316"/>
</kw>
<kw name="Run Keyword If" library="BuiltIn">
<arg>'${target_text}' in '${cell_text}'</arg>
<arg>Click Element</arg>
<arg>${cell_element}</arg>
<doc>Runs the given keyword with the given arguments, if ``condition`` is true.</doc>
<status status="PASS" starttime="20240530 12:07:56.316" endtime="20240530 12:07:56.317"/>
</kw>
<kw name="Exit For Loop If" library="BuiltIn">
<arg>'${target_text}' in '${cell_text}'</arg>
<doc>Stops executing the enclosing FOR loop if the ``condition`` is true.</doc>
<status status="PASS" starttime="20240530 12:07:56.317" endtime="20240530 12:07:56.317"/>
</kw>
<status status="PASS" starttime="20240530 12:07:56.307" endtime="20240530 12:07:56.318"/>
</iter>
<iter>
<var name="${cell_element}">&lt;selenium.webdriver.remote.webelement.WebElement (session="da729d86144f2ceaefb691ec755131a2", element="f.C5AEC35433F99182ED665E5C2FA8A8C3.d.490BC27E7DD0EBF608A6B5357C231C27.e.760")&gt;</var>
<kw name="Get Text" library="SeleniumLibrary">
<var>${cell_text}</var>
<arg>${cell_element}</arg>
<doc>Returns the text value of the element identified by ``locator``.</doc>
<msg timestamp="20240530 12:07:56.328" level="INFO">${cell_text} = </msg>
<status status="PASS" starttime="20240530 12:07:56.318" endtime="20240530 12:07:56.328"/>
</kw>
<kw name="Run Keyword If" library="BuiltIn">
<arg>'${target_text}' in '${cell_text}'</arg>
<arg>Click Element</arg>
<arg>${cell_element}</arg>
<doc>Runs the given keyword with the given arguments, if ``condition`` is true.</doc>
<status status="PASS" starttime="20240530 12:07:56.329" endtime="20240530 12:07:56.329"/>
</kw>
<kw name="Exit For Loop If" library="BuiltIn">
<arg>'${target_text}' in '${cell_text}'</arg>
<doc>Stops executing the enclosing FOR loop if the ``condition`` is true.</doc>
<status status="PASS" starttime="20240530 12:07:56.329" endtime="20240530 12:07:56.330"/>
</kw>
<status status="PASS" starttime="20240530 12:07:56.318" endtime="20240530 12:07:56.330"/>
</iter>
<iter>
<var name="${cell_element}">&lt;selenium.webdriver.remote.webelement.WebElement (session="da729d86144f2ceaefb691ec755131a2", element="f.C5AEC35433F99182ED665E5C2FA8A8C3.d.490BC27E7DD0EBF608A6B5357C231C27.e.717")&gt;</var>
<kw name="Get Text" library="SeleniumLibrary">
<var>${cell_text}</var>
<arg>${cell_element}</arg>
<doc>Returns the text value of the element identified by ``locator``.</doc>
<msg timestamp="20240530 12:07:56.339" level="INFO">${cell_text} = 1193</msg>
<status status="PASS" starttime="20240530 12:07:56.330" endtime="20240530 12:07:56.340"/>
</kw>
<kw name="Run Keyword If" library="BuiltIn">
<arg>'${target_text}' in '${cell_text}'</arg>
<arg>Click Element</arg>
<arg>${cell_element}</arg>
<doc>Runs the given keyword with the given arguments, if ``condition`` is true.</doc>
<status status="PASS" starttime="20240530 12:07:56.340" endtime="20240530 12:07:56.340"/>
</kw>
<kw name="Exit For Loop If" library="BuiltIn">
<arg>'${target_text}' in '${cell_text}'</arg>
<doc>Stops executing the enclosing FOR loop if the ``condition`` is true.</doc>
<status status="PASS" starttime="20240530 12:07:56.341" endtime="20240530 12:07:56.341"/>
</kw>
<status status="PASS" starttime="20240530 12:07:56.330" endtime="20240530 12:07:56.341"/>
</iter>
<iter>
<var name="${cell_element}">&lt;selenium.webdriver.remote.webelement.WebElement (session="da729d86144f2ceaefb691ec755131a2", element="f.C5AEC35433F99182ED665E5C2FA8A8C3.d.490BC27E7DD0EBF608A6B5357C231C27.e.719")&gt;</var>
<kw name="Get Text" library="SeleniumLibrary">
<var>${cell_text}</var>
<arg>${cell_element}</arg>
<doc>Returns the text value of the element identified by ``locator``.</doc>
<msg timestamp="20240530 12:07:56.350" level="INFO">${cell_text} = Tina-240522-brv2-api20</msg>
<status status="PASS" starttime="20240530 12:07:56.342" endtime="20240530 12:07:56.350"/>
</kw>
<kw name="Run Keyword If" library="BuiltIn">
<arg>'${target_text}' in '${cell_text}'</arg>
<arg>Click Element</arg>
<arg>${cell_element}</arg>
<doc>Runs the given keyword with the given arguments, if ``condition`` is true.</doc>
<status status="PASS" starttime="20240530 12:07:56.350" endtime="20240530 12:07:56.351"/>
</kw>
<kw name="Exit For Loop If" library="BuiltIn">
<arg>'${target_text}' in '${cell_text}'</arg>
<doc>Stops executing the enclosing FOR loop if the ``condition`` is true.</doc>
<status status="PASS" starttime="20240530 12:07:56.351" endtime="20240530 12:07:56.352"/>
</kw>
<status status="PASS" starttime="20240530 12:07:56.341" endtime="20240530 12:07:56.352"/>
</iter>
<iter>
<var name="${cell_element}">&lt;selenium.webdriver.remote.webelement.WebElement (session="da729d86144f2ceaefb691ec755131a2", element="f.C5AEC35433F99182ED665E5C2FA8A8C3.d.490BC27E7DD0EBF608A6B5357C231C27.e.721")&gt;</var>
<kw name="Get Text" library="SeleniumLibrary">
<var>${cell_text}</var>
<arg>${cell_element}</arg>
<doc>Returns the text value of the element identified by ``locator``.</doc>
<msg timestamp="20240530 12:07:56.362" level="INFO">${cell_text} = Alexandra</msg>
<status status="PASS" starttime="20240530 12:07:56.352" endtime="20240530 12:07:56.362"/>
</kw>
<kw name="Run Keyword If" library="BuiltIn">
<arg>'${target_text}' in '${cell_text}'</arg>
<arg>Click Element</arg>
<arg>${cell_element}</arg>
<doc>Runs the given keyword with the given arguments, if ``condition`` is true.</doc>
<status status="PASS" starttime="20240530 12:07:56.362" endtime="20240530 12:07:56.363"/>
</kw>
<kw name="Exit For Loop If" library="BuiltIn">
<arg>'${target_text}' in '${cell_text}'</arg>
<doc>Stops executing the enclosing FOR loop if the ``condition`` is true.</doc>
<status status="PASS" starttime="20240530 12:07:56.363" endtime="20240530 12:07:56.363"/>
</kw>
<status status="PASS" starttime="20240530 12:07:56.352" endtime="20240530 12:07:56.363"/>
</iter>
<iter>
<var name="${cell_element}">&lt;selenium.webdriver.remote.webelement.WebElement (session="da729d86144f2ceaefb691ec755131a2", element="f.C5AEC35433F99182ED665E5C2FA8A8C3.d.490BC27E7DD0EBF608A6B5357C231C27.e.723")&gt;</var>
<kw name="Get Text" library="SeleniumLibrary">
<var>${cell_text}</var>
<arg>${cell_element}</arg>
<doc>Returns the text value of the element identified by ``locator``.</doc>
<msg timestamp="20240530 12:07:56.373" level="INFO">${cell_text} = pro</msg>
<status status="PASS" starttime="20240530 12:07:56.364" endtime="20240530 12:07:56.373"/>
</kw>
<kw name="Run Keyword If" library="BuiltIn">
<arg>'${target_text}' in '${cell_text}'</arg>
<arg>Click Element</arg>
<arg>${cell_element}</arg>
<doc>Runs the given keyword with the given arguments, if ``condition`` is true.</doc>
<status status="PASS" starttime="20240530 12:07:56.373" endtime="20240530 12:07:56.374"/>
</kw>
<kw name="Exit For Loop If" library="BuiltIn">
<arg>'${target_text}' in '${cell_text}'</arg>
<doc>Stops executing the enclosing FOR loop if the ``condition`` is true.</doc>
<status status="PASS" starttime="20240530 12:07:56.374" endtime="20240530 12:07:56.374"/>
</kw>
<status status="PASS" starttime="20240530 12:07:56.364" endtime="20240530 12:07:56.375"/>
</iter>
<iter>
<var name="${cell_element}">&lt;selenium.webdriver.remote.webelement.WebElement (session="da729d86144f2ceaefb691ec755131a2", element="f.C5AEC35433F99182ED665E5C2FA8A8C3.d.490BC27E7DD0EBF608A6B5357C231C27.e.725")&gt;</var>
<kw name="Get Text" library="SeleniumLibrary">
<var>${cell_text}</var>
<arg>${cell_element}</arg>
<doc>Returns the text value of the element identified by ``locator``.</doc>
<msg timestamp="20240530 12:07:56.383" level="INFO">${cell_text} = 0</msg>
<status status="PASS" starttime="20240530 12:07:56.375" endtime="20240530 12:07:56.384"/>
</kw>
<kw name="Run Keyword If" library="BuiltIn">
<arg>'${target_text}' in '${cell_text}'</arg>
<arg>Click Element</arg>
<arg>${cell_element}</arg>
<doc>Runs the given keyword with the given arguments, if ``condition`` is true.</doc>
<status status="PASS" starttime="20240530 12:07:56.384" endtime="20240530 12:07:56.384"/>
</kw>
<kw name="Exit For Loop If" library="BuiltIn">
<arg>'${target_text}' in '${cell_text}'</arg>
<doc>Stops executing the enclosing FOR loop if the ``condition`` is true.</doc>
<status status="PASS" starttime="20240530 12:07:56.385" endtime="20240530 12:07:56.385"/>
</kw>
<status status="PASS" starttime="20240530 12:07:56.375" endtime="20240530 12:07:56.385"/>
</iter>
<iter>
<var name="${cell_element}">&lt;selenium.webdriver.remote.webelement.WebElement (session="da729d86144f2ceaefb691ec755131a2", element="f.C5AEC35433F99182ED665E5C2FA8A8C3.d.490BC27E7DD0EBF608A6B5357C231C27.e.727")&gt;</var>
<kw name="Get Text" library="SeleniumLibrary">
<var>${cell_text}</var>
<arg>${cell_element}</arg>
<doc>Returns the text value of the element identified by ``locator``.</doc>
<msg timestamp="20240530 12:07:56.395" level="INFO">${cell_text} = Alexandra</msg>
<status status="PASS" starttime="20240530 12:07:56.385" endtime="20240530 12:07:56.395"/>
</kw>
<kw name="Run Keyword If" library="BuiltIn">
<arg>'${target_text}' in '${cell_text}'</arg>
<arg>Click Element</arg>
<arg>${cell_element}</arg>
<doc>Runs the given keyword with the given arguments, if ``condition`` is true.</doc>
<status status="PASS" starttime="20240530 12:07:56.395" endtime="20240530 12:07:56.396"/>
</kw>
<kw name="Exit For Loop If" library="BuiltIn">
<arg>'${target_text}' in '${cell_text}'</arg>
<doc>Stops executing the enclosing FOR loop if the ``condition`` is true.</doc>
<status status="PASS" starttime="20240530 12:07:56.396" endtime="20240530 12:07:56.396"/>
</kw>
<status status="PASS" starttime="20240530 12:07:56.385" endtime="20240530 12:07:56.396"/>
</iter>
<iter>
<var name="${cell_element}">&lt;selenium.webdriver.remote.webelement.WebElement (session="da729d86144f2ceaefb691ec755131a2", element="f.C5AEC35433F99182ED665E5C2FA8A8C3.d.490BC27E7DD0EBF608A6B5357C231C27.e.729")&gt;</var>
<kw name="Get Text" library="SeleniumLibrary">
<var>${cell_text}</var>
<arg>${cell_element}</arg>
<doc>Returns the text value of the element identified by ``locator``.</doc>
<msg timestamp="20240530 12:07:56.406" level="INFO">${cell_text} = 2024-05-30</msg>
<status status="PASS" starttime="20240530 12:07:56.397" endtime="20240530 12:07:56.406"/>
</kw>
<kw name="Run Keyword If" library="BuiltIn">
<arg>'${target_text}' in '${cell_text}'</arg>
<arg>Click Element</arg>
<arg>${cell_element}</arg>
<doc>Runs the given keyword with the given arguments, if ``condition`` is true.</doc>
<status status="PASS" starttime="20240530 12:07:56.407" endtime="20240530 12:07:56.407"/>
</kw>
<kw name="Exit For Loop If" library="BuiltIn">
<arg>'${target_text}' in '${cell_text}'</arg>
<doc>Stops executing the enclosing FOR loop if the ``condition`` is true.</doc>
<status status="PASS" starttime="20240530 12:07:56.407" endtime="20240530 12:07:56.408"/>
</kw>
<status status="PASS" starttime="20240530 12:07:56.397" endtime="20240530 12:07:56.408"/>
</iter>
<iter>
<var name="${cell_element}">&lt;selenium.webdriver.remote.webelement.WebElement (session="da729d86144f2ceaefb691ec755131a2", element="f.C5AEC35433F99182ED665E5C2FA8A8C3.d.490BC27E7DD0EBF608A6B5357C231C27.e.731")&gt;</var>
<kw name="Get Text" library="SeleniumLibrary">
<var>${cell_text}</var>
<arg>${cell_element}</arg>
<doc>Returns the text value of the element identified by ``locator``.</doc>
<msg timestamp="20240530 12:07:56.417" level="INFO">${cell_text} = 2024-05-30</msg>
<status status="PASS" starttime="20240530 12:07:56.408" endtime="20240530 12:07:56.417"/>
</kw>
<kw name="Run Keyword If" library="BuiltIn">
<arg>'${target_text}' in '${cell_text}'</arg>
<arg>Click Element</arg>
<arg>${cell_element}</arg>
<doc>Runs the given keyword with the given arguments, if ``condition`` is true.</doc>
<status status="PASS" starttime="20240530 12:07:56.417" endtime="20240530 12:07:56.418"/>
</kw>
<kw name="Exit For Loop If" library="BuiltIn">
<arg>'${target_text}' in '${cell_text}'</arg>
<doc>Stops executing the enclosing FOR loop if the ``condition`` is true.</doc>
<status status="PASS" starttime="20240530 12:07:56.418" endtime="20240530 12:07:56.419"/>
</kw>
<status status="PASS" starttime="20240530 12:07:56.408" endtime="20240530 12:07:56.419"/>
</iter>
<iter>
<var name="${cell_element}">&lt;selenium.webdriver.remote.webelement.WebElement (session="da729d86144f2ceaefb691ec755131a2", element="f.C5AEC35433F99182ED665E5C2FA8A8C3.d.490BC27E7DD0EBF608A6B5357C231C27.e.737")&gt;</var>
<kw name="Get Text" library="SeleniumLibrary">
<var>${cell_text}</var>
<arg>${cell_element}</arg>
<doc>Returns the text value of the element identified by ``locator``.</doc>
<msg timestamp="20240530 12:07:56.430" level="INFO">${cell_text} = </msg>
<status status="PASS" starttime="20240530 12:07:56.419" endtime="20240530 12:07:56.430"/>
</kw>
<kw name="Run Keyword If" library="BuiltIn">
<arg>'${target_text}' in '${cell_text}'</arg>
<arg>Click Element</arg>
<arg>${cell_element}</arg>
<doc>Runs the given keyword with the given arguments, if ``condition`` is true.</doc>
<status status="PASS" starttime="20240530 12:07:56.430" endtime="20240530 12:07:56.431"/>
</kw>
<kw name="Exit For Loop If" library="BuiltIn">
<arg>'${target_text}' in '${cell_text}'</arg>
<doc>Stops executing the enclosing FOR loop if the ``condition`` is true.</doc>
<status status="PASS" starttime="20240530 12:07:56.431" endtime="20240530 12:07:56.431"/>
</kw>
<status status="PASS" starttime="20240530 12:07:56.419" endtime="20240530 12:07:56.431"/>
</iter>
<iter>
<var name="${cell_element}">&lt;selenium.webdriver.remote.webelement.WebElement (session="da729d86144f2ceaefb691ec755131a2", element="f.C5AEC35433F99182ED665E5C2FA8A8C3.d.490BC27E7DD0EBF608A6B5357C231C27.e.694")&gt;</var>
<kw name="Get Text" library="SeleniumLibrary">
<var>${cell_text}</var>
<arg>${cell_element}</arg>
<doc>Returns the text value of the element identified by ``locator``.</doc>
<msg timestamp="20240530 12:07:56.441" level="INFO">${cell_text} = 1192</msg>
<status status="PASS" starttime="20240530 12:07:56.432" endtime="20240530 12:07:56.441"/>
</kw>
<kw name="Run Keyword If" library="BuiltIn">
<arg>'${target_text}' in '${cell_text}'</arg>
<arg>Click Element</arg>
<arg>${cell_element}</arg>
<doc>Runs the given keyword with the given arguments, if ``condition`` is true.</doc>
<status status="PASS" starttime="20240530 12:07:56.441" endtime="20240530 12:07:56.442"/>
</kw>
<kw name="Exit For Loop If" library="BuiltIn">
<arg>'${target_text}' in '${cell_text}'</arg>
<doc>Stops executing the enclosing FOR loop if the ``condition`` is true.</doc>
<status status="PASS" starttime="20240530 12:07:56.442" endtime="20240530 12:07:56.442"/>
</kw>
<status status="PASS" starttime="20240530 12:07:56.432" endtime="20240530 12:07:56.442"/>
</iter>
<iter>
<var name="${cell_element}">&lt;selenium.webdriver.remote.webelement.WebElement (session="da729d86144f2ceaefb691ec755131a2", element="f.C5AEC35433F99182ED665E5C2FA8A8C3.d.490BC27E7DD0EBF608A6B5357C231C27.e.696")&gt;</var>
<kw name="Get Text" library="SeleniumLibrary">
<var>${cell_text}</var>
<arg>${cell_element}</arg>
<doc>Returns the text value of the element identified by ``locator``.</doc>
<msg timestamp="20240530 12:07:56.452" level="INFO">${cell_text} = test1</msg>
<status status="PASS" starttime="20240530 12:07:56.443" endtime="20240530 12:07:56.452"/>
</kw>
<kw name="Run Keyword If" library="BuiltIn">
<arg>'${target_text}' in '${cell_text}'</arg>
<arg>Click Element</arg>
<arg>${cell_element}</arg>
<doc>Runs the given keyword with the given arguments, if ``condition`` is true.</doc>
<kw name="Click Element" library="SeleniumLibrary">
<arg>${cell_element}</arg>
<doc>Click the element identified by ``locator``.</doc>
<msg timestamp="20240530 12:07:56.453" level="INFO">Clicking element '&lt;selenium.webdriver.remote.webelement.WebElement (session="da729d86144f2ceaefb691ec755131a2", element="f.C5AEC35433F99182ED665E5C2FA8A8C3.d.490BC27E7DD0EBF608A6B5357C231C27.e.696")&gt;'.</msg>
<status status="PASS" starttime="20240530 12:07:56.452" endtime="20240530 12:07:56.499"/>
</kw>
<status status="PASS" starttime="20240530 12:07:56.452" endtime="20240530 12:07:56.499"/>
</kw>
<kw name="Exit For Loop If" library="BuiltIn">
<arg>'${target_text}' in '${cell_text}'</arg>
<doc>Stops executing the enclosing FOR loop if the ``condition`` is true.</doc>
<msg timestamp="20240530 12:07:56.500" level="INFO">Exiting for loop altogether.</msg>
<status status="PASS" starttime="20240530 12:07:56.499" endtime="20240530 12:07:56.500"/>
</kw>
<status status="PASS" starttime="20240530 12:07:56.443" endtime="20240530 12:07:56.500"/>
</iter>
<status status="PASS" starttime="20240530 12:07:56.209" endtime="20240530 12:07:56.500"/>
</for>
<kw name="Wait Until Page Does Not Contain Element" library="SeleniumLibrary">
<arg>${loader_screen}</arg>
<arg>timeout=60s</arg>
<doc>Waits until the element ``locator`` disappears from the current page.</doc>
<status status="PASS" starttime="20240530 12:07:56.500" endtime="20240530 12:08:27.684"/>
</kw>
<status status="PASS" starttime="20240530 12:07:45.802" endtime="20240530 12:08:27.684"/>
</kw>
<kw name="Go To Chatflow Tab" library="Keywords">
<kw name="Click Element" library="SeleniumLibrary">
<arg>${chatflow_tab}</arg>
<doc>Click the element identified by ``locator``.</doc>
<msg timestamp="20240530 12:08:27.685" level="INFO">Clicking element '//dd[@name='navi-flow']'.</msg>
<status status="PASS" starttime="20240530 12:08:27.685" endtime="20240530 12:08:27.753"/>
</kw>
<kw name="Wait Until Element Is Visible and Enabled" library="Keywords">
<arg>${add_new_group}</arg>
<kw name="Wait Until Element Is Visible" library="SeleniumLibrary">
<arg>${locator}</arg>
<arg>timeout=${timeout}</arg>
<doc>Waits until the element ``locator`` is visible.</doc>
<status status="PASS" starttime="20240530 12:08:27.754" endtime="20240530 12:08:27.779"/>
</kw>
<kw name="Wait Until Element Is Enabled" library="SeleniumLibrary">
<arg>${locator}</arg>
<arg>timeout=${timeout}</arg>
<doc>Waits until the element ``locator`` is enabled.</doc>
<status status="PASS" starttime="20240530 12:08:27.780" endtime="20240530 12:08:27.808"/>
</kw>
<status status="PASS" starttime="20240530 12:08:27.754" endtime="20240530 12:08:27.808"/>
</kw>
<status status="PASS" starttime="20240530 12:08:27.684" endtime="20240530 12:08:27.808"/>
</kw>
<kw name="Select group and chatflow item" library="Keywords">
<arg>${group1}</arg>
<arg>${image1}</arg>
<kw name="Click Element" library="SeleniumLibrary">
<arg>${my_group_locator}</arg>
<doc>Click the element identified by ``locator``.</doc>
<msg timestamp="20240530 12:08:27.809" level="INFO">Clicking element '//h5[normalize-space()='group1']'.</msg>
<status status="PASS" starttime="20240530 12:08:27.809" endtime="20240530 12:08:28.288"/>
</kw>
<kw name="Click Element" library="SeleniumLibrary">
<arg>${my_item_locator}</arg>
<doc>Click the element identified by ``locator``.</doc>
<msg timestamp="20240530 12:08:28.289" level="INFO">Clicking element '//h5[normalize-space()='image1']'.</msg>
<status status="PASS" starttime="20240530 12:08:28.288" endtime="20240530 12:08:28.547"/>
</kw>
<status status="PASS" starttime="20240530 12:08:27.808" endtime="20240530 12:08:28.548"/>
</kw>
<kw name="Click My Element" library="Keywords">
<arg>${my_imageitem_camera_icon}</arg>
<kw name="Wait Until Element Is Visible" library="SeleniumLibrary">
<arg>${my_element_locator}</arg>
<doc>Waits until the element ``locator`` is visible.</doc>
<status status="PASS" starttime="20240530 12:08:28.548" endtime="20240530 12:08:28.584"/>
</kw>
<kw name="Click Element" library="SeleniumLibrary">
<arg>${my_element_locator}</arg>
<doc>Click the element identified by ``locator``.</doc>
<msg timestamp="20240530 12:08:28.585" level="INFO">Clicking element '(//ol[@class='card imagecard seq-0']/i[@class='icon camera large upload-btn'])[18]'.</msg>
<status status="PASS" starttime="20240530 12:08:28.585" endtime="20240530 12:08:28.634"/>
</kw>
<status status="PASS" starttime="20240530 12:08:28.548" endtime="20240530 12:08:28.635"/>
</kw>
<kw name="Sleep" library="BuiltIn">
<arg>4s</arg>
<doc>Pauses the test executed for the given time.</doc>
<msg timestamp="20240530 12:08:32.637" level="INFO">Slept 4 seconds</msg>
<status status="PASS" starttime="20240530 12:08:28.635" endtime="20240530 12:08:32.637"/>
</kw>
<kw name="Upload File" library="Keywords">
<arg>${my_imageitem_image}</arg>
<kw name="Upload Image Map Item Image" library="driversync">
<arg>${my_file_path}</arg>
<status status="PASS" starttime="20240530 12:08:32.638" endtime="20240530 12:08:33.977"/>
</kw>
<status status="PASS" starttime="20240530 12:08:32.638" endtime="20240530 12:08:33.977"/>
</kw>
<kw name="Sleep" library="BuiltIn">
<arg>10s</arg>
<doc>Pauses the test executed for the given time.</doc>
<msg timestamp="20240530 12:08:43.982" level="INFO">Slept 10 seconds</msg>
<status status="PASS" starttime="20240530 12:08:33.978" endtime="20240530 12:08:43.982"/>
</kw>
<kw name="Close Browser" library="SeleniumLibrary" type="TEARDOWN">
<doc>Closes the current browser.</doc>
<status status="PASS" starttime="20240530 12:08:43.982" endtime="20240530 12:08:47.850"/>
</kw>
<doc>This test uploades on image by link for "image1" item in the "group1" chatflow.</doc>
<tag>AppTab</tag>
<tag>Regression</tag>
<status status="PASS" starttime="20240530 12:05:38.444" endtime="20240530 12:08:47.850"/>
</test>
<status status="PASS" starttime="20240530 12:05:37.881" endtime="20240530 12:08:47.851"/>
</suite>
<statistics>
<total>
<stat pass="1" fail="0" skip="0">All Tests</stat>
</total>
<tag>
<stat pass="1" fail="0" skip="0">AppTab</stat>
<stat pass="1" fail="0" skip="0">Regression</stat>
</tag>
<suite>
<stat pass="1" fail="0" skip="0" id="s1" name="Group1">Group1</stat>
</suite>
</statistics>
<errors>
<msg timestamp="20240530 12:05:38.438" level="WARN">Imported resource file 'C:\Users\Professional\PycharmProjects\RobotFramework\uploaddata\flex_variable.robot' is empty.</msg>
</errors>
</robot>
