<?xml version="1.0" encoding="UTF-8"?>
<robot generator="Robot 6.1.1 (Python 3.10.10 on win32)" generated="20240304 16:06:21.029" rpa="false" schemaversion="4">
<suite id="s1" name="Booking" source="C:\Users\Professional\PycharmProjects\RobotFramework\tests\Booking.robot">
<test id="s1-t1" name="Setting up booking_reminder chatflow item" line="151">
<kw name="Setup Chrome Webdriver and Access URL" library="Keywords" type="SETUP">
<kw name="Get Chromedriver Path" library="driversync">
<var>${chromedriver_path}</var>
<msg timestamp="20240304 16:06:21.725" level="INFO">====== WebDriver manager ======</msg>
<msg timestamp="20240304 16:06:22.748" level="INFO">Get LATEST chromedriver version for google-chrome</msg>
<msg timestamp="20240304 16:06:22.869" level="INFO">Get LATEST chromedriver version for google-chrome</msg>
<msg timestamp="20240304 16:06:23.009" level="INFO">Driver [C:\Users\Professional\.wdm\drivers\chromedriver\win64\122.0.6261.94\chromedriver-win32/chromedriver.exe] found in cache</msg>
<msg timestamp="20240304 16:06:23.009" level="INFO">C:\Users\Professional\.wdm\drivers\chromedriver\win64\122.0.6261.94\chromedriver-win32/chromedriver.exe</msg>
<msg timestamp="20240304 16:06:23.009" level="INFO">${chromedriver_path} = C:\Users\Professional\.wdm\drivers\chromedriver\win64\122.0.6261.94\chromedriver-win32/chromedriver.exe</msg>
<status status="PASS" starttime="20240304 16:06:21.724" endtime="20240304 16:06:23.010"/>
</kw>
<kw name="Evaluate" library="BuiltIn">
<var>${options}</var>
<arg>sys.modules['selenium.webdriver'].ChromeOptions()</arg>
<arg>sys</arg>
<doc>Evaluates the given expression in Python and returns the result.</doc>
<msg timestamp="20240304 16:06:23.010" level="INFO">${options} = &lt;selenium.webdriver.chrome.options.Options object at 0x0000015371C16380&gt;</msg>
<status status="PASS" starttime="20240304 16:06:23.010" endtime="20240304 16:06:23.010"/>
</kw>
<kw name="Call Method" library="BuiltIn">
<arg>${options}</arg>
<arg>add_argument</arg>
<arg>--disable-notifications</arg>
<doc>Calls the named method of the given object with the provided arguments.</doc>
<status status="PASS" starttime="20240304 16:06:23.011" endtime="20240304 16:06:23.011"/>
</kw>
<kw name="Call Method" library="BuiltIn">
<arg>${options}</arg>
<arg>add_argument</arg>
<arg>--disable-infobars</arg>
<doc>Calls the named method of the given object with the provided arguments.</doc>
<status status="PASS" starttime="20240304 16:06:23.011" endtime="20240304 16:06:23.012"/>
</kw>
<kw name="Call Method" library="BuiltIn">
<arg>${options}</arg>
<arg>add_argument</arg>
<arg>--disable-extensions</arg>
<doc>Calls the named method of the given object with the provided arguments.</doc>
<status status="PASS" starttime="20240304 16:06:23.012" endtime="20240304 16:06:23.012"/>
</kw>
<kw name="Call Method" library="BuiltIn">
<arg>${options}</arg>
<arg>add_argument</arg>
<arg>--no-sandbox</arg>
<doc>Calls the named method of the given object with the provided arguments.</doc>
<status status="PASS" starttime="20240304 16:06:23.012" endtime="20240304 16:06:23.012"/>
</kw>
<kw name="Call Method" library="BuiltIn">
<arg>${options}</arg>
<arg>add_argument</arg>
<arg>--start-maximized</arg>
<doc>Calls the named method of the given object with the provided arguments.</doc>
<status status="PASS" starttime="20240304 16:06:23.013" endtime="20240304 16:06:23.013"/>
</kw>
<kw name="Open Browser" library="SeleniumLibrary">
<arg>https://pre.bonp.me//member</arg>
<arg>browser=chrome</arg>
<arg>options=${options}</arg>
<arg>executable_path=${chromedriver_path}</arg>
<doc>Opens a new browser instance to the optional ``url``.</doc>
<msg timestamp="20240304 16:06:23.014" level="INFO">Opening browser 'chrome' to base url 'https://pre.bonp.me//member'.</msg>
<status status="PASS" starttime="20240304 16:06:23.013" endtime="20240304 16:06:28.776"/>
</kw>
<kw name="Set Selenium Implicit Wait" library="SeleniumLibrary">
<arg>15s</arg>
<doc>Sets the implicit wait value used by Selenium.</doc>
<status status="PASS" starttime="20240304 16:06:28.777" endtime="20240304 16:06:28.790"/>
</kw>
<status status="PASS" starttime="20240304 16:06:21.723" endtime="20240304 16:06:28.790"/>
</kw>
<kw name="Set Variable" library="BuiltIn">
<var>${my_item_textarea_locator}</var>
<arg>(//textarea[@class='msg with-emoticon'])[3]</arg>
<doc>Returns the given values which can then be assigned to a variables.</doc>
<msg timestamp="20240304 16:06:28.791" level="INFO">${my_item_textarea_locator} = (//textarea[@class='msg with-emoticon'])[3]</msg>
<status status="PASS" starttime="20240304 16:06:28.791" endtime="20240304 16:06:28.791"/>
</kw>
<kw name="Login" library="Keywords">
<arg>${credentials}[email]</arg>
<arg>${credentials}[password]</arg>
<kw name="Go To" library="SeleniumLibrary">
<arg>${environment}</arg>
<doc>Navigates the current browser window to the provided ``url``.</doc>
<msg timestamp="20240304 16:06:28.792" level="INFO">Opening url 'https://pre.bonp.me//member'</msg>
<status status="PASS" starttime="20240304 16:06:28.792" endtime="20240304 16:06:36.378"/>
</kw>
<kw name="Wait Until Element Is Visible and Enabled" library="Keywords">
<arg>${email_input}</arg>
<kw name="Wait Until Element Is Visible" library="SeleniumLibrary">
<arg>${locator}</arg>
<arg>timeout=${timeout}</arg>
<doc>Waits until the element ``locator`` is visible.</doc>
<status status="PASS" starttime="20240304 16:06:36.380" endtime="20240304 16:06:36.415"/>
</kw>
<kw name="Wait Until Element Is Enabled" library="SeleniumLibrary">
<arg>${locator}</arg>
<arg>timeout=${timeout}</arg>
<doc>Waits until the element ``locator`` is enabled.</doc>
<status status="PASS" starttime="20240304 16:06:36.415" endtime="20240304 16:06:36.444"/>
</kw>
<status status="PASS" starttime="20240304 16:06:36.379" endtime="20240304 16:06:36.444"/>
</kw>
<kw name="Input Text" library="SeleniumLibrary">
<arg>${email_input}</arg>
<arg>${username}</arg>
<doc>Types the given ``text`` into the text field identified by ``locator``.</doc>
<msg timestamp="20240304 16:06:36.445" level="INFO">Typing text 'alexandra@evolany.com' into text field '//input[@name='email']'.</msg>
<status status="PASS" starttime="20240304 16:06:36.445" endtime="20240304 16:06:36.586"/>
</kw>
<kw name="Wait Until Element Is Visible and Enabled" library="Keywords">
<arg>${pass_input}</arg>
<kw name="Wait Until Element Is Visible" library="SeleniumLibrary">
<arg>${locator}</arg>
<arg>timeout=${timeout}</arg>
<doc>Waits until the element ``locator`` is visible.</doc>
<status status="PASS" starttime="20240304 16:06:36.587" endtime="20240304 16:06:36.611"/>
</kw>
<kw name="Wait Until Element Is Enabled" library="SeleniumLibrary">
<arg>${locator}</arg>
<arg>timeout=${timeout}</arg>
<doc>Waits until the element ``locator`` is enabled.</doc>
<status status="PASS" starttime="20240304 16:06:36.612" endtime="20240304 16:06:36.640"/>
</kw>
<status status="PASS" starttime="20240304 16:06:36.586" endtime="20240304 16:06:36.640"/>
</kw>
<kw name="Input Text" library="SeleniumLibrary">
<arg>${pass_input}</arg>
<arg>${password}</arg>
<doc>Types the given ``text`` into the text field identified by ``locator``.</doc>
<msg timestamp="20240304 16:06:36.642" level="INFO">Typing text '221373897221373897qW!1' into text field '//input[@name='pass']'.</msg>
<status status="PASS" starttime="20240304 16:06:36.641" endtime="20240304 16:06:36.750"/>
</kw>
<kw name="Wait Until Element Is Visible and Enabled" library="Keywords">
<arg>${submit_button}</arg>
<kw name="Wait Until Element Is Visible" library="SeleniumLibrary">
<arg>${locator}</arg>
<arg>timeout=${timeout}</arg>
<doc>Waits until the element ``locator`` is visible.</doc>
<status status="PASS" starttime="20240304 16:06:36.751" endtime="20240304 16:06:36.772"/>
</kw>
<kw name="Wait Until Element Is Enabled" library="SeleniumLibrary">
<arg>${locator}</arg>
<arg>timeout=${timeout}</arg>
<doc>Waits until the element ``locator`` is enabled.</doc>
<status status="PASS" starttime="20240304 16:06:36.772" endtime="20240304 16:06:36.795"/>
</kw>
<status status="PASS" starttime="20240304 16:06:36.751" endtime="20240304 16:06:36.795"/>
</kw>
<kw name="Click Button" library="SeleniumLibrary">
<arg>${submit_button}</arg>
<doc>Clicks the button identified by ``locator``.</doc>
<msg timestamp="20240304 16:06:36.796" level="INFO">Clicking button '//button[@type='text']'.</msg>
<status status="PASS" starttime="20240304 16:06:36.795" endtime="20240304 16:06:36.852"/>
</kw>
<status status="PASS" starttime="20240304 16:06:28.791" endtime="20240304 16:06:36.852"/>
</kw>
<kw name="Open Specified Bot" library="Keywords">
<arg>${bot_names_list}</arg>
<arg>${my_api10_bot_name}</arg>
<kw name="Wait Until Element Is Visible and Enabled" library="Keywords">
<arg>${table_locator}</arg>
<kw name="Wait Until Element Is Visible" library="SeleniumLibrary">
<arg>${locator}</arg>
<arg>timeout=${timeout}</arg>
<doc>Waits until the element ``locator`` is visible.</doc>
<status status="PASS" starttime="20240304 16:06:36.854" endtime="20240304 16:06:39.834"/>
</kw>
<kw name="Wait Until Element Is Enabled" library="SeleniumLibrary">
<arg>${locator}</arg>
<arg>timeout=${timeout}</arg>
<doc>Waits until the element ``locator`` is enabled.</doc>
<status status="PASS" starttime="20240304 16:06:39.834" endtime="20240304 16:06:39.865"/>
</kw>
<status status="PASS" starttime="20240304 16:06:36.853" endtime="20240304 16:06:39.866"/>
</kw>
<kw name="Get WebElements" library="SeleniumLibrary">
<var>${table_elements}</var>
<arg>${table_locator}//td</arg>
<doc>Returns a list of WebElement objects matching the ``locator``.</doc>
<msg timestamp="20240304 16:06:40.209" level="INFO">${table_elements} = [&lt;selenium.webdriver.remote.webelement.WebElement (session="5016b0d8cb32cec71661cd90ec95692d", element="f.B7A293129063344FFBD63A44E8618D35.d.AEC42D830F2276CE23CD32442A37C6C1.e.716")&gt;, &lt;selenium.webdri...</msg>
<status status="PASS" starttime="20240304 16:06:39.866" endtime="20240304 16:06:40.210"/>
</kw>
<for flavor="IN">
<var>${cell_element}</var>
<value>@{table_elements}</value>
<iter>
<var name="${cell_element}">&lt;selenium.webdriver.remote.webelement.WebElement (session="5016b0d8cb32cec71661cd90ec95692d", element="f.B7A293129063344FFBD63A44E8618D35.d.AEC42D830F2276CE23CD32442A37C6C1.e.716")&gt;</var>
<kw name="Get Text" library="SeleniumLibrary">
<var>${cell_text}</var>
<arg>${cell_element}</arg>
<doc>Returns the text value of the element identified by ``locator``.</doc>
<msg timestamp="20240304 16:06:40.225" level="INFO">${cell_text} = 1165</msg>
<status status="PASS" starttime="20240304 16:06:40.210" endtime="20240304 16:06:40.226"/>
</kw>
<kw name="Run Keyword If" library="BuiltIn">
<arg>'${target_text}' in '${cell_text}'</arg>
<arg>Click Element</arg>
<arg>${cell_element}</arg>
<doc>Runs the given keyword with the given arguments, if ``condition`` is true.</doc>
<status status="PASS" starttime="20240304 16:06:40.226" endtime="20240304 16:06:40.226"/>
</kw>
<kw name="Exit For Loop If" library="BuiltIn">
<arg>'${target_text}' in '${cell_text}'</arg>
<doc>Stops executing the enclosing FOR loop if the ``condition`` is true.</doc>
<status status="PASS" starttime="20240304 16:06:40.227" endtime="20240304 16:06:40.227"/>
</kw>
<status status="PASS" starttime="20240304 16:06:40.210" endtime="20240304 16:06:40.227"/>
</iter>
<iter>
<var name="${cell_element}">&lt;selenium.webdriver.remote.webelement.WebElement (session="5016b0d8cb32cec71661cd90ec95692d", element="f.B7A293129063344FFBD63A44E8618D35.d.AEC42D830F2276CE23CD32442A37C6C1.e.718")&gt;</var>
<kw name="Get Text" library="SeleniumLibrary">
<var>${cell_text}</var>
<arg>${cell_element}</arg>
<doc>Returns the text value of the element identified by ``locator``.</doc>
<msg timestamp="20240304 16:06:40.238" level="INFO">${cell_text} = test2</msg>
<status status="PASS" starttime="20240304 16:06:40.228" endtime="20240304 16:06:40.238"/>
</kw>
<kw name="Run Keyword If" library="BuiltIn">
<arg>'${target_text}' in '${cell_text}'</arg>
<arg>Click Element</arg>
<arg>${cell_element}</arg>
<doc>Runs the given keyword with the given arguments, if ``condition`` is true.</doc>
<status status="PASS" starttime="20240304 16:06:40.238" endtime="20240304 16:06:40.239"/>
</kw>
<kw name="Exit For Loop If" library="BuiltIn">
<arg>'${target_text}' in '${cell_text}'</arg>
<doc>Stops executing the enclosing FOR loop if the ``condition`` is true.</doc>
<status status="PASS" starttime="20240304 16:06:40.239" endtime="20240304 16:06:40.239"/>
</kw>
<status status="PASS" starttime="20240304 16:06:40.227" endtime="20240304 16:06:40.239"/>
</iter>
<iter>
<var name="${cell_element}">&lt;selenium.webdriver.remote.webelement.WebElement (session="5016b0d8cb32cec71661cd90ec95692d", element="f.B7A293129063344FFBD63A44E8618D35.d.AEC42D830F2276CE23CD32442A37C6C1.e.720")&gt;</var>
<kw name="Get Text" library="SeleniumLibrary">
<var>${cell_text}</var>
<arg>${cell_element}</arg>
<doc>Returns the text value of the element identified by ``locator``.</doc>
<msg timestamp="20240304 16:06:40.251" level="INFO">${cell_text} = Alexandra</msg>
<status status="PASS" starttime="20240304 16:06:40.240" endtime="20240304 16:06:40.251"/>
</kw>
<kw name="Run Keyword If" library="BuiltIn">
<arg>'${target_text}' in '${cell_text}'</arg>
<arg>Click Element</arg>
<arg>${cell_element}</arg>
<doc>Runs the given keyword with the given arguments, if ``condition`` is true.</doc>
<status status="PASS" starttime="20240304 16:06:40.251" endtime="20240304 16:06:40.252"/>
</kw>
<kw name="Exit For Loop If" library="BuiltIn">
<arg>'${target_text}' in '${cell_text}'</arg>
<doc>Stops executing the enclosing FOR loop if the ``condition`` is true.</doc>
<status status="PASS" starttime="20240304 16:06:40.252" endtime="20240304 16:06:40.252"/>
</kw>
<status status="PASS" starttime="20240304 16:06:40.240" endtime="20240304 16:06:40.252"/>
</iter>
<iter>
<var name="${cell_element}">&lt;selenium.webdriver.remote.webelement.WebElement (session="5016b0d8cb32cec71661cd90ec95692d", element="f.B7A293129063344FFBD63A44E8618D35.d.AEC42D830F2276CE23CD32442A37C6C1.e.722")&gt;</var>
<kw name="Get Text" library="SeleniumLibrary">
<var>${cell_text}</var>
<arg>${cell_element}</arg>
<doc>Returns the text value of the element identified by ``locator``.</doc>
<msg timestamp="20240304 16:06:40.262" level="INFO">${cell_text} = pro</msg>
<status status="PASS" starttime="20240304 16:06:40.253" endtime="20240304 16:06:40.262"/>
</kw>
<kw name="Run Keyword If" library="BuiltIn">
<arg>'${target_text}' in '${cell_text}'</arg>
<arg>Click Element</arg>
<arg>${cell_element}</arg>
<doc>Runs the given keyword with the given arguments, if ``condition`` is true.</doc>
<status status="PASS" starttime="20240304 16:06:40.262" endtime="20240304 16:06:40.262"/>
</kw>
<kw name="Exit For Loop If" library="BuiltIn">
<arg>'${target_text}' in '${cell_text}'</arg>
<doc>Stops executing the enclosing FOR loop if the ``condition`` is true.</doc>
<status status="PASS" starttime="20240304 16:06:40.263" endtime="20240304 16:06:40.263"/>
</kw>
<status status="PASS" starttime="20240304 16:06:40.253" endtime="20240304 16:06:40.263"/>
</iter>
<iter>
<var name="${cell_element}">&lt;selenium.webdriver.remote.webelement.WebElement (session="5016b0d8cb32cec71661cd90ec95692d", element="f.B7A293129063344FFBD63A44E8618D35.d.AEC42D830F2276CE23CD32442A37C6C1.e.724")&gt;</var>
<kw name="Get Text" library="SeleniumLibrary">
<var>${cell_text}</var>
<arg>${cell_element}</arg>
<doc>Returns the text value of the element identified by ``locator``.</doc>
<msg timestamp="20240304 16:06:40.272" level="INFO">${cell_text} = 0</msg>
<status status="PASS" starttime="20240304 16:06:40.264" endtime="20240304 16:06:40.273"/>
</kw>
<kw name="Run Keyword If" library="BuiltIn">
<arg>'${target_text}' in '${cell_text}'</arg>
<arg>Click Element</arg>
<arg>${cell_element}</arg>
<doc>Runs the given keyword with the given arguments, if ``condition`` is true.</doc>
<status status="PASS" starttime="20240304 16:06:40.273" endtime="20240304 16:06:40.273"/>
</kw>
<kw name="Exit For Loop If" library="BuiltIn">
<arg>'${target_text}' in '${cell_text}'</arg>
<doc>Stops executing the enclosing FOR loop if the ``condition`` is true.</doc>
<status status="PASS" starttime="20240304 16:06:40.274" endtime="20240304 16:06:40.274"/>
</kw>
<status status="PASS" starttime="20240304 16:06:40.263" endtime="20240304 16:06:40.274"/>
</iter>
<iter>
<var name="${cell_element}">&lt;selenium.webdriver.remote.webelement.WebElement (session="5016b0d8cb32cec71661cd90ec95692d", element="f.B7A293129063344FFBD63A44E8618D35.d.AEC42D830F2276CE23CD32442A37C6C1.e.726")&gt;</var>
<kw name="Get Text" library="SeleniumLibrary">
<var>${cell_text}</var>
<arg>${cell_element}</arg>
<doc>Returns the text value of the element identified by ``locator``.</doc>
<msg timestamp="20240304 16:06:40.284" level="INFO">${cell_text} = Alexandra</msg>
<status status="PASS" starttime="20240304 16:06:40.275" endtime="20240304 16:06:40.284"/>
</kw>
<kw name="Run Keyword If" library="BuiltIn">
<arg>'${target_text}' in '${cell_text}'</arg>
<arg>Click Element</arg>
<arg>${cell_element}</arg>
<doc>Runs the given keyword with the given arguments, if ``condition`` is true.</doc>
<status status="PASS" starttime="20240304 16:06:40.284" endtime="20240304 16:06:40.285"/>
</kw>
<kw name="Exit For Loop If" library="BuiltIn">
<arg>'${target_text}' in '${cell_text}'</arg>
<doc>Stops executing the enclosing FOR loop if the ``condition`` is true.</doc>
<status status="PASS" starttime="20240304 16:06:40.285" endtime="20240304 16:06:40.285"/>
</kw>
<status status="PASS" starttime="20240304 16:06:40.275" endtime="20240304 16:06:40.285"/>
</iter>
<iter>
<var name="${cell_element}">&lt;selenium.webdriver.remote.webelement.WebElement (session="5016b0d8cb32cec71661cd90ec95692d", element="f.B7A293129063344FFBD63A44E8618D35.d.AEC42D830F2276CE23CD32442A37C6C1.e.728")&gt;</var>
<kw name="Get Text" library="SeleniumLibrary">
<var>${cell_text}</var>
<arg>${cell_element}</arg>
<doc>Returns the text value of the element identified by ``locator``.</doc>
<msg timestamp="20240304 16:06:40.295" level="INFO">${cell_text} = 2024-03-01</msg>
<status status="PASS" starttime="20240304 16:06:40.286" endtime="20240304 16:06:40.295"/>
</kw>
<kw name="Run Keyword If" library="BuiltIn">
<arg>'${target_text}' in '${cell_text}'</arg>
<arg>Click Element</arg>
<arg>${cell_element}</arg>
<doc>Runs the given keyword with the given arguments, if ``condition`` is true.</doc>
<status status="PASS" starttime="20240304 16:06:40.295" endtime="20240304 16:06:40.296"/>
</kw>
<kw name="Exit For Loop If" library="BuiltIn">
<arg>'${target_text}' in '${cell_text}'</arg>
<doc>Stops executing the enclosing FOR loop if the ``condition`` is true.</doc>
<status status="PASS" starttime="20240304 16:06:40.296" endtime="20240304 16:06:40.296"/>
</kw>
<status status="PASS" starttime="20240304 16:06:40.286" endtime="20240304 16:06:40.296"/>
</iter>
<iter>
<var name="${cell_element}">&lt;selenium.webdriver.remote.webelement.WebElement (session="5016b0d8cb32cec71661cd90ec95692d", element="f.B7A293129063344FFBD63A44E8618D35.d.AEC42D830F2276CE23CD32442A37C6C1.e.730")&gt;</var>
<kw name="Get Text" library="SeleniumLibrary">
<var>${cell_text}</var>
<arg>${cell_element}</arg>
<doc>Returns the text value of the element identified by ``locator``.</doc>
<msg timestamp="20240304 16:06:40.307" level="INFO">${cell_text} = 2024-03-01</msg>
<status status="PASS" starttime="20240304 16:06:40.297" endtime="20240304 16:06:40.307"/>
</kw>
<kw name="Run Keyword If" library="BuiltIn">
<arg>'${target_text}' in '${cell_text}'</arg>
<arg>Click Element</arg>
<arg>${cell_element}</arg>
<doc>Runs the given keyword with the given arguments, if ``condition`` is true.</doc>
<status status="PASS" starttime="20240304 16:06:40.307" endtime="20240304 16:06:40.308"/>
</kw>
<kw name="Exit For Loop If" library="BuiltIn">
<arg>'${target_text}' in '${cell_text}'</arg>
<doc>Stops executing the enclosing FOR loop if the ``condition`` is true.</doc>
<status status="PASS" starttime="20240304 16:06:40.308" endtime="20240304 16:06:40.309"/>
</kw>
<status status="PASS" starttime="20240304 16:06:40.297" endtime="20240304 16:06:40.309"/>
</iter>
<iter>
<var name="${cell_element}">&lt;selenium.webdriver.remote.webelement.WebElement (session="5016b0d8cb32cec71661cd90ec95692d", element="f.B7A293129063344FFBD63A44E8618D35.d.AEC42D830F2276CE23CD32442A37C6C1.e.736")&gt;</var>
<kw name="Get Text" library="SeleniumLibrary">
<var>${cell_text}</var>
<arg>${cell_element}</arg>
<doc>Returns the text value of the element identified by ``locator``.</doc>
<msg timestamp="20240304 16:06:40.320" level="INFO">${cell_text} = </msg>
<status status="PASS" starttime="20240304 16:06:40.309" endtime="20240304 16:06:40.320"/>
</kw>
<kw name="Run Keyword If" library="BuiltIn">
<arg>'${target_text}' in '${cell_text}'</arg>
<arg>Click Element</arg>
<arg>${cell_element}</arg>
<doc>Runs the given keyword with the given arguments, if ``condition`` is true.</doc>
<status status="PASS" starttime="20240304 16:06:40.320" endtime="20240304 16:06:40.321"/>
</kw>
<kw name="Exit For Loop If" library="BuiltIn">
<arg>'${target_text}' in '${cell_text}'</arg>
<doc>Stops executing the enclosing FOR loop if the ``condition`` is true.</doc>
<status status="PASS" starttime="20240304 16:06:40.321" endtime="20240304 16:06:40.321"/>
</kw>
<status status="PASS" starttime="20240304 16:06:40.309" endtime="20240304 16:06:40.321"/>
</iter>
<iter>
<var name="${cell_element}">&lt;selenium.webdriver.remote.webelement.WebElement (session="5016b0d8cb32cec71661cd90ec95692d", element="f.B7A293129063344FFBD63A44E8618D35.d.AEC42D830F2276CE23CD32442A37C6C1.e.693")&gt;</var>
<kw name="Get Text" library="SeleniumLibrary">
<var>${cell_text}</var>
<arg>${cell_element}</arg>
<doc>Returns the text value of the element identified by ``locator``.</doc>
<msg timestamp="20240304 16:06:40.337" level="INFO">${cell_text} = 1164</msg>
<status status="PASS" starttime="20240304 16:06:40.322" endtime="20240304 16:06:40.337"/>
</kw>
<kw name="Run Keyword If" library="BuiltIn">
<arg>'${target_text}' in '${cell_text}'</arg>
<arg>Click Element</arg>
<arg>${cell_element}</arg>
<doc>Runs the given keyword with the given arguments, if ``condition`` is true.</doc>
<status status="PASS" starttime="20240304 16:06:40.337" endtime="20240304 16:06:40.338"/>
</kw>
<kw name="Exit For Loop If" library="BuiltIn">
<arg>'${target_text}' in '${cell_text}'</arg>
<doc>Stops executing the enclosing FOR loop if the ``condition`` is true.</doc>
<status status="PASS" starttime="20240304 16:06:40.338" endtime="20240304 16:06:40.338"/>
</kw>
<status status="PASS" starttime="20240304 16:06:40.322" endtime="20240304 16:06:40.339"/>
</iter>
<iter>
<var name="${cell_element}">&lt;selenium.webdriver.remote.webelement.WebElement (session="5016b0d8cb32cec71661cd90ec95692d", element="f.B7A293129063344FFBD63A44E8618D35.d.AEC42D830F2276CE23CD32442A37C6C1.e.695")&gt;</var>
<kw name="Get Text" library="SeleniumLibrary">
<var>${cell_text}</var>
<arg>${cell_element}</arg>
<doc>Returns the text value of the element identified by ``locator``.</doc>
<msg timestamp="20240304 16:06:40.350" level="INFO">${cell_text} = test1</msg>
<status status="PASS" starttime="20240304 16:06:40.339" endtime="20240304 16:06:40.350"/>
</kw>
<kw name="Run Keyword If" library="BuiltIn">
<arg>'${target_text}' in '${cell_text}'</arg>
<arg>Click Element</arg>
<arg>${cell_element}</arg>
<doc>Runs the given keyword with the given arguments, if ``condition`` is true.</doc>
<kw name="Click Element" library="SeleniumLibrary">
<arg>${cell_element}</arg>
<doc>Click the element identified by ``locator``.</doc>
<msg timestamp="20240304 16:06:40.351" level="INFO">Clicking element '&lt;selenium.webdriver.remote.webelement.WebElement (session="5016b0d8cb32cec71661cd90ec95692d", element="f.B7A293129063344FFBD63A44E8618D35.d.AEC42D830F2276CE23CD32442A37C6C1.e.695")&gt;'.</msg>
<status status="PASS" starttime="20240304 16:06:40.351" endtime="20240304 16:06:40.397"/>
</kw>
<status status="PASS" starttime="20240304 16:06:40.350" endtime="20240304 16:06:40.398"/>
</kw>
<kw name="Exit For Loop If" library="BuiltIn">
<arg>'${target_text}' in '${cell_text}'</arg>
<doc>Stops executing the enclosing FOR loop if the ``condition`` is true.</doc>
<msg timestamp="20240304 16:06:40.399" level="INFO">Exiting for loop altogether.</msg>
<status status="PASS" starttime="20240304 16:06:40.398" endtime="20240304 16:06:40.399"/>
</kw>
<status status="PASS" starttime="20240304 16:06:40.339" endtime="20240304 16:06:40.399"/>
</iter>
<status status="PASS" starttime="20240304 16:06:40.210" endtime="20240304 16:06:40.399"/>
</for>
<kw name="Wait Until Page Does Not Contain Element" library="SeleniumLibrary">
<arg>${loader_screen}</arg>
<arg>timeout=30s</arg>
<doc>Waits until the element ``locator`` disappears from the current page.</doc>
<status status="PASS" starttime="20240304 16:06:40.400" endtime="20240304 16:06:57.769"/>
</kw>
<status status="PASS" starttime="20240304 16:06:36.853" endtime="20240304 16:06:57.769"/>
</kw>
<kw name="Go To Chatflow Tab" library="Keywords">
<kw name="Click Element" library="SeleniumLibrary">
<arg>${chatflow_tab}</arg>
<doc>Click the element identified by ``locator``.</doc>
<msg timestamp="20240304 16:06:57.770" level="INFO">Clicking element '//dd[@name='navi-flow']'.</msg>
<status status="PASS" starttime="20240304 16:06:57.770" endtime="20240304 16:06:57.835"/>
</kw>
<kw name="Wait Until Element Is Visible and Enabled" library="Keywords">
<arg>${add_new_group}</arg>
<kw name="Wait Until Element Is Visible" library="SeleniumLibrary">
<arg>${locator}</arg>
<arg>timeout=${timeout}</arg>
<doc>Waits until the element ``locator`` is visible.</doc>
<status status="PASS" starttime="20240304 16:06:57.836" endtime="20240304 16:06:57.857"/>
</kw>
<kw name="Wait Until Element Is Enabled" library="SeleniumLibrary">
<arg>${locator}</arg>
<arg>timeout=${timeout}</arg>
<doc>Waits until the element ``locator`` is enabled.</doc>
<status status="PASS" starttime="20240304 16:06:57.857" endtime="20240304 16:06:57.883"/>
</kw>
<status status="PASS" starttime="20240304 16:06:57.835" endtime="20240304 16:06:57.883"/>
</kw>
<status status="PASS" starttime="20240304 16:06:57.769" endtime="20240304 16:06:57.883"/>
</kw>
<kw name="Select group and chatflow item" library="Keywords">
<arg>${booking}</arg>
<arg>${booking_reminder}</arg>
<kw name="Click Element" library="SeleniumLibrary">
<arg>${my_group_locator}</arg>
<doc>Click the element identified by ``locator``.</doc>
<msg timestamp="20240304 16:06:57.884" level="INFO">Clicking element '//h5[normalize-space()='booking']'.</msg>
<status status="PASS" starttime="20240304 16:06:57.884" endtime="20240304 16:06:58.161"/>
</kw>
<kw name="Click Element" library="SeleniumLibrary">
<arg>${my_item_locator}</arg>
<doc>Click the element identified by ``locator``.</doc>
<msg timestamp="20240304 16:06:58.162" level="INFO">Clicking element '//h5[normalize-space()='booking_reminder']'.</msg>
<status status="PASS" starttime="20240304 16:06:58.161" endtime="20240304 16:06:58.251"/>
</kw>
<status status="PASS" starttime="20240304 16:06:57.883" endtime="20240304 16:06:58.252"/>
</kw>
<kw name="Enter Multiline Chatflow Item Text" library="Keywords">
<arg>${my_item_textarea_locator}</arg>
<kw name="Set Variable" library="BuiltIn">
<var>${user_rms_start_datetime}</var>
<arg>${user.rms_start_datetime}</arg>
<doc>Returns the given values which can then be assigned to a variables.</doc>
<msg timestamp="20240304 16:06:58.256" level="FAIL">Resolving variable '${user.rms_start_datetime}' failed: Variable '${user}' not found. Did you mean:
    ${users_tab}</msg>
<status status="FAIL" starttime="20240304 16:06:58.252" endtime="20240304 16:06:58.257"/>
</kw>
<kw name="Set Variable" library="BuiltIn">
<var>${user_rms_seats}</var>
<arg>${user.rms_seats}</arg>
<doc>Returns the given values which can then be assigned to a variables.</doc>
<status status="NOT RUN" starttime="20240304 16:06:58.257" endtime="20240304 16:06:58.257"/>
</kw>
<kw name="Catenate" library="BuiltIn">
<var>${text_to_enter}</var>
<arg>SEPARATOR=\\n</arg>
<arg>Booking Reminder:</arg>
<arg>Date &amp; Time: ${user_rms_start_datetime}</arg>
<arg>Seats: ${user_rms_seats}</arg>
<doc>Catenates the given items together and returns the resulted string.</doc>
<status status="NOT RUN" starttime="20240304 16:06:58.257" endtime="20240304 16:06:58.258"/>
</kw>
<kw name="Input Text" library="SeleniumLibrary">
<arg>${my_input}</arg>
<arg>${text_to_enter}</arg>
<doc>Types the given ``text`` into the text field identified by ``locator``.</doc>
<status status="NOT RUN" starttime="20240304 16:06:58.258" endtime="20240304 16:06:58.258"/>
</kw>
<status status="FAIL" starttime="20240304 16:06:58.252" endtime="20240304 16:06:58.258"/>
</kw>
<kw name="Close Browser" library="SeleniumLibrary" type="TEARDOWN">
<doc>Closes the current browser.</doc>
<status status="PASS" starttime="20240304 16:06:58.258" endtime="20240304 16:07:00.572"/>
</kw>
<doc>This test sets up a booking_reminder chatflow item.</doc>
<tag>API1.0</tag>
<tag>AppTab</tag>
<tag>Booking</tag>
<tag>Regression</tag>
<status status="FAIL" starttime="20240304 16:06:21.722" endtime="20240304 16:07:00.572">Resolving variable '${user.rms_start_datetime}' failed: Variable '${user}' not found. Did you mean:
    ${users_tab}</status>
</test>
<status status="FAIL" starttime="20240304 16:06:21.032" endtime="20240304 16:07:00.573"/>
</suite>
<statistics>
<total>
<stat pass="0" fail="1" skip="0">All Tests</stat>
</total>
<tag>
<stat pass="0" fail="1" skip="0">API1.0</stat>
<stat pass="0" fail="1" skip="0">AppTab</stat>
<stat pass="0" fail="1" skip="0">Booking</stat>
<stat pass="0" fail="1" skip="0">Regression</stat>
</tag>
<suite>
<stat pass="0" fail="1" skip="0" id="s1" name="Booking">Booking</stat>
</suite>
</statistics>
<errors>
</errors>
</robot>
