<?xml version="1.0" encoding="UTF-8"?>
<robot generator="Robot 6.1.1 (Python 3.10.10 on win32)" generated="20240530 12:57:00.153" rpa="false" schemaversion="4">
<suite id="s1" name="Group1" source="C:\Users\Professional\PycharmProjects\RobotFramework\tests\Group1.robot">
<test id="s1-t1" name="Upload an image for the image item" line="615">
<kw name="New SetUP" library="Keywords" type="SETUP">
<kw name="Setup Chrome Webdriver" library="driversync">
<var>${driver}</var>
<msg timestamp="20240530 12:57:00.905" level="INFO">====== WebDriver manager ======</msg>
<msg timestamp="20240530 12:57:02.016" level="INFO">Get LATEST chromedriver version for google-chrome</msg>
<msg timestamp="20240530 12:57:02.154" level="INFO">Get LATEST chromedriver version for google-chrome</msg>
<msg timestamp="20240530 12:57:02.277" level="INFO">Driver [C:\Users\Professional\.wdm\drivers\chromedriver\win64\125.0.6422.78\chromedriver-win32/chromedriver.exe] found in cache</msg>
<msg timestamp="20240530 12:57:03.794" level="INFO">&lt;selenium.webdriver.chrome.webdriver.WebDriver (session="22eb22a753b5dbc9f81b7c33b7de65f7")&gt;</msg>
<msg timestamp="20240530 12:57:03.794" level="INFO">${driver} = &lt;selenium.webdriver.chrome.webdriver.WebDriver (session="22eb22a753b5dbc9f81b7c33b7de65f7")&gt;</msg>
<status status="PASS" starttime="20240530 12:57:00.905" endtime="20240530 12:57:03.794"/>
</kw>
<kw name="Create Webdriver" library="SeleniumLibrary">
<arg>Chrome</arg>
<arg>options=add_argument(--disable-notifications)</arg>
<arg>options=add_argument(--disable-infobars)</arg>
<arg>options=add_argument(--disable-extensions)</arg>
<arg>options=add_argument(--no-sandbox)</arg>
<arg>options=add_argument(--start-maximized)</arg>
<doc>Creates an instance of Selenium WebDriver.</doc>
<msg timestamp="20240530 12:57:03.795" level="INFO">Creating an instance of the Chrome WebDriver.</msg>
<msg timestamp="20240530 12:57:03.795" level="INFO">Cannot capture screenshot because no browser is open.</msg>
<msg timestamp="20240530 12:57:03.796" level="FAIL">AttributeError: 'str' object has no attribute '_ignore_local_proxy'</msg>
<status status="FAIL" starttime="20240530 12:57:03.794" endtime="20240530 12:57:03.798"/>
</kw>
<kw name="Go To" library="SeleniumLibrary">
<arg>https://pre.bonp.me/member</arg>
<doc>Navigates the current browser window to the provided ``url``.</doc>
<status status="NOT RUN" starttime="20240530 12:57:03.798" endtime="20240530 12:57:03.798"/>
</kw>
<kw name="Set Selenium Implicit Wait" library="SeleniumLibrary">
<arg>15s</arg>
<doc>Sets the implicit wait value used by Selenium.</doc>
<status status="NOT RUN" starttime="20240530 12:57:03.799" endtime="20240530 12:57:03.799"/>
</kw>
<status status="FAIL" starttime="20240530 12:57:00.904" endtime="20240530 12:57:03.799"/>
</kw>
<kw name="Close Browser" library="SeleniumLibrary" type="TEARDOWN">
<doc>Closes the current browser.</doc>
<status status="PASS" starttime="20240530 12:57:03.799" endtime="20240530 12:57:03.800"/>
</kw>
<doc>This test uploades on image by link for "image1" item in the "group1" chatflow.</doc>
<tag>AppTab</tag>
<tag>Regression</tag>
<status status="FAIL" starttime="20240530 12:57:00.902" endtime="20240530 12:57:03.800">Setup failed:
AttributeError: 'str' object has no attribute '_ignore_local_proxy'</status>
</test>
<status status="FAIL" starttime="20240530 12:57:00.156" endtime="20240530 12:57:03.801"/>
</suite>
<statistics>
<total>
<stat pass="0" fail="1" skip="0">All Tests</stat>
</total>
<tag>
<stat pass="0" fail="1" skip="0">AppTab</stat>
<stat pass="0" fail="1" skip="0">Regression</stat>
</tag>
<suite>
<stat pass="0" fail="1" skip="0" id="s1" name="Group1">Group1</stat>
</suite>
</statistics>
<errors>
</errors>
</robot>
