<?xml version="1.0" encoding="UTF-8"?>
<robot generator="Robot 6.1.1 (Python 3.10.10 on win32)" generated="20240531 07:40:13.235" rpa="false" schemaversion="4">
<suite id="s1" name="AddBots" source="C:\Users\Professional\PycharmProjects\RobotFramework\tests\AddBots.robot">
<test id="s1-t1" name="create API1.0 bot" line="8">
<kw name="Setup Chrome Webdriver New" library="Keywords" type="SETUP">
<kw name="Evaluate" library="BuiltIn">
<var>${options}</var>
<arg>sys.modules['selenium.webdriver'].ChromeOptions()</arg>
<arg>sys</arg>
<doc>Evaluates the given expression in Python and returns the result.</doc>
<msg timestamp="20240531 07:40:13.546" level="INFO">${options} = &lt;selenium.webdriver.chrome.options.Options object at 0x000002C8B31F4C40&gt;</msg>
<status status="PASS" starttime="20240531 07:40:13.546" endtime="20240531 07:40:13.548"/>
</kw>
<kw name="Call Method" library="BuiltIn">
<arg>${options}</arg>
<arg>add_argument</arg>
<arg>--disable-notifications</arg>
<doc>Calls the named method of the given object with the provided arguments.</doc>
<status status="PASS" starttime="20240531 07:40:13.548" endtime="20240531 07:40:13.549"/>
</kw>
<kw name="Call Method" library="BuiltIn">
<arg>${options}</arg>
<arg>add_argument</arg>
<arg>--disable-infobars</arg>
<doc>Calls the named method of the given object with the provided arguments.</doc>
<status status="PASS" starttime="20240531 07:40:13.549" endtime="20240531 07:40:13.550"/>
</kw>
<kw name="Call Method" library="BuiltIn">
<arg>${options}</arg>
<arg>add_argument</arg>
<arg>--disable-extensions</arg>
<doc>Calls the named method of the given object with the provided arguments.</doc>
<status status="PASS" starttime="20240531 07:40:13.550" endtime="20240531 07:40:13.550"/>
</kw>
<kw name="Call Method" library="BuiltIn">
<arg>${options}</arg>
<arg>add_argument</arg>
<arg>--no-sandbox</arg>
<doc>Calls the named method of the given object with the provided arguments.</doc>
<status status="PASS" starttime="20240531 07:40:13.550" endtime="20240531 07:40:13.550"/>
</kw>
<kw name="Call Method" library="BuiltIn">
<arg>${options}</arg>
<arg>add_argument</arg>
<arg>--start-maximized</arg>
<doc>Calls the named method of the given object with the provided arguments.</doc>
<status status="PASS" starttime="20240531 07:40:13.550" endtime="20240531 07:40:13.551"/>
</kw>
<kw name="Open Browser" library="SeleniumLibrary">
<arg>https://pre.bonp.me/member</arg>
<arg>browser=chrome</arg>
<arg>options=${options}</arg>
<arg>executable_path=${CHROMEDRIVER_PATH}</arg>
<doc>Opens a new browser instance to the optional ``url``.</doc>
<msg timestamp="20240531 07:40:13.552" level="INFO">Opening browser 'chrome' to base url 'https://pre.bonp.me/member'.</msg>
<status status="PASS" starttime="20240531 07:40:13.551" endtime="20240531 07:40:17.891"/>
</kw>
<kw name="Set Selenium Implicit Wait" library="SeleniumLibrary">
<arg>15s</arg>
<doc>Sets the implicit wait value used by Selenium.</doc>
<status status="PASS" starttime="20240531 07:40:17.892" endtime="20240531 07:40:17.893"/>
</kw>
<status status="PASS" starttime="20240531 07:40:13.545" endtime="20240531 07:40:17.894"/>
</kw>
<kw name="Create List" library="BuiltIn">
<var>${checkbox_values}</var>
<arg>crm</arg>
<arg>events</arg>
<arg>coupons</arg>
<arg>catalog</arg>
<arg>rms</arg>
<arg>chat</arg>
<arg>ec</arg>
<arg>mail</arg>
<arg>stores</arg>
<arg>campaign</arg>
<arg>elgana</arg>
<arg>g_events</arg>
<arg>bot_posts</arg>
<arg>user_logs</arg>
<arg>linepoints</arg>
<arg>sfa_salesforce</arg>
<arg>sfa_hubspot</arg>
<arg>lp</arg>
<arg>stamp_card</arg>
<arg>ms365</arg>
<arg>files</arg>
<doc>Returns a list containing given items.</doc>
<msg timestamp="20240531 07:40:17.895" level="INFO">${checkbox_values} = ['crm', 'events', 'coupons', 'catalog', 'rms', 'chat', 'ec', 'mail', 'stores', 'campaign', 'elgana', 'g_events', 'bot_posts', 'user_logs', 'linepoints', 'sfa_salesforce', 'sfa_hubspot', 'lp', 'stamp_c...</msg>
<status status="PASS" starttime="20240531 07:40:17.894" endtime="20240531 07:40:17.895"/>
</kw>
<kw name="Set Variable" library="BuiltIn">
<var>${my_company_name}</var>
<arg>Evolany Co., Ltd.</arg>
<doc>Returns the given values which can then be assigned to a variables.</doc>
<msg timestamp="20240531 07:40:17.896" level="INFO">${my_company_name} = Evolany Co., Ltd.</msg>
<status status="PASS" starttime="20240531 07:40:17.896" endtime="20240531 07:40:17.896"/>
</kw>
<kw name="Login" library="Keywords">
<arg>${credentials}[email]</arg>
<arg>${credentials}[password]</arg>
<kw name="Go To" library="SeleniumLibrary">
<arg>${environment}</arg>
<doc>Navigates the current browser window to the provided ``url``.</doc>
<msg timestamp="20240531 07:40:17.897" level="INFO">Opening url 'https://pre.bonp.me//member'</msg>
<msg timestamp="20240531 07:40:17.918" level="WARN">Keyword 'Capture Page Screenshot' could not be run on failure: Message: no such window: target window already closed
from unknown error: web view not found
  (Session info: chrome=125.0.6422.113)
Stacktrace:
	GetHandleVerifier [0x00007FF7A9601522+60802]
	(No symbol) [0x00007FF7A957AC22]
	(No symbol) [0x00007FF7A9437CE4]
	(No symbol) [0x00007FF7A940DFDF]
	(No symbol) [0x00007FF7A94B1E57]
	(No symbol) [0x00007FF7A94C98D1]
	(No symbol) [0x00007FF7A94AA923]
	(No symbol) [0x00007FF7A9478FEC]
	(No symbol) [0x00007FF7A9479C21]
	GetHandleVerifier [0x00007FF7A990413D+3217821]
	GetHandleVerifier [0x00007FF7A99460D7+3488055]
	GetHandleVerifier [0x00007FF7A993F05F+3459263]
	GetHandleVerifier [0x00007FF7A96BB866+823494]
	(No symbol) [0x00007FF7A9585FBF]
	(No symbol) [0x00007FF7A9580EE4]
	(No symbol) [0x00007FF7A9581072]
	(No symbol) [0x00007FF7A95718C4]
	BaseThreadInitThunk [0x00007FF9791F7034+20]
	RtlUserThreadStart [0x00007FF979442651+33]
</msg>
<msg timestamp="20240531 07:40:17.918" level="FAIL">NoSuchWindowException: Message: no such window: target window already closed
from unknown error: web view not found
  (Session info: chrome=125.0.6422.113)
Stacktrace:
	GetHandleVerifier [0x00007FF7A9601522+60802]
	(No symbol) [0x00007FF7A957AC22]
	(No symbol) [0x00007FF7A9437CE4]
	(No symbol) [0x00007FF7A940DFDF]
	(No symbol) [0x00007FF7A94B1E57]
	(No symbol) [0x00007FF7A94C98D1]
	(No symbol) [0x00007FF7A94AA923]
	(No symbol) [0x00007FF7A9478FEC]
	(No symbol) [0x00007FF7A9479C21]
	GetHandleVerifier [0x00007FF7A990413D+3217821]
	GetHandleVerifier [0x00007FF7A99460D7+3488055]
	GetHandleVerifier [0x00007FF7A993F05F+3459263]
	GetHandleVerifier [0x00007FF7A96BB866+823494]
	(No symbol) [0x00007FF7A9585FBF]
	(No symbol) [0x00007FF7A9580EE4]
	(No symbol) [0x00007FF7A9581072]
	(No symbol) [0x00007FF7A95718C4]
	BaseThreadInitThunk [0x00007FF9791F7034+20]
	RtlUserThreadStart [0x00007FF979442651+33]
</msg>
<status status="FAIL" starttime="20240531 07:40:17.897" endtime="20240531 07:40:17.921"/>
</kw>
<kw name="Wait Until Element Is Visible and Enabled" library="Keywords">
<arg>${email_input}</arg>
<status status="NOT RUN" starttime="20240531 07:40:17.922" endtime="20240531 07:40:17.922"/>
</kw>
<kw name="Input Text" library="SeleniumLibrary">
<arg>${email_input}</arg>
<arg>${username}</arg>
<doc>Types the given ``text`` into the text field identified by ``locator``.</doc>
<status status="NOT RUN" starttime="20240531 07:40:17.922" endtime="20240531 07:40:17.922"/>
</kw>
<kw name="Wait Until Element Is Visible and Enabled" library="Keywords">
<arg>${pass_input}</arg>
<status status="NOT RUN" starttime="20240531 07:40:17.922" endtime="20240531 07:40:17.923"/>
</kw>
<kw name="Input Text" library="SeleniumLibrary">
<arg>${pass_input}</arg>
<arg>${password}</arg>
<doc>Types the given ``text`` into the text field identified by ``locator``.</doc>
<status status="NOT RUN" starttime="20240531 07:40:17.923" endtime="20240531 07:40:17.923"/>
</kw>
<kw name="Wait Until Element Is Visible and Enabled" library="Keywords">
<arg>${submit_button}</arg>
<status status="NOT RUN" starttime="20240531 07:40:17.923" endtime="20240531 07:40:17.923"/>
</kw>
<kw name="Click Button" library="SeleniumLibrary">
<arg>${submit_button}</arg>
<doc>Clicks the button identified by ``locator``.</doc>
<status status="NOT RUN" starttime="20240531 07:40:17.923" endtime="20240531 07:40:17.923"/>
</kw>
<status status="FAIL" starttime="20240531 07:40:17.896" endtime="20240531 07:40:17.924"/>
</kw>
<kw name="Wait Until Element Is Visible and Enabled" library="Keywords">
<arg>${new_app_button}</arg>
<status status="NOT RUN" starttime="20240531 07:40:17.924" endtime="20240531 07:40:17.924"/>
</kw>
<kw name="Click Button" library="SeleniumLibrary">
<arg>${new_app_button}</arg>
<doc>Clicks the button identified by ``locator``.</doc>
<status status="NOT RUN" starttime="20240531 07:40:17.924" endtime="20240531 07:40:17.924"/>
</kw>
<kw name="Wait Until Element Is Visible and Enabled" library="Keywords">
<arg>${new_bot_name}</arg>
<status status="NOT RUN" starttime="20240531 07:40:17.924" endtime="20240531 07:40:17.924"/>
</kw>
<kw name="Input Text" library="SeleniumLibrary">
<arg>${new_bot_name}</arg>
<arg>${my_api10_bot_name}</arg>
<doc>Types the given ``text`` into the text field identified by ``locator``.</doc>
<status status="NOT RUN" starttime="20240531 07:40:17.924" endtime="20240531 07:40:17.924"/>
</kw>
<for flavor="IN">
<var>${value}</var>
<value>@{checkbox_values}</value>
<iter>
<var name="${value}"/>
<kw name="Run Keyword If" library="BuiltIn">
<arg>'${value}' != 'chatgpt'</arg>
<arg>Click Element</arg>
<arg>//input[@value='${value}']</arg>
<doc>Runs the given keyword with the given arguments, if ``condition`` is true.</doc>
<status status="NOT RUN" starttime="20240531 07:40:17.925" endtime="20240531 07:40:17.925"/>
</kw>
<status status="NOT RUN" starttime="20240531 07:40:17.925" endtime="20240531 07:40:17.925"/>
</iter>
<status status="NOT RUN" starttime="20240531 07:40:17.925" endtime="20240531 07:40:17.925"/>
</for>
<kw name="Select Radio Button" library="SeleniumLibrary">
<arg>plan</arg>
<arg>pro</arg>
<doc>Sets the radio button group ``group_name`` to ``value``.</doc>
<status status="NOT RUN" starttime="20240531 07:40:17.926" endtime="20240531 07:40:17.926"/>
</kw>
<kw name="Select Radio Button" library="SeleniumLibrary">
<arg>apiver</arg>
<arg>1</arg>
<doc>Sets the radio button group ``group_name`` to ``value``.</doc>
<status status="NOT RUN" starttime="20240531 07:40:17.926" endtime="20240531 07:40:17.926"/>
</kw>
<kw name="Wait Until Element Is Visible and Enabled" library="Keywords">
<arg>${company_name_input_field}</arg>
<status status="NOT RUN" starttime="20240531 07:40:17.926" endtime="20240531 07:40:17.926"/>
</kw>
<kw name="Click Element" library="SeleniumLibrary">
<arg>${company_name_input_field}</arg>
<doc>Click the element identified by ``locator``.</doc>
<status status="NOT RUN" starttime="20240531 07:40:17.926" endtime="20240531 07:40:17.926"/>
</kw>
<kw name="Sleep" library="BuiltIn">
<arg>1s</arg>
<doc>Pauses the test executed for the given time.</doc>
<status status="NOT RUN" starttime="20240531 07:40:17.927" endtime="20240531 07:40:17.927"/>
</kw>
<kw name="Input Text" library="SeleniumLibrary">
<arg>${company_name_input_field}</arg>
<arg>${my_company_name}</arg>
<doc>Types the given ``text`` into the text field identified by ``locator``.</doc>
<status status="NOT RUN" starttime="20240531 07:40:17.927" endtime="20240531 07:40:17.927"/>
</kw>
<kw name="Sleep" library="BuiltIn">
<arg>1s</arg>
<doc>Pauses the test executed for the given time.</doc>
<status status="NOT RUN" starttime="20240531 07:40:17.927" endtime="20240531 07:40:17.927"/>
</kw>
<kw name="Wait Until Element Is Visible and Enabled" library="Keywords">
<arg>${company_name_option}</arg>
<status status="NOT RUN" starttime="20240531 07:40:17.927" endtime="20240531 07:40:17.927"/>
</kw>
<kw name="Click Element" library="SeleniumLibrary">
<arg>${company_name_option}</arg>
<doc>Click the element identified by ``locator``.</doc>
<status status="NOT RUN" starttime="20240531 07:40:17.928" endtime="20240531 07:40:17.928"/>
</kw>
<kw name="Wait Until Element Is Visible and Enabled" library="Keywords">
<arg>${save_bot_settings}</arg>
<status status="NOT RUN" starttime="20240531 07:40:17.928" endtime="20240531 07:40:17.928"/>
</kw>
<kw name="Click Button" library="SeleniumLibrary">
<arg>${save_bot_settings}</arg>
<doc>Clicks the button identified by ``locator``.</doc>
<status status="NOT RUN" starttime="20240531 07:40:17.928" endtime="20240531 07:40:17.928"/>
</kw>
<kw name="Wait Until Page Does Not Contain Element" library="SeleniumLibrary">
<arg>${loader_screen}</arg>
<arg>timeout=30s</arg>
<doc>Waits until the element ``locator`` disappears from the current page.</doc>
<status status="NOT RUN" starttime="20240531 07:40:17.928" endtime="20240531 07:40:17.928"/>
</kw>
<kw name="Close Browser" library="SeleniumLibrary" type="TEARDOWN">
<doc>Closes the current browser.</doc>
<status status="PASS" starttime="20240531 07:40:17.929" endtime="20240531 07:40:20.062"/>
</kw>
<doc>This test creates a BR V2 API1.0 bot under Evolany Co., Ltd. company</doc>
<tag>API1.0</tag>
<tag>NewAppPopup</tag>
<tag>Regression</tag>
<tag>Test1</tag>
<tag>Test2</tag>
<status status="FAIL" starttime="20240531 07:40:13.544" endtime="20240531 07:40:20.062">NoSuchWindowException: Message: no such window: target window already closed
from unknown error: web view not found
  (Session info: chrome=125.0.6422.113)
Stacktrace:
	GetHandleVerifier [0x00007FF7A9601522+60802]
	(No symbol) [0x00007FF7A957AC22]
	(No symbol) [0x00007FF7A9437CE4]
	(No symbol) [0x00007FF7A940DFDF]
	(No symbol) [0x00007FF7A94B1E57]
	(No symbol) [0x00007FF7A94C98D1]
	(No symbol) [0x00007FF7A94AA923]
	(No symbol) [0x00007FF7A9478FEC]
	(No symbol) [0x00007FF7A9479C21]
	GetHandleVerifier [0x00007FF7A990413D+3217821]
	GetHandleVerifier [0x00007FF7A99460D7+3488055]
	GetHandleVerifier [0x00007FF7A993F05F+3459263]
	GetHandleVerifier [0x00007FF7A96BB866+823494]
	(No symbol) [0x00007FF7A9585FBF]
	(No symbol) [0x00007FF7A9580EE4]
	(No symbol) [0x00007FF7A9581072]
	(No symbol) [0x00007FF7A95718C4]
	BaseThreadInitThunk [0x00007FF9791F7034+20]
	RtlUserThreadStart [0x00007FF979442651+33]
</status>
</test>
<status status="FAIL" starttime="20240531 07:40:13.236" endtime="20240531 07:40:20.064"/>
</suite>
<statistics>
<total>
<stat pass="0" fail="1" skip="0">All Tests</stat>
</total>
<tag>
<stat pass="0" fail="1" skip="0">API1.0</stat>
<stat pass="0" fail="1" skip="0">NewAppPopup</stat>
<stat pass="0" fail="1" skip="0">Regression</stat>
<stat pass="0" fail="1" skip="0">Test1</stat>
<stat pass="0" fail="1" skip="0">Test2</stat>
</tag>
<suite>
<stat pass="0" fail="1" skip="0" id="s1" name="AddBots">AddBots</stat>
</suite>
</statistics>
<errors>
<msg timestamp="20240531 07:40:17.918" level="WARN">Keyword 'Capture Page Screenshot' could not be run on failure: Message: no such window: target window already closed
from unknown error: web view not found
  (Session info: chrome=125.0.6422.113)
Stacktrace:
	GetHandleVerifier [0x00007FF7A9601522+60802]
	(No symbol) [0x00007FF7A957AC22]
	(No symbol) [0x00007FF7A9437CE4]
	(No symbol) [0x00007FF7A940DFDF]
	(No symbol) [0x00007FF7A94B1E57]
	(No symbol) [0x00007FF7A94C98D1]
	(No symbol) [0x00007FF7A94AA923]
	(No symbol) [0x00007FF7A9478FEC]
	(No symbol) [0x00007FF7A9479C21]
	GetHandleVerifier [0x00007FF7A990413D+3217821]
	GetHandleVerifier [0x00007FF7A99460D7+3488055]
	GetHandleVerifier [0x00007FF7A993F05F+3459263]
	GetHandleVerifier [0x00007FF7A96BB866+823494]
	(No symbol) [0x00007FF7A9585FBF]
	(No symbol) [0x00007FF7A9580EE4]
	(No symbol) [0x00007FF7A9581072]
	(No symbol) [0x00007FF7A95718C4]
	BaseThreadInitThunk [0x00007FF9791F7034+20]
	RtlUserThreadStart [0x00007FF979442651+33]
</msg>
</errors>
</robot>
