<?xml version="1.0" encoding="UTF-8"?>
<robot generator="Robot 6.1.1 (Python 3.10.10 on win32)" generated="20240531 08:43:29.200" rpa="false" schemaversion="4">
<suite id="s1" name="AddBots" source="C:\Users\Professional\PycharmProjects\RobotFramework\tests\AddBots.robot">
<test id="s1-t1" name="create API2.0 bot" line="47">
<kw name="Setup Chrome Webdriver and Access URL" library="Keywords" type="SETUP">
<kw name="Get Chromedriver Path" library="driversync">
<var>${chromedriver_path}</var>
<msg timestamp="20240531 08:43:29.525" level="INFO">====== WebDriver manager ======</msg>
<msg timestamp="20240531 08:43:30.152" level="INFO">Get LATEST chromedriver version for google-chrome</msg>
<msg timestamp="20240531 08:43:30.321" level="INFO">Get LATEST chromedriver version for google-chrome</msg>
<msg timestamp="20240531 08:43:30.429" level="INFO">Driver [C:\Users\Professional\.wdm\drivers\chromedriver\win64\125.0.6422.141\chromedriver-win32/chromedriver.exe] found in cache</msg>
<msg timestamp="20240531 08:43:31.402" level="INFO">====== WebDriver manager ======</msg>
<msg timestamp="20240531 08:43:32.156" level="INFO">Get LATEST chromedriver version for google-chrome</msg>
<msg timestamp="20240531 08:43:32.266" level="INFO">Get LATEST chromedriver version for google-chrome</msg>
<msg timestamp="20240531 08:43:32.390" level="INFO">Driver [C:\Users\Professional\.wdm\drivers\chromedriver\win64\125.0.6422.141\chromedriver-win32/chromedriver.exe] found in cache</msg>
<msg timestamp="20240531 08:43:34.443" level="INFO">${chromedriver_path} = C:\Users\Professional\.wdm\drivers\chromedriver\win64\125.0.6422.141\chromedriver-win32/chromedriver.exe</msg>
<status status="PASS" starttime="20240531 08:43:29.525" endtime="20240531 08:43:34.444"/>
</kw>
<kw name="Evaluate" library="BuiltIn">
<var>${options}</var>
<arg>sys.modules['selenium.webdriver'].ChromeOptions()</arg>
<arg>sys</arg>
<doc>Evaluates the given expression in Python and returns the result.</doc>
<msg timestamp="20240531 08:43:34.444" level="INFO">${options} = &lt;selenium.webdriver.chrome.options.Options object at 0x0000024681F15C60&gt;</msg>
<status status="PASS" starttime="20240531 08:43:34.444" endtime="20240531 08:43:34.444"/>
</kw>
<kw name="Call Method" library="BuiltIn">
<arg>${options}</arg>
<arg>add_argument</arg>
<arg>--disable-notifications</arg>
<doc>Calls the named method of the given object with the provided arguments.</doc>
<status status="PASS" starttime="20240531 08:43:34.445" endtime="20240531 08:43:34.445"/>
</kw>
<kw name="Call Method" library="BuiltIn">
<arg>${options}</arg>
<arg>add_argument</arg>
<arg>--disable-infobars</arg>
<doc>Calls the named method of the given object with the provided arguments.</doc>
<status status="PASS" starttime="20240531 08:43:34.445" endtime="20240531 08:43:34.445"/>
</kw>
<kw name="Call Method" library="BuiltIn">
<arg>${options}</arg>
<arg>add_argument</arg>
<arg>--disable-extensions</arg>
<doc>Calls the named method of the given object with the provided arguments.</doc>
<status status="PASS" starttime="20240531 08:43:34.446" endtime="20240531 08:43:34.446"/>
</kw>
<kw name="Call Method" library="BuiltIn">
<arg>${options}</arg>
<arg>add_argument</arg>
<arg>--no-sandbox</arg>
<doc>Calls the named method of the given object with the provided arguments.</doc>
<status status="PASS" starttime="20240531 08:43:34.446" endtime="20240531 08:43:34.446"/>
</kw>
<kw name="Call Method" library="BuiltIn">
<arg>${options}</arg>
<arg>add_argument</arg>
<arg>--start-maximized</arg>
<doc>Calls the named method of the given object with the provided arguments.</doc>
<status status="PASS" starttime="20240531 08:43:34.446" endtime="20240531 08:43:34.447"/>
</kw>
<kw name="Open Browser" library="SeleniumLibrary">
<arg>https://pre.bonp.me/member</arg>
<arg>browser=chrome</arg>
<arg>options=${options}</arg>
<arg>executable_path=${chromedriver_path}</arg>
<doc>Opens a new browser instance to the optional ``url``.</doc>
<msg timestamp="20240531 08:43:34.448" level="INFO">Opening browser 'chrome' to base url 'https://pre.bonp.me/member'.</msg>
<status status="PASS" starttime="20240531 08:43:34.447" endtime="20240531 08:43:37.833"/>
</kw>
<kw name="Set Selenium Implicit Wait" library="SeleniumLibrary">
<arg>15s</arg>
<doc>Sets the implicit wait value used by Selenium.</doc>
<status status="PASS" starttime="20240531 08:43:37.834" endtime="20240531 08:43:37.836"/>
</kw>
<status status="PASS" starttime="20240531 08:43:29.524" endtime="20240531 08:43:37.837"/>
</kw>
<kw name="Create List" library="BuiltIn">
<var>${checkbox_values}</var>
<arg>crm</arg>
<arg>events</arg>
<arg>coupons</arg>
<arg>catalog</arg>
<arg>rms</arg>
<arg>chat</arg>
<arg>ec</arg>
<arg>mail</arg>
<arg>stores</arg>
<arg>campaign</arg>
<arg>elgana</arg>
<arg>g_events</arg>
<arg>bot_posts</arg>
<arg>user_logs</arg>
<arg>linepoints</arg>
<arg>sfa_salesforce</arg>
<arg>sfa_hubspot</arg>
<arg>lp</arg>
<arg>stamp_card</arg>
<arg>ms365</arg>
<arg>files</arg>
<doc>Returns a list containing given items.</doc>
<msg timestamp="20240531 08:43:37.838" level="INFO">${checkbox_values} = ['crm', 'events', 'coupons', 'catalog', 'rms', 'chat', 'ec', 'mail', 'stores', 'campaign', 'elgana', 'g_events', 'bot_posts', 'user_logs', 'linepoints', 'sfa_salesforce', 'sfa_hubspot', 'lp', 'stamp_c...</msg>
<status status="PASS" starttime="20240531 08:43:37.837" endtime="20240531 08:43:37.838"/>
</kw>
<kw name="Set Variable" library="BuiltIn">
<var>${my_company_name}</var>
<arg>Evolany Co., Ltd.</arg>
<doc>Returns the given values which can then be assigned to a variables.</doc>
<msg timestamp="20240531 08:43:37.840" level="INFO">${my_company_name} = Evolany Co., Ltd.</msg>
<status status="PASS" starttime="20240531 08:43:37.839" endtime="20240531 08:43:37.840"/>
</kw>
<kw name="Login" library="Keywords">
<arg>${credentials}[email]</arg>
<arg>${credentials}[password]</arg>
<kw name="Go To" library="SeleniumLibrary">
<arg>${environment}</arg>
<doc>Navigates the current browser window to the provided ``url``.</doc>
<msg timestamp="20240531 08:43:37.841" level="INFO">Opening url 'https://pre.bonp.me//member'</msg>
<msg timestamp="20240531 08:43:37.866" level="WARN">Keyword 'Capture Page Screenshot' could not be run on failure: Message: no such window: target window already closed
from unknown error: web view not found
  (Session info: chrome=125.0.6422.113)
Stacktrace:
	GetHandleVerifier [0x0026B8E3+45827]
	(No symbol) [0x001FDCC4]
	(No symbol) [0x000F150F]
	(No symbol) [0x000CE133]
	(No symbol) [0x0015949F]
	(No symbol) [0x0016B8E6]
	(No symbol) [0x00152B96]
	(No symbol) [0x00126998]
	(No symbol) [0x0012751D]
	GetHandleVerifier [0x00524513+2899763]
	GetHandleVerifier [0x0057793D+3240797]
	GetHandleVerifier [0x002F13B4+593364]
	GetHandleVerifier [0x002F82DC+621820]
	(No symbol) [0x002070A4]
	(No symbol) [0x002037A8]
	(No symbol) [0x00203947]
	(No symbol) [0x001F59FE]
	BaseThreadInitThunk [0x75E4FA29+25]
	RtlGetAppContainerNamedObjectPath [0x77597A7E+286]
	RtlGetAppContainerNamedObjectPath [0x77597A4E+238]
	(No symbol) [0x00000000]
</msg>
<msg timestamp="20240531 08:43:37.867" level="FAIL">NoSuchWindowException: Message: no such window: target window already closed
from unknown error: web view not found
  (Session info: chrome=125.0.6422.113)
Stacktrace:
	GetHandleVerifier [0x0026B8E3+45827]
	(No symbol) [0x001FDCC4]
	(No symbol) [0x000F150F]
	(No symbol) [0x000CE133]
	(No symbol) [0x0015949F]
	(No symbol) [0x0016B8E6]
	(No symbol) [0x00152B96]
	(No symbol) [0x00126998]
	(No symbol) [0x0012751D]
	GetHandleVerifier [0x00524513+2899763]
	GetHandleVerifier [0x0057793D+3240797]
	GetHandleVerifier [0x002F13B4+593364]
	GetHandleVerifier [0x002F82DC+621820]
	(No symbol) [0x002070A4]
	(No symbol) [0x002037A8]
	(No symbol) [0x00203947]
	(No symbol) [0x001F59FE]
	BaseThreadInitThunk [0x75E4FA29+25]
	RtlGetAppContainerNamedObjectPath [0x77597A7E+286]
	RtlGetAppContainerNamedObjectPath [0x77597A4E+238]
	(No symbol) [0x00000000]
</msg>
<status status="FAIL" starttime="20240531 08:43:37.841" endtime="20240531 08:43:37.871"/>
</kw>
<kw name="Wait Until Element Is Visible and Enabled" library="Keywords">
<arg>${email_input}</arg>
<status status="NOT RUN" starttime="20240531 08:43:37.871" endtime="20240531 08:43:37.871"/>
</kw>
<kw name="Input Text" library="SeleniumLibrary">
<arg>${email_input}</arg>
<arg>${username}</arg>
<doc>Types the given ``text`` into the text field identified by ``locator``.</doc>
<status status="NOT RUN" starttime="20240531 08:43:37.872" endtime="20240531 08:43:37.872"/>
</kw>
<kw name="Wait Until Element Is Visible and Enabled" library="Keywords">
<arg>${pass_input}</arg>
<status status="NOT RUN" starttime="20240531 08:43:37.872" endtime="20240531 08:43:37.872"/>
</kw>
<kw name="Input Text" library="SeleniumLibrary">
<arg>${pass_input}</arg>
<arg>${password}</arg>
<doc>Types the given ``text`` into the text field identified by ``locator``.</doc>
<status status="NOT RUN" starttime="20240531 08:43:37.872" endtime="20240531 08:43:37.872"/>
</kw>
<kw name="Wait Until Element Is Visible and Enabled" library="Keywords">
<arg>${submit_button}</arg>
<status status="NOT RUN" starttime="20240531 08:43:37.873" endtime="20240531 08:43:37.873"/>
</kw>
<kw name="Click Button" library="SeleniumLibrary">
<arg>${submit_button}</arg>
<doc>Clicks the button identified by ``locator``.</doc>
<status status="NOT RUN" starttime="20240531 08:43:37.873" endtime="20240531 08:43:37.873"/>
</kw>
<status status="FAIL" starttime="20240531 08:43:37.841" endtime="20240531 08:43:37.873"/>
</kw>
<kw name="Wait Until Element Is Visible and Enabled" library="Keywords">
<arg>${new_app_button}</arg>
<status status="NOT RUN" starttime="20240531 08:43:37.874" endtime="20240531 08:43:37.874"/>
</kw>
<kw name="Click Button" library="SeleniumLibrary">
<arg>${new_app_button}</arg>
<doc>Clicks the button identified by ``locator``.</doc>
<status status="NOT RUN" starttime="20240531 08:43:37.874" endtime="20240531 08:43:37.875"/>
</kw>
<kw name="Wait Until Element Is Visible and Enabled" library="Keywords">
<arg>${new_bot_name}</arg>
<status status="NOT RUN" starttime="20240531 08:43:37.875" endtime="20240531 08:43:37.875"/>
</kw>
<kw name="Input Text" library="SeleniumLibrary">
<arg>${new_bot_name}</arg>
<arg>${my_api20_bot_name}</arg>
<doc>Types the given ``text`` into the text field identified by ``locator``.</doc>
<status status="NOT RUN" starttime="20240531 08:43:37.876" endtime="20240531 08:43:37.876"/>
</kw>
<for flavor="IN">
<var>${value}</var>
<value>@{checkbox_values}</value>
<iter>
<var name="${value}"/>
<kw name="Run Keyword If" library="BuiltIn">
<arg>'${value}' != 'chatgpt'</arg>
<arg>Click Element</arg>
<arg>//input[@value='${value}']</arg>
<doc>Runs the given keyword with the given arguments, if ``condition`` is true.</doc>
<status status="NOT RUN" starttime="20240531 08:43:37.876" endtime="20240531 08:43:37.876"/>
</kw>
<status status="NOT RUN" starttime="20240531 08:43:37.876" endtime="20240531 08:43:37.877"/>
</iter>
<status status="NOT RUN" starttime="20240531 08:43:37.876" endtime="20240531 08:43:37.877"/>
</for>
<kw name="Select Radio Button" library="SeleniumLibrary">
<arg>plan</arg>
<arg>pro</arg>
<doc>Sets the radio button group ``group_name`` to ``value``.</doc>
<status status="NOT RUN" starttime="20240531 08:43:37.877" endtime="20240531 08:43:37.877"/>
</kw>
<kw name="Select Radio Button" library="SeleniumLibrary">
<arg>apiver</arg>
<arg>2</arg>
<doc>Sets the radio button group ``group_name`` to ``value``.</doc>
<status status="NOT RUN" starttime="20240531 08:43:37.877" endtime="20240531 08:43:37.877"/>
</kw>
<kw name="Wait Until Element Is Visible and Enabled" library="Keywords">
<arg>${company_name_input_field}</arg>
<status status="NOT RUN" starttime="20240531 08:43:37.878" endtime="20240531 08:43:37.878"/>
</kw>
<kw name="Click Element" library="SeleniumLibrary">
<arg>${company_name_input_field}</arg>
<doc>Click the element identified by ``locator``.</doc>
<status status="NOT RUN" starttime="20240531 08:43:37.878" endtime="20240531 08:43:37.878"/>
</kw>
<kw name="Input Text" library="SeleniumLibrary">
<arg>${company_name_input_field}</arg>
<arg>${my_company_name}</arg>
<doc>Types the given ``text`` into the text field identified by ``locator``.</doc>
<status status="NOT RUN" starttime="20240531 08:43:37.878" endtime="20240531 08:43:37.878"/>
</kw>
<kw name="Wait Until Element Is Visible and Enabled" library="Keywords">
<arg>${company_name_option}</arg>
<status status="NOT RUN" starttime="20240531 08:43:37.878" endtime="20240531 08:43:37.879"/>
</kw>
<kw name="Click Element" library="SeleniumLibrary">
<arg>${company_name_option}</arg>
<doc>Click the element identified by ``locator``.</doc>
<status status="NOT RUN" starttime="20240531 08:43:37.879" endtime="20240531 08:43:37.879"/>
</kw>
<kw name="Wait Until Element Is Visible and Enabled" library="Keywords">
<arg>${save_bot_settings}</arg>
<status status="NOT RUN" starttime="20240531 08:43:37.879" endtime="20240531 08:43:37.879"/>
</kw>
<kw name="Click Button" library="SeleniumLibrary">
<arg>${save_bot_settings}</arg>
<doc>Clicks the button identified by ``locator``.</doc>
<status status="NOT RUN" starttime="20240531 08:43:37.880" endtime="20240531 08:43:37.881"/>
</kw>
<kw name="Wait Until Page Does Not Contain Element" library="SeleniumLibrary">
<arg>${loader_screen}</arg>
<arg>timeout=30s</arg>
<doc>Waits until the element ``locator`` disappears from the current page.</doc>
<status status="NOT RUN" starttime="20240531 08:43:37.881" endtime="20240531 08:43:37.881"/>
</kw>
<kw name="Close Browser" library="SeleniumLibrary" type="TEARDOWN">
<doc>Closes the current browser.</doc>
<status status="PASS" starttime="20240531 08:43:37.882" endtime="20240531 08:43:39.992"/>
</kw>
<doc>This test creates a BR V2 API2.0 bot under Evolany Co., Ltd. company</doc>
<tag>API2.0</tag>
<tag>NewAppPopup</tag>
<tag>Regression</tag>
<status status="FAIL" starttime="20240531 08:43:29.524" endtime="20240531 08:43:39.993">NoSuchWindowException: Message: no such window: target window already closed
from unknown error: web view not found
  (Session info: chrome=125.0.6422.113)
Stacktrace:
	GetHandleVerifier [0x0026B8E3+45827]
	(No symbol) [0x001FDCC4]
	(No symbol) [0x000F150F]
	(No symbol) [0x000CE133]
	(No symbol) [0x0015949F]
	(No symbol) [0x0016B8E6]
	(No symbol) [0x00152B96]
	(No symbol) [0x00126998]
	(No symbol) [0x0012751D]
	GetHandleVerifier [0x00524513+2899763]
	GetHandleVerifier [0x0057793D+3240797]
	GetHandleVerifier [0x002F13B4+593364]
	GetHandleVerifier [0x002F82DC+621820]
	(No symbol) [0x002070A4]
	(No symbol) [0x002037A8]
	(No symbol) [0x00203947]
	(No symbol) [0x001F59FE]
	BaseThreadInitThunk [0x75E4FA29+25]
	RtlGetAppContainerNamedObjectPath [0x77597A7E+286]
	RtlGetAppContainerNamedObjectPath [0x77597A4E+238]
	(No symbol) [0x00000000]
</status>
</test>
<status status="FAIL" starttime="20240531 08:43:29.202" endtime="20240531 08:43:39.993"/>
</suite>
<statistics>
<total>
<stat pass="0" fail="1" skip="0">All Tests</stat>
</total>
<tag>
<stat pass="0" fail="1" skip="0">API2.0</stat>
<stat pass="0" fail="1" skip="0">NewAppPopup</stat>
<stat pass="0" fail="1" skip="0">Regression</stat>
</tag>
<suite>
<stat pass="0" fail="1" skip="0" id="s1" name="AddBots">AddBots</stat>
</suite>
</statistics>
<errors>
<msg timestamp="20240531 08:43:37.866" level="WARN">Keyword 'Capture Page Screenshot' could not be run on failure: Message: no such window: target window already closed
from unknown error: web view not found
  (Session info: chrome=125.0.6422.113)
Stacktrace:
	GetHandleVerifier [0x0026B8E3+45827]
	(No symbol) [0x001FDCC4]
	(No symbol) [0x000F150F]
	(No symbol) [0x000CE133]
	(No symbol) [0x0015949F]
	(No symbol) [0x0016B8E6]
	(No symbol) [0x00152B96]
	(No symbol) [0x00126998]
	(No symbol) [0x0012751D]
	GetHandleVerifier [0x00524513+2899763]
	GetHandleVerifier [0x0057793D+3240797]
	GetHandleVerifier [0x002F13B4+593364]
	GetHandleVerifier [0x002F82DC+621820]
	(No symbol) [0x002070A4]
	(No symbol) [0x002037A8]
	(No symbol) [0x00203947]
	(No symbol) [0x001F59FE]
	BaseThreadInitThunk [0x75E4FA29+25]
	RtlGetAppContainerNamedObjectPath [0x77597A7E+286]
	RtlGetAppContainerNamedObjectPath [0x77597A4E+238]
	(No symbol) [0x00000000]
</msg>
</errors>
</robot>
